
VisualSFM 3D reconstruction, begin...
Searching images in the specified folder
0: IMGP9267
image_size:	1024x685
focal_length:	1137.373
#sift count:	0

1: IMGP9268
image_size:	1024x685
focal_length:	1222.676
#sift count:	0

2: IMGP9269
image_size:	1024x685
focal_length:	1222.676
#sift count:	0

3: IMGP9270
image_size:	1024x685
focal_length:	1222.676
#sift count:	0

4: IMGP9271
image_size:	1024x685
focal_length:	1222.676
#sift count:	0

5: IMGP9272
image_size:	1024x685
focal_length:	1222.676
#sift count:	0

6: IMGP9273
image_size:	1024x685
focal_length:	1222.676
#sift count:	0

7: IMGP9274
image_size:	1024x685
focal_length:	1137.373
#sift count:	0

8: IMGP9275
image_size:	1024x685
focal_length:	1137.373
#sift count:	0

9: IMGP9276
image_size:	1024x685
focal_length:	1137.373
#sift count:	0

10: IMGP9277
image_size:	1024x685
focal_length:	1137.373
#sift count:	0

11: IMGP9278
image_size:	1024x685
focal_length:	1393.282
#sift count:	0

12: IMGP9279
image_size:	1024x685
focal_length:	1393.282
#sift count:	0

13: IMGP9280
image_size:	1024x685
focal_length:	1393.282
#sift count:	0

14: IMGP9281
image_size:	1024x685
focal_length:	1393.282
#sift count:	0

**************************************
Pixel data is not loaded in this mode. To 
manually update point color after reconstruction, 
    [SfM->More Functions->Update Point Color]
To manually update all the image thumbnails,  
    [SfM->More Functions->Update Thumbnails]
**************************************
Compute all missing matches
********* WARNING ***********
More than 256MB of graphic memory may be allocated
under the default settings. If the program halts here,
adjust parameters to save memory and rerun the task: 
    [Tools->Enable GPU->Set Maximum DIM]
Note some octaves may be automatically skipped
SIFT: 0000, 1024x685, 	5018, 0.65sec
SIFT: 0001, 1024x685, 	6075, 0.11sec
SIFT: 0002, 1024x685, 	5969, 0.11sec
SIFT: 0003, 1024x685, 	8202, 0.13sec
SIFT: 0004, 1024x685, 	6676, 0.13sec
SIFT: 0005, 1024x685, 	6134, 0.11sec
SIFT: 0006, 1024x685, 	7909, 0.13sec
SIFT: 0007, 1024x685, 	5770, 0.11sec
SIFT: 0008, 1024x685, 	6535, 0.12sec
SIFT: 0009, 1024x685, 	6859, 0.12sec
SIFT: 0010, 1024x685, 	6979, 0.13sec
SIFT: 0011, 1024x685, 	11717, 0.18sec
SIFT: 0012, 1024x685, 	6554, 0.11sec
SIFT: 0013, 1024x685, 	7083, 0.12sec
SIFT: 0014, 1024x685, 	6560, 0.12sec

###########-------timing------#########
15 Feature Detection finished, 3 sec used
#############################

105 pairs to compute match
NOTE: using 3 matching workers
0002 and 0003: 952 matches, 0.25sec, #0
0002 and 0003: [933/952], H[421], 0.01sec
0000 and 0004: 16 matches, 0.09sec, #0
0000 and 0001: 701 matches, 0.35sec, #2
0000 and 0001: [532/701], H[261], 0.00sec
0001 and 0002: 1434 matches, 0.37sec, #1
0001 and 0002: [1422/1434], H[873], 0.01sec
0001 and 0004: 30 matches, 0.11sec, #0
0001 and 0004: [19/30], H[5], 0.01sec
0002 and 0004: 89 matches, 0.11sec, #0
0002 and 0004: [72/89], H[26], 0.02sec
0000 and 0002: 116 matches, 0.32sec, #2
0000 and 0002: [85/116], H[44], 0.01sec
0003 and 0004: 1008 matches, 0.15sec, #0
0003 and 0004: [993/1008], H[622], 0.01sec
0000 and 0003: 32 matches, 0.40sec, #1
0000 and 0003: [16/32], H[9], 0.02sec
0000 and 0005: 25 matches, 0.08sec, #0
0000 and 0005: [15/25], H[9], 0.03sec
0001 and 0005: 35 matches, 0.10sec, #0
0001 and 0005: [15/35], H[8], 0.07sec
0002 and 0005: 27 matches, 0.10sec, #0
0002 and 0005: [15/27], H[9], 0.01sec
0002 and 0006: 21 matches, 0.46sec, #2
0003 and 0005: 78 matches, 0.13sec, #0
0003 and 0005: [64/78], H[14], 0.00sec
0001 and 0003: 157 matches, 0.48sec, #1
0001 and 0003: [144/157], H[35], 0.02sec
0004 and 0005: 1028 matches, 0.10sec, #0
0004 and 0005: [1006/1028], H[437], 0.01sec
0000 and 0006: 27 matches, 0.11sec, #0
0000 and 0006: [10/27], H[5], 0.11sec
0006 and 0007: 814 matches, 0.42sec, #1
0001 and 0006: 22 matches, 0.13sec, #0
0006 and 0007: [790/814], H[281], 0.00sec
0003 and 0006: 20 matches, 0.59sec, #2
0001 and 0009: 83 matches, 0.11sec, #0
0001 and 0009: [73/83], H[54], 0.00sec
0002 and 0009: 80 matches, 0.11sec, #0
0002 and 0009: [66/80], H[57], 0.00sec
0000 and 0008: 75 matches, 0.35sec, #1
0000 and 0008: [63/75], H[31], 0.00sec
0003 and 0009: 140 matches, 0.15sec, #0
0003 and 0009: [116/140], H[65], 0.00sec
0004 and 0009: 44 matches, 0.14sec, #0
0004 and 0009: [25/44], H[16], 0.01sec
0004 and 0006: 182 matches, 0.57sec, #2
0004 and 0006: [164/182], H[65], 0.00sec
0005 and 0009: 32 matches, 0.11sec, #0
0005 and 0009: [20/32], H[7], 0.01sec
0001 and 0008: 47 matches, 0.33sec, #1
0001 and 0008: [30/47], H[19], 0.00sec
0006 and 0009: 70 matches, 0.14sec, #0
0006 and 0009: [47/70], H[7], 0.05sec
0007 and 0009: 122 matches, 0.13sec, #0
0007 and 0009: [108/122], H[17], 0.02sec
0005 and 0006: 1855 matches, 0.46sec, #2
0005 and 0006: [1673/1855], H[1165], 0.01sec
0002 and 0008: 45 matches, 0.38sec, #1
0002 and 0008: [28/45], H[19], 0.00sec
0008 and 0009: 1019 matches, 0.13sec, #0
0008 and 0009: [983/1019], H[579], 0.01sec
0000 and 0010: 95 matches, 0.10sec, #0
0000 and 0010: [80/95], H[73], 0.00sec
0001 and 0010: 58 matches, 0.13sec, #0
0001 and 0010: [44/58], H[31], 0.00sec
0000 and 0007: 24 matches, 0.34sec, #2
0002 and 0010: 64 matches, 0.13sec, #0
0002 and 0010: [53/64], H[28], 0.00sec
0003 and 0008: 51 matches, 0.52sec, #1
0003 and 0008: [35/51], H[24], 0.00sec
0003 and 0010: 141 matches, 0.18sec, #0
0003 and 0010: [118/141], H[88], 0.00sec
0001 and 0007: 19 matches, 0.33sec, #2
0004 and 0010: 111 matches, 0.16sec, #0
0004 and 0010: [92/111], H[61], 0.00sec
0005 and 0010: 60 matches, 0.13sec, #0
0005 and 0010: [51/60], H[10], 0.01sec
0004 and 0008: 17 matches, 0.40sec, #1
0002 and 0007: 19 matches, 0.35sec, #2
0006 and 0010: 86 matches, 0.18sec, #0
0006 and 0010: [65/86], H[52], 0.00sec
0007 and 0010: 36 matches, 0.14sec, #0
0007 and 0010: [25/36], H[10], 0.02sec
0005 and 0008: 43 matches, 0.44sec, #1
0008 and 0010: 94 matches, 0.14sec, #0
0008 and 0010: [75/94], H[20], 0.01sec
0005 and 0008: [26/43], H[8], 0.03sec
0003 and 0007: 32 matches, 0.40sec, #2
0003 and 0007: [16/32], H[7], 0.07sec
0009 and 0010: 794 matches, 0.14sec, #0
0009 and 0010: [747/794], H[448], 0.01sec
0000 and 0011: 34 matches, 0.13sec, #0
0000 and 0011: [28/34], H[15], 0.00sec
0006 and 0008: 112 matches, 0.42sec, #1
0001 and 0011: 91 matches, 0.16sec, #0
0001 and 0011: [74/91], H[62], 0.00sec
0006 and 0008: [93/112], H[11], 0.01sec
0004 and 0007: 24 matches, 0.40sec, #2
0002 and 0011: 98 matches, 0.15sec, #0
0002 and 0011: [89/98], H[54], 0.00sec
0007 and 0008: 883 matches, 0.35sec, #1
0007 and 0008: [800/883], H[479], 0.01sec
0003 and 0011: 91 matches, 0.21sec, #0
0003 and 0011: [72/91], H[35], 0.00sec
0005 and 0007: 160 matches, 0.36sec, #2
0005 and 0007: [135/160], H[44], 0.00sec
0004 and 0011: 101 matches, 0.18sec, #0
0004 and 0011: [83/101], H[72], 0.00sec
0005 and 0011: 50 matches, 0.15sec, #0
0005 and 0011: [42/50], H[34], 0.00sec
0000 and 0009: 54 matches, 0.36sec, #1
0000 and 0009: [37/54], H[26], 0.00sec
0001 and 0012: 16 matches, 0.33sec, #2
0006 and 0011: 28 matches, 0.20sec, #0
0006 and 0011: [14/28], H[6], 0.02sec
0007 and 0011: 17 matches, 0.16sec, #0
0002 and 0012: 14 matches, 0.46sec, #2
0008 and 0011: 36 matches, 0.17sec, #0
0008 and 0011: [17/36], H[7], 0.07sec
0009 and 0011: 108 matches, 0.17sec, #0
0011 and 0012: 133 matches, 0.77sec, #1
0011 and 0012: [115/133], H[57], 0.01sec
0009 and 0011: [82/108], H[16], 0.02sec
0010 and 0011: 918 matches, 0.17sec, #0
0003 and 0012: 57 matches, 0.48sec, #2
0003 and 0012: [43/57], H[35], 0.00sec
0010 and 0011: [735/918], H[482], 0.01sec
0000 and 0012: 19 matches, 0.11sec, #0
0000 and 0013: 18 matches, 0.35sec, #1
0009 and 0013: 72 matches, 0.16sec, #0
0009 and 0013: [54/72], H[44], 0.00sec
0010 and 0013: 23 matches, 0.15sec, #0
0004 and 0012: 63 matches, 0.47sec, #2
0004 and 0012: [48/63], H[42], 0.00sec
0001 and 0013: 18 matches, 0.40sec, #1
0011 and 0013: 64 matches, 0.18sec, #0
0011 and 0013: [51/64], H[14], 0.00sec
0012 and 0013: 1434 matches, 0.16sec, #0
0012 and 0013: [1420/1434], H[249], 0.05sec
0005 and 0012: 51 matches, 0.43sec, #2
0005 and 0012: [36/51], H[27], 0.00sec
0000 and 0014: 872 matches, 0.10sec, #0
0002 and 0013: 18 matches, 0.37sec, #1
0000 and 0014: [821/872], H[185], 0.03sec
0001 and 0014: 199 matches, 0.13sec, #0
0001 and 0014: [178/199], H[58], 0.02sec
0002 and 0014: 47 matches, 0.12sec, #0
0002 and 0014: [30/47], H[6], 0.03sec
0003 and 0014: 20 matches, 0.16sec, #0
0006 and 0012: 100 matches, 0.54sec, #2
0006 and 0012: [76/100], H[37], 0.00sec
0003 and 0013: 35 matches, 0.58sec, #1
0003 and 0013: [25/35], H[17], 0.00sec
0004 and 0014: 22 matches, 0.13sec, #0
0005 and 0014: 26 matches, 0.12sec, #0
0005 and 0014: [13/26], H[8], 0.02sec
0007 and 0012: 114 matches, 0.42sec, #2
0007 and 0012: [104/114], H[75], 0.00sec
0006 and 0014: 18 matches, 0.17sec, #0
0007 and 0014: 82 matches, 0.12sec, #0
0007 and 0014: [69/82], H[49], 0.00sec
0004 and 0013: 73 matches, 0.49sec, #1
0004 and 0013: [67/73], H[55], 0.00sec
0008 and 0014: 84 matches, 0.13sec, #0
0008 and 0014: [71/84], H[58], 0.00sec
0008 and 0012: 130 matches, 0.37sec, #2
0008 and 0012: [112/130], H[95], 0.01sec
0009 and 0014: 48 matches, 0.14sec, #0
0009 and 0014: [37/48], H[31], 0.00sec
0010 and 0014: 86 matches, 0.14sec, #0
0010 and 0014: [72/86], H[52], 0.00sec
0005 and 0013: 51 matches, 0.42sec, #1
0005 and 0013: [40/51], H[39], 0.00sec
0011 and 0014: 59 matches, 0.17sec, #0
0011 and 0014: [42/59], H[24], 0.00sec
0012 and 0014: 32 matches, 0.13sec, #0
0012 and 0014: [25/32], H[8], 0.00sec
0009 and 0012: 71 matches, 0.48sec, #2
0009 and 0012: [57/71], H[48], 0.00sec
0013 and 0014: 127 matches, 0.14sec, #0
0013 and 0014: [108/127], H[25], 0.03sec
0006 and 0013: 67 matches, 0.56sec, #1
0006 and 0013: [56/67], H[25], 0.00sec
0010 and 0012: 24 matches, 0.40sec, #2
0007 and 0013: 104 matches, 0.27sec, #1
0007 and 0013: [91/104], H[61], 0.00sec
0008 and 0013: 105 matches, 0.25sec, #1
0008 and 0013: [86/105], H[61], 0.00sec

###########-------timing------#########
105 Image Match finished, 10 sec used
#############################

Save to /home/suxingliu/Tree/vsfm.nvm ... done
54 pairs have two-view models
84 pairs have fundamental matrices
Initialize with IMGP9276 and IMGP9278
82 3D points initialized from two images
PBA library version = 105
PBA: 82 3D pts, 2 cams and 164 projs...
PBA: 0.262 -> 0.111 (1 LMs in 0.00sec)
Focal Length : [1137.373]->[1137.098]
Focal Length : [1393.282]->[1391.042]

#############################
#3: [IMGP9277] sees 97 (+1269) 3D points
Focal Length in EXIF  [1137.373]
Estimated Focal Length [1137][1.11N]
# 53 projs (0 pts and 0 merges)
PBA: 82 3D pts, 3 cams and 217 projs...
PBA: 1.029 -> 0.177 (2 LMs in 0.01sec)

**************************************
#3/3:  2707 projs and 1269 pts added.
PBA: 1351 3D pts, 3 cams and 2871 projs...
PBA: 1.272 -> 0.170 (1 LMs in 0.00sec)
PBA: 1351 3D pts, 3 cams and 2871 projs...
PBA: 0.170 -> 0.126 (1 LMs in 0.00sec)
Focal Length : [1137.373]->[1167.775]
Radial Distortion : [0.011 -> 1]

#############################
#4: [IMGP9275] sees 297 (+929) 3D points
Focal Length in EXIF  [1137.373]
Estimated Focal Length [1137][1.11N]
# 244 projs (0 pts and 0 merges)
PBA: 1351 3D pts, 4 cams and 3115 projs...
PBA: 1.055 -> 0.205 (1 LMs in 0.00sec)
Focal Length : [1137.373]->[1181.796]
Radial Distortion : [0.009 -> 0]

#############################
#5: [IMGP9274] sees 126 (+735) 3D points
Focal Length in EXIF  [1137.373]
Estimated Focal Length [1137][1.11N]
# 99 projs (0 pts and 0 merges)
PBA: 1351 3D pts, 5 cams and 3214 projs...
PBA: 0.813 -> 0.193 (1 LMs in 0.00sec)

**************************************
#5/5:  2857 projs and 1283 pts added.
PBA: 2634 3D pts, 5 cams and 5972 projs...
PBA: 0.300 -> 0.152 (1 LMs in 0.00sec)
PBA: 2634 3D pts, 5 cams and 5972 projs...
PBA: 0.152 -> 0.130 (1 LMs in 0.01sec)
Focal Length : [1137.373]->[1195.246]
Radial Distortion : [0.020 -> 1]

#############################
#6: [IMGP9273] sees 386 (+597) 3D points
Focal Length in EXIF  [1222.676]
Estimated Focal Length [1223][1.19N]
# 1489 projs (596 pts and 5 merges)
PBA: 3224 3D pts, 6 cams and 7459 projs...
PBA: 1.111 -> 0.154 (1 LMs in 0.01sec)
#points w/ large errors:	1
Focal Length : [1222.676]->[1253.822]
Radial Distortion : [0.028 -> 2]

#############################
#7: [IMGP9272] sees 509 (+1356) 3D points
Focal Length in EXIF  [1222.676]
Estimated Focal Length [1223][1.19N]
# 3135 projs (1364 pts and 14 merges)
PBA: 4571 3D pts, 7 cams and 10588 projs...
PBA: 0.740 -> 0.194 (1 LMs in 0.00sec)

**************************************
#7/7:  3137 projs and 1365 pts added.
PBA: 4571 3D pts, 7 cams and 10588 projs...
PBA: 0.190 -> 0.144 (1 LMs in 0.01sec)
PBA: 4571 3D pts, 7 cams and 10588 projs...
PBA: 0.144 -> 0.129 (1 LMs in 0.01sec)
Focal Length : [1222.676]->[1281.585]
Radial Distortion : [-0.044 -> -4]

#############################
#8: [IMGP9271] sees 671 (+675) 3D points
Focal Length in EXIF  [1222.676]
Estimated Focal Length [1223][1.19N]
# 1840 projs (674 pts and 23 merges)
PBA: 5221 3D pts, 8 cams and 12426 projs...
PBA: 0.519 -> 0.162 (1 LMs in 0.01sec)
#points w/ large errors:	1
Focal Length : [1222.676]->[1250.675]
Radial Distortion : [-0.044 -> -4]

#############################
#9: [IMGP9270] sees 568 (+842) 3D points
Focal Length in EXIF  [1222.676]
Estimated Focal Length [1223][1.19N]
# 2024 projs (806 pts and 14 merges)
PBA: 6010 3D pts, 9 cams and 14443 projs...
PBA: 0.417 -> 0.178 (1 LMs in 0.01sec)
#points w/ large errors:	2

**************************************
#9/9:  2024 projs and 806 pts added.
PBA: 6007 3D pts, 9 cams and 14437 projs...
PBA: 0.154 -> 0.136 (1 LMs in 0.01sec)
PBA: 6007 3D pts, 9 cams and 14437 projs...
PBA: 0.136 -> 0.126 (1 LMs in 0.01sec)
Focal Length : [1222.676]->[1271.061]
Radial Distortion : [-0.035 -> -3]

#############################
#10: [IMGP9269] sees 450 (+790) 3D points
Focal Length in EXIF  [1222.676]
Estimated Focal Length [1223][1.19N]
# 1892 projs (763 pts and 11 merges)
PBA: 6757 3D pts, 10 cams and 16325 projs...
PBA: 0.400 -> 0.137 (1 LMs in 0.01sec)
#points w/ large errors:	2
Focal Length : [1222.676]->[1253.458]
Radial Distortion : [-0.060 -> -6]

#############################
#11: [IMGP9268] sees 729 (+1049) 3D points
Focal Length in EXIF  [1222.676]
Estimated Focal Length [1223][1.19N]
# 2625 projs (1034 pts and 11 merges)
PBA: 7777 3D pts, 11 cams and 18943 projs...
PBA: 0.347 -> 0.138 (1 LMs in 0.01sec)
#points w/ large errors:	1
Focal Length : [1222.676]->[1248.745]
Radial Distortion : [-0.034 -> -3]

#############################
#12: [IMGP9267] sees 465 (+357) 3D points
Focal Length in EXIF  [1137.373]
Estimated Focal Length [1137][1.11N]
# 1067 projs (352 pts and 18 merges)
PBA: 8108 3D pts, 12 cams and 20001 projs...
PBA: 0.412 -> 0.178 (1 LMs in 0.01sec)

**************************************
#12/12:  1071 projs and 354 pts added.
PBA: 8109 3D pts, 12 cams and 20003 projs...
PBA: 0.157 -> 0.142 (1 LMs in 0.01sec)
PBA: 8109 3D pts, 12 cams and 20003 projs...
PBA: 0.142 -> 0.136 (1 LMs in 0.01sec)
Focal Length : [1137.373]->[1126.512]
Radial Distortion : [0.002 -> 0]

#############################
#13: [IMGP9281] sees 541 (+757) 3D points
Focal Length in EXIF  [1393.282]
Estimated Focal Length [1393][1.36N]
# 1839 projs (716 pts and 10 merges)
PBA: 8810 3D pts, 13 cams and 21832 projs...
PBA: 0.345 -> 0.145 (1 LMs in 0.01sec)
#points w/ large errors:	3
Focal Length : [1393.282]->[1397.882]
Radial Distortion : [-0.096 -> -7]

#############################
#14: [IMGP9280] sees 284 (+358) 3D points
Focal Length in EXIF  [1393.282]
Estimated Focal Length [1393][1.36N]
# 778 projs (275 pts and 7 merges)
PBA: 9072 3D pts, 14 cams and 22592 projs...
PBA: 0.279 -> 0.141 (1 LMs in 0.01sec)
#points w/ large errors:	2
Focal Length : [1393.282]->[1421.392]
Radial Distortion : [-0.102 -> -7]

#############################
#15: [IMGP9279] sees 479 (+1526) 3D points
Focal Length in EXIF  [1393.282]
Estimated Focal Length [1393][1.36N]
# 343 projs (0 pts and 2 merges)
PBA: 9067 3D pts, 15 cams and 22926 projs...
PBA: 0.188 -> 0.116 (1 LMs in 0.01sec)
Focal Length : [1393.282]->[1422.360]
Radial Distortion : [-0.082 -> -6]

^^^^^^^^^^^^^^^^^^^^^^^^^^^^^^^^
#15/15:  2788 projs and 1374 pts added.
PBA: 10441 3D pts, 15 cams and 25714 projs...
PBA: 0.115 -> 0.108 (1 LMs in 0.01sec)
PBA: 10441 3D pts, 15 cams and 25714 projs...
PBA: 0.108 -> 0.106 (1 LMs in 0.01sec)
END: No more images to add [0 projs]

#############################
Failed to find two images for initialization
Resuming SfM finished, 0 sec used

---------------------------------------------------
15 cams, 10442 pts (3+: 2872)
25714 projections (3+: 10576)
---------------------------------------------------
1 model(s) reconstructed from 15 images;
15 modeled; 0 reused; 15 EXIF; 
1MB(1) used to store feature location.
---------------------------------------------------

########-------timing------#########
Structure-From-Motion finished, 0 sec used
0.2(0.2) seconds on Bundle Adjustment (+)
0.2(0.2) seconds on Bundle Adjustment (*)
#############################
Save to /home/suxingliu/Tree/vsfm.nvm ... done

#############################
Undistorting 15 images in model #0
param_undistortion_thread_num = 0
NOTE: using 8 threads...
#01: IMGP9278 -> 00000001.jpg, 0.171 sec
#00: IMGP9276 -> 00000000.jpg, 0.208 sec
#02: IMGP9277 -> 00000002.jpg, 0.213 sec
#07: IMGP9269 -> 00000009.jpg, 0.213 sec
#03: IMGP9274 -> 00000004.jpg, 0.264 sec
#04: IMGP9267 -> 00000011.jpg, 0.264 sec
#05: IMGP9272 -> 00000006.jpg, 0.284 sec
#06: IMGP9270 -> 00000008.jpg, 0.315 sec
#01: IMGP9280 -> 00000013.jpg, 0.169 sec
#02: IMGP9275 -> 00000003.jpg, 0.169 sec
#07: IMGP9268 -> 00000010.jpg, 0.175 sec
#04: IMGP9281 -> 00000012.jpg, 0.155 sec
#03: IMGP9273 -> 00000005.jpg, 0.166 sec
#05: IMGP9271 -> 00000007.jpg, 0.154 sec
#01: IMGP9279 -> 00000014.jpg, 0.153 sec
----------------------------------------------------------------
Running Yasutaka Furukawa's CMVS tool...
cmvs /home/suxingliu/Tree/vsfm.nvm.cmvs/00/ 5000 8
genOption /home/suxingliu/Tree/vsfm.nvm.cmvs/00/ 1 2 0.700000 7 3 8
1 cluster is generated for pmvs reconstruction.
pmvs2 /home/suxingliu/Tree/vsfm.nvm.cmvs/00/ option-0000
This may take a little more time, waiting...
22 seconds were used by PMVS
Loading option-0000.ply, 53368 vertices ...
Loading patches and estimating point sizes..
Save to /home/suxingliu/Tree/vsfm.nvm ... done
Save /home/suxingliu/Tree/vsfm.0.ply ...done
----------------------------------------------------------------
VisualSFM 3D reconstruction, finished
Totally 37.000 seconds used

__LogFile: /home/suxingliu/vsfm-master/vsfm/bin/log/[18_10_08][15_05_00][705].log
