# Bundle file v0.3
9 398
0 0 0
0 0 0
0 0 0
0 0 0
0 0 0
0 0 0
0 0 0
0 0 0
0 0 0
0 0 0
0 0 0
0 0 0
0 0 0
0 0 0
0 0 0
0 0 0
0 0 0
0 0 0
0 0 0
0 0 0
0 0 0
0 0 0
0 0 0
0 0 0
0 0 0
6.9107257727e+02 -1.0171997699e-01 -3.7874478736e-02
9.6940093870e-01 9.4417929106e-02 2.2659892921e-01
-8.3074983339e-02 9.9478904175e-01 -5.9104226286e-02
-2.3099863030e-01 3.8470990174e-02 9.7219319876e-01
1.2176507449e+00 -3.5848448557e-01 -1.1738321992e-02
6.9137641409e+02 -1.0032824201e-01 -3.4187375947e-02
9.9999855666e-01 1.6976569212e-03 -6.8119276435e-05
-1.6983284066e-03 9.9993234244e-01 -1.1507659322e-02
4.8578610156e-05 1.1507758402e-02 9.9993378238e-01
-2.2033389656e-02 -7.1888302849e-02 -5.8318253536e-02
6.9483565470e+02 -1.1799609126e-01 3.0591568095e-02
9.9701025736e-01 5.3271087782e-02 5.5970866843e-02
-4.9718581760e-02 9.9677096996e-01 -6.3053121054e-02
-5.9149043579e-02 6.0081816330e-02 9.9643944422e-01
5.5406880750e-01 -7.5870573791e-01 -4.8960809054e-01
0 0 0
0 0 0
0 0 0
0 0 0
0 0 0
1.8661080376e+00 -1.1177414616e+00 -6.6839194660e+00
203 182 70
3 6 325 186.6000 -113.1000 7 505 185.2800 -144.2900 5 350 138.2300 -120.9300
2.1433992892e+00 -8.5485984735e-01 -6.1487869361e+00
221 195 83
3 6 501 232.6100 -94.2900 7 513 231.0500 -133.6600 5 517 191.1200 -107.2700
2.1433992892e+00 -8.5485984735e-01 -6.1487869361e+00
221 195 83
3 6 500 232.6100 -94.2900 7 512 231.0500 -133.6600 5 516 191.1200 -107.2700
2.1627548042e+00 -8.4502492763e-01 -6.1112887619e+00
177 153 51
3 6 778 235.9600 -93.7600 7 766 234.5900 -133.5800 5 514 194.9400 -107.2800
2.1626683610e+00 -7.4445059280e-01 -6.1265416262e+00
214 189 76
3 6 508 235.6200 -82.6500 7 523 234.7100 -123.2200 5 356 195.4300 -96.4200
2.1707452602e+00 -6.6886063637e-01 -6.0976289675e+00
215 190 73
3 6 328 237.6100 -74.5900 7 359 237.4300 -116.4400 5 360 198.5000 -89.2900
2.1540452116e+00 -7.8407503493e-01 -6.1371084675e+00
215 191 85
3 6 781 234.1700 -86.8000 7 775 233.2700 -126.8800 5 745 193.5500 -100.3000
2.4865433668e+00 -4.5923392635e-01 -5.3350467842e+00
226 182 185
3 6 163 308.2400 -59.3400 7 183 306.7600 -113.6100 5 173 277.9200 -82.6000
2.1226657316e+00 -9.4872414260e-01 -6.1857868353e+00
212 189 70
3 6 326 228.6500 -104.2400 7 355 227.0900 -141.5600 5 351 186.2800 -115.9600
1.8702856968e+00 -1.0796533161e+00 -6.6924623209e+00
41 28 0
3 6 771 186.9200 -109.1800 7 757 185.5800 -140.7200 5 720 138.6900 -116.9200
1.8702856968e+00 -1.0796533161e+00 -6.6924623209e+00
41 28 0
3 6 772 186.9200 -109.1800 7 758 185.5800 -140.7200 5 721 138.6900 -116.9200
2.4920463893e+00 -3.4563135775e-01 -5.3196676436e+00
234 192 195
3 6 528 309.9400 -45.2700 7 533 309.3700 -101.2900 5 541 281.1000 -69.8300
2.4842820279e+00 -3.9534465244e-01 -5.3357707232e+00
239 180 181
3 6 793 308.0600 -51.3800 7 794 307.1300 -106.4500 5 762 278.5400 -75.1900
2.0675934907e+00 -6.1691832186e-01 -6.2841035711e+00
218 186 68
3 6 46 220.4100 -65.7700 7 51 220.6100 -106.8200 5 27 179.9500 -81.0800
-8.9027467469e-01 5.2364517585e-01 -4.5355153733e+00
21 27 43
3 6 54 -136.5500 75.8500 7 57 -78.7900 13.0600 5 33 -102.4000 82.8100
-8.9027467469e-01 5.2364517585e-01 -4.5355153733e+00
21 27 43
3 6 55 -136.5500 75.8500 7 58 -78.7900 13.0600 5 34 -102.4000 82.8100
-8.9027467469e-01 5.2364517585e-01 -4.5355153733e+00
21 27 43
3 6 56 -136.5500 75.8500 7 59 -78.7900 13.0600 5 35 -102.4000 82.8100
-8.5188597342e-01 -2.2437648192e-01 -5.0029330256e+00
23 24 28
3 6 66 -118.7900 -32.0500 7 75 -74.9800 -79.7100 5 49 -112.1700 -31.7400
8.5881297946e-01 6.2289119414e-02 -5.6007544828e+00
210 178 197
3 6 49 101.7700 6.5300 7 54 124.9700 -43.6100 5 51 95.8400 -4.6000
5.8967898183e-02 3.5538961757e-01 -5.4686598262e+00
152 22 32
3 6 53 4.8600 43.2200 7 83 38.3700 -7.9800 5 54 8.7600 41.3300
-9.3195669995e-01 6.3343466661e-01 -4.5416862787e+00
192 205 242
3 6 78 -142.5900 91.8000 7 88 -83.9200 29.0700 5 57 -107.5000 101.5400
1.0338464613e+00 -3.6149102993e-03 -5.4518578191e+00
180 117 131
3 6 90 126.8000 -0.7900 7 102 147.4500 -54.0300 5 76 122.0400 -16.8300
1.3108378258e+00 2.1102441820e-01 -5.5030569927e+00
188 119 130
3 6 70 159.9400 25.2800 7 80 178.0800 -30.7200 5 77 153.2900 8.0100
9.9112260102e-01 5.6865689169e-01 -5.4592973654e+00
213 193 208
3 6 74 121.3300 70.0900 7 84 147.0700 11.8600 5 82 123.8300 55.4500
9.9112260102e-01 5.6865689169e-01 -5.4592973654e+00
213 193 208
3 6 75 121.3300 70.0900 7 85 147.0700 11.8600 5 83 123.8300 55.4500
3.6285865565e-01 4.9273669254e-01 -5.3468091662e+00
72 2 3
3 6 96 43.5500 61.2900 7 111 77.0400 6.2200 5 84 52.9100 54.8800
-8.7305401036e-01 3.9722501029e-01 -4.5883927222e+00
187 201 240
3 6 73 -132.4300 56.4800 7 110 -77.1000 -4.1500 5 85 -102.0400 61.3800
8.1852334355e-01 5.6139573204e-01 -5.4625724958e+00
95 0 2
3 6 132 99.6900 69.1700 7 147 127.5700 12.0000 5 108 103.5100 56.9400
4.5546039960e-01 9.8988271763e-01 -5.5119194469e+00
163 18 29
3 6 104 53.8900 121.5400 7 113 87.7400 64.4300 5 113 63.7400 115.6700
2.2944035501e+00 -1.1053424911e+00 -5.8031183063e+00
202 197 106
3 6 117 262.0000 -128.6800 7 128 257.7300 -168.6300 5 120 220.9400 -142.5500
9.8562638729e-01 5.4891821317e-02 -5.5282192399e+00
72 5 8
3 6 178 118.7500 4.5900 7 198 140.4500 -45.7800 5 140 114.0100 -6.6900
6.6235021376e-03 4.4681731398e-01 -5.4545708769e+00
225 56 94
3 6 128 -1.7000 54.5100 7 202 32.7700 3.3400 5 150 4.0200 53.7400
6.6235021376e-03 4.4681731398e-01 -5.4545708769e+00
225 56 94
3 6 129 -1.7000 54.5100 7 203 32.7700 3.3400 5 151 4.0200 53.7400
-5.7932347309e-01 4.4966282709e-01 -4.6044994024e+00
108 54 70
3 6 190 -88.7600 64.1400 7 145 -35.6600 0.9700 5 153 -54.9500 65.0900
1.5953907119e-01 6.4876444608e-01 -5.3655111610e+00
217 202 221
3 6 134 17.6700 81.4400 7 149 53.6900 25.9700 5 156 28.5500 77.8500
-9.3958289316e-01 5.1988486598e-01 -4.5166069728e+00
18 20 30
3 6 133 -144.3300 74.7400 7 206 -86.2600 12.5400 5 157 -110.1000 84.1500
3.9782107236e-01 1.0770401020e+00 -5.5121644344e+00
171 150 172
3 6 139 46.7000 132.2400 7 157 81.7400 75.0300 5 163 57.8600 127.6000
2.4865433668e+00 -4.5923392635e-01 -5.3350467842e+00
226 182 185
3 6 164 308.2400 -59.3400 7 184 306.7600 -113.6100 5 174 277.9200 -82.6000
8.9470499101e-01 -6.3022763753e-02 -5.5364056698e+00
51 9 18
3 6 242 107.6200 -8.8500 7 256 129.1300 -58.8000 5 198 101.5000 -20.9700
8.1177153369e-01 1.3507925913e-01 -5.6449614256e+00
139 29 46
3 6 248 95.5400 14.7800 7 263 118.5500 -34.3900 5 206 89.8800 5.3600
-4.9454481322e-01 3.1891110196e-01 -4.5406062859e+00
157 99 113
3 6 186 -77.4700 45.5000 7 269 -24.4800 -18.2400 5 208 -42.0100 42.7400
1.0289460208e+00 6.5526165556e-01 -5.4554922824e+00
44 9 7
3 6 194 125.6800 80.3800 7 148 152.5500 21.9900 5 214 129.4700 65.8900
1.2045992215e-01 5.7720329907e-01 -5.3508924911e+00
82 11 26
3 6 193 12.9700 72.6000 7 283 48.4200 17.4500 5 217 23.2900 69.1500
-5.9453116477e-01 4.9254880821e-01 -4.5958466593e+00
235 181 195
3 6 192 -91.0500 70.9400 7 277 -37.4700 6.7600 5 218 -56.6200 72.0500
-9.7803963420e-01 4.7152484454e-01 -4.5506705122e+00
183 230 255
3 6 258 -149.1900 67.5700 7 278 -91.4000 6.6400 5 222 -117.6500 75.7400
-9.1197884237e-01 5.9192429120e-01 -4.4308375049e+00
179 225 255
3 6 264 -142.4100 86.7700 7 290 -84.4100 23.2000 5 224 -102.1800 95.9100
-9.3505777327e-01 6.5241332752e-01 -4.5411610204e+00
243 231 243
3 6 266 -142.9300 95.1500 7 293 -84.1800 31.5200 5 225 -107.9100 104.4700
-8.4408112151e-01 7.5730538547e-01 -4.4967268757e+00
225 165 177
3 6 273 -130.7700 111.6500 7 296 -70.8500 45.9700 5 226 -90.6000 120.5900
9.4547068372e-01 -1.4113087567e-02 -5.5536203437e+00
66 13 22
3 6 358 113.6800 -2.4400 7 381 134.6200 -53.5200 5 273 106.9800 -15.3900
1.2235752723e+00 9.9993362888e-02 -5.4506395626e+00
95 35 39
3 6 247 150.5600 11.3200 7 261 169.3300 -43.5800 5 275 145.0500 -4.7300
1.1020981614e+00 1.0643178459e-01 -5.5042132350e+00
172 101 113
3 6 361 133.9200 11.7800 7 262 154.3900 -41.2100 5 276 128.7700 -2.2400
6.4677825182e-01 2.0096237742e-01 -5.5985543905e+00
115 4 13
3 6 253 76.3100 23.5200 7 268 101.9800 -26.8800 5 283 73.4000 14.4700
9.0078344735e-01 6.0537752669e-01 -5.4544277326e+00
104 11 16
3 6 260 110.2900 74.3800 7 281 137.0500 16.5800 5 296 114.2400 61.6900
-8.8721066908e-02 6.0962343752e-01 -5.3641205701e+00
108 9 22
3 6 263 -13.8400 76.4200 7 287 23.5600 22.9300 5 297 -3.4300 76.3000
-9.0112674979e-01 4.9181594461e-01 -4.5596353876e+00
255 254 254
3 6 259 -137.4700 70.8400 7 279 -80.3100 8.8500 5 298 -104.9900 77.5000
5.3737216907e-01 9.4746959215e-01 -5.4997569491e+00
153 14 28
3 6 403 64.1100 116.7400 7 429 96.8800 59.5500 5 304 73.7400 108.4200
-9.4258530940e-01 7.6751155658e-01 -4.5098809212e+00
227 167 179
3 6 401 -144.7900 112.9700 7 421 -85.0800 47.8700 5 312 -106.8300 124.0400
-1.0509235475e+00 7.6633473387e-01 -4.5236981046e+00
133 74 96
3 6 602 -160.5600 112.1700 7 422 -100.0800 48.4600 5 313 -125.0400 125.9000
4.3103657800e-01 1.1242893889e+00 -5.5128439396e+00
166 22 33
3 6 277 50.8700 137.9600 7 302 85.7600 80.2600 5 314 62.4300 133.1100
1.5638414024e+00 1.2714985841e+00 -5.2538715217e+00
69 31 28
3 6 199 198.3500 161.6800 7 218 225.5000 90.9100 5 315 208.4500 136.3100
1.5638414024e+00 1.2714985841e+00 -5.2538715217e+00
69 31 28
3 6 200 198.3500 161.6800 7 219 225.5000 90.9100 5 316 208.4500 136.3100
1.7153945424e+00 -3.3093062629e+00 -1.2224375616e+01
97 90 106
3 6 465 93.8900 -180.3500 7 490 74.5800 -179.1000 5 339 -11.2100 -169.6600
-1.1679477489e+00 -2.7524198021e+00 -1.2510337319e+01
72 44 55
3 6 743 -64.8700 -144.9100 7 759 -77.0200 -140.7000 5 347 -171.7400 -129.6700
2.1497666636e+00 -8.2331303127e-01 -6.1459617025e+00
214 191 78
3 6 503 233.2600 -91.1100 7 515 232.1800 -130.3400 5 354 192.3100 -104.1700
-8.5404501347e-01 -1.6300735873e-01 -4.9821500803e+00
251 253 255
3 6 342 -119.6400 -23.7800 7 373 -74.8000 -72.5900 5 386 -111.6600 -22.9300
9.0586023775e-01 -2.5998058619e-02 -5.5921816650e+00
173 134 153
3 6 355 108.0300 -4.3700 7 380 129.1000 -54.1500 5 389 100.6800 -15.4400
2.0875046037e+00 5.9184042289e-01 -6.2213985511e+00
110 64 25
3 6 378 225.1000 63.6400 7 403 234.3100 12.2600 5 407 198.4400 44.8200
-8.8080275472e-01 4.2578015548e-01 -4.5505632704e+00
165 217 254
3 6 377 -134.6600 61.0800 7 577 -78.2700 -0.4800 5 418 -102.3700 66.3900
-1.0061987849e+00 4.4482630371e-01 -4.5686380723e+00
168 156 197
3 6 578 -152.6700 63.5200 7 580 -95.2000 2.8500 5 426 -123.0400 71.9300
-6.3884112989e-01 6.2620390815e-01 -4.5287765501e+00
170 104 126
3 6 390 -99.1500 91.5100 7 410 -42.6700 25.7000 5 431 -59.9500 94.9700
-8.9150317689e-01 7.4024746030e-01 -4.5044882080e+00
178 107 123
3 6 601 -137.4800 108.8600 7 594 -77.8900 43.7100 5 440 -98.7500 118.7400
-9.3559705768e-01 7.3643409193e-01 -4.5027469215e+00
174 107 127
3 6 398 -144.2200 108.2800 7 595 -84.0300 43.5200 5 441 -106.1400 118.9800
-9.3559705768e-01 7.3643409193e-01 -4.5027469215e+00
174 107 127
3 6 399 -144.2200 108.2800 7 596 -84.0300 43.5200 5 442 -106.1400 118.9800
1.6798051137e+00 1.3923238022e+00 -5.4009516554e+00
69 30 30
3 6 286 207.3700 172.1500 7 309 232.5100 102.9500 5 458 213.2100 146.8100
9.6765269622e-01 1.5886981877e+00 -5.6736457457e+00
140 24 34
3 6 414 113.4100 189.1300 7 618 145.2800 127.9800 5 463 122.5300 177.5000
2.4706854775e+00 -2.8503216832e+00 -1.0051273941e+01
103 99 121
3 6 460 164.3500 -188.9000 7 696 145.7100 -195.7400 5 485 69.7500 -183.3900
2.2254158183e+00 -2.9548809251e+00 -1.0798632510e+01
108 101 117
3 6 463 137.9600 -182.4300 7 712 119.4800 -186.1600 5 491 39.9900 -175.1500
2.3402410934e+00 -2.5145811257e+00 -1.0400172437e+01
64 53 67
3 6 736 150.9200 -161.1700 7 738 133.9100 -168.0200 5 502 56.9700 -155.7600
2.2573487854e+00 -2.3192790531e+00 -1.0731025913e+01
74 53 61
3 6 483 141.6100 -144.0100 7 752 124.6900 -150.7000 5 506 47.1300 -137.8600
2.2109404581e+00 -2.3255594891e+00 -1.0786736938e+01
124 120 134
3 6 484 137.8000 -143.6700 7 498 121.4600 -149.9500 5 507 43.2600 -137.3900
2.2109404581e+00 -2.3255594891e+00 -1.0786736938e+01
124 120 134
3 6 485 137.8000 -143.6700 7 497 121.4600 -149.9500 5 508 43.2600 -137.3900
2.4649672197e+00 -5.6188743772e-01 -5.3886314244e+00
240 184 195
3 6 513 302.5900 -71.4800 7 779 300.5400 -123.5000 5 526 270.7100 -93.1500
2.4827918146e+00 -5.2705549071e-01 -5.3288283672e+00
242 193 212
3 6 514 307.9500 -67.8900 7 525 306.0200 -121.2200 5 527 277.0600 -90.6100
2.1195509858e+00 -6.6504153096e-01 -6.2147134085e+00
164 169 117
3 6 512 227.9100 -72.6900 7 527 228.0200 -113.2400 5 530 187.7600 -86.5100
2.4913986458e+00 -4.4473177722e-01 -5.3081270959e+00
234 173 188
3 6 518 310.2900 -57.8900 7 791 308.8600 -112.5000 5 532 280.5600 -81.6000
2.1695152815e+00 -5.7569321328e-01 -6.1073943409e+00
177 147 41
3 6 787 237.2300 -64.2700 7 795 237.6900 -106.8000 5 533 199.0300 -79.4500
9.5222214677e-01 2.4211985318e-02 -5.5541460040e+00
171 124 141
3 6 832 114.4000 1.7300 7 838 135.7200 -49.2300 5 572 108.2900 -10.2500
-5.2066835494e-01 -1.6316263003e-02 -4.6937975014e+00
226 178 187
3 6 354 -79.0200 -4.8900 7 833 -30.5300 -61.1300 5 573 -54.7100 -8.4200
-5.1217887090e-01 2.7511103825e-02 -4.6603439745e+00
219 171 182
3 6 551 -78.1400 1.6000 7 837 -29.0700 -56.4700 5 577 -52.1400 -1.8000
-4.7231982738e-01 1.0563221339e-01 -4.6096148791e+00
157 101 112
3 6 558 -73.0800 13.0400 7 845 -23.2100 -46.7400 5 584 -43.3900 9.1800
-4.7231982738e-01 1.0563221339e-01 -4.6096148791e+00
157 101 112
3 6 557 -73.0800 13.0400 7 844 -23.2100 -46.7400 5 585 -43.3900 9.1800
-9.1649418137e-01 9.9004953988e-02 -4.5841309419e+00
215 151 168
3 6 556 -139.1800 12.3200 7 848 -84.6100 -45.1800 5 586 -113.5800 13.9200
-4.7972097994e-01 2.6438049089e-01 -4.5606671224e+00
157 99 112
3 6 565 -74.9200 36.9300 7 861 -22.9900 -25.6000 5 589 -40.9100 34.0200
-9.0628829933e-01 2.4915846878e-01 -4.6164307385e+00
245 182 191
3 6 563 -136.7600 34.3900 7 568 -81.9300 -24.0700 5 592 -110.1400 38.0400
1.0817631499e-01 6.0567171014e-01 -5.3320615681e+00
233 218 230
3 6 586 11.2700 76.3000 7 901 47.6200 21.0200 5 610 22.7400 73.2000
1.3617055911e-01 6.2448840904e-01 -5.3253455168e+00
229 219 231
3 6 587 14.9100 78.6900 7 904 51.1600 23.0200 5 611 26.8000 75.4800
-8.8695655024e-01 6.5159721083e-01 -4.5356193265e+00
241 217 230
3 6 595 -136.0800 95.0200 7 918 -77.2300 31.0600 5 621 -100.0200 103.6400
3.7475359863e-01 9.3883572689e-01 -5.5014707701e+00
203 132 150
3 6 922 44.0800 115.4800 7 942 78.2200 58.9300 5 626 53.8200 110.7300
-9.7250365224e-01 7.5124176068e-01 -4.5036188813e+00
232 172 179
3 6 917 -149.8700 110.2100 7 932 -88.9900 46.0800 5 631 -112.0200 122.1800
4.2913932222e-01 1.0479903773e+00 -5.5043169988e+00
152 22 54
3 6 606 50.7300 128.8600 7 609 85.2000 71.4200 5 633 61.6100 123.5400
2.6774763003e+00 -3.2292021217e+00 -9.5914852611e+00
111 103 121
3 6 644 185.4800 -223.5100 7 655 164.8300 -229.7600 5 651 90.3100 -218.4400
2.3664470870e+00 -3.5224272090e+00 -1.0424337377e+01
100 95 114
3 6 641 151.1400 -224.7200 7 660 130.3500 -227.0800 5 653 51.5500 -217.1600
2.4568850195e+00 -3.3706246078e+00 -1.0190591188e+01
115 112 130
3 6 655 160.5600 -219.9600 7 664 140.0300 -223.6500 5 655 62.5700 -213.2400
2.4792029126e+00 -3.0517135512e+00 -1.0119589583e+01
117 106 126
3 6 681 163.5200 -200.7800 7 683 144.1500 -206.2500 5 670 67.5100 -194.8800
2.3698608630e+00 -2.6378513638e+00 -1.0464472689e+01
73 58 66
3 6 723 151.8100 -167.8100 7 724 134.2000 -174.2300 5 688 56.6400 -162.4800
2.0424022150e+00 -2.1722935127e+00 -1.1188321545e+01
107 92 111
3 6 752 122.9300 -128.8600 7 764 107.3300 -134.7700 5 717 27.4000 -122.1100
1.8526319564e+00 -2.3325328487e+00 -1.1825365843e+01
97 86 99
3 6 750 105.4300 -131.0500 7 765 89.0800 -134.0300 5 718 6.5000 -122.2000
2.0042282956e+00 -1.9735280769e+00 -1.1351930950e+01
107 91 101
3 6 769 119.0600 -115.3200 7 783 103.8600 -121.0600 5 736 23.9300 -108.0600
2.4905579109e+00 -6.6050193102e-01 -5.3191953774e+00
247 142 75
3 6 782 309.1400 -84.5800 7 760 305.9400 -136.5400 5 739 276.5400 -106.0900
2.1540452116e+00 -7.8407503493e-01 -6.1371084675e+00
215 191 85
3 6 780 234.1700 -86.8000 7 774 233.2700 -126.8800 5 744 193.5500 -100.3000
2.4922434063e+00 -4.8523054771e-01 -5.3146845981e+00
249 179 194
3 6 788 309.8500 -62.9000 7 789 308.3300 -116.9100 5 754 279.5600 -86.1000
2.5104470709e+00 -3.0118266970e-01 -5.2551649766e+00
215 78 123
3 6 800 315.6700 -40.2000 7 799 315.6400 -97.9600 5 770 288.0200 -65.8200
8.9537330613e-01 3.7599016718e-02 -5.5570021385e+00
223 194 208
3 6 833 107.3500 3.3500 7 843 129.3900 -47.1700 5 837 101.9300 -8.2200
7.5315312815e-02 5.9071413636e-01 -5.3294085158e+00
239 225 235
3 6 885 6.9600 74.4000 7 898 43.7400 19.5200 5 875 18.4300 71.6300
-1.0700187993e-01 5.8052295929e-01 -5.3315586445e+00
209 176 193
3 6 880 -16.4700 73.1100 7 899 21.9200 19.3900 5 881 -5.3800 72.9100
1.5463739674e+00 1.0586754846e+00 -5.1634446535e+00
159 96 109
3 6 608 199.9700 136.6000 7 946 225.4100 66.1700 5 905 210.1700 111.0600
5.5265834727e-01 9.8805934058e-01 -5.5261815728e+00
212 136 155
3 6 928 65.7700 120.9200 7 944 98.6100 63.3400 5 906 74.6500 113.9500
9.6797892489e-01 -2.6697495124e-01 -5.3953727735e+00
215 148 157
2 6 18 118.9300 -35.6200 7 22 140.4300 -84.7100
-2.7377499175e-02 5.2301812730e-01 -5.4124778450e+00
243 238 244
2 6 26 -5.9000 65.0700 7 28 29.6900 12.3300
-2.6701330425e-01 5.9032135564e-01 -5.1559844446e+00
34 19 22
2 6 27 -37.8100 76.9500 7 41 3.4700 20.6400
1.9438883029e+00 8.1339804358e-01 -6.1998004453e+00
192 132 142
2 6 28 209.9400 88.2100 7 29 223.5500 35.6000
-7.5728541353e-02 3.0701832625e-01 -5.4963781728e+00
235 234 242
2 6 51 -12.2400 37.0000 7 82 22.1000 -11.8000
4.0207778399e-04 1.4812518603e+00 -5.8358838354e+00
161 15 26
2 6 62 -1.6200 173.0500 7 65 33.5400 120.4400
-1.2211942503e+00 -2.8690713462e+00 -1.2349878087e+01
58 58 69
2 6 64 -68.4500 -153.9600 7 71 -81.1300 -149.2000
-5.6558086713e-02 1.9399930963e-01 -5.6527696993e+00
198 32 51
2 6 69 -9.6600 22.4600 7 141 22.0600 -23.2300
1.3949321418e+00 3.2921582463e-01 -5.6353299194e+00
67 9 9
2 6 72 166.1700 38.8200 7 81 183.7100 -16.3600
-2.8739303978e+00 3.0178450491e+00 -1.1800337801e+01
23 21 26
2 6 81 -167.3800 177.4400 7 123 -161.1700 181.1500
3.4502644813e-01 -3.3698569292e+00 -1.2949353917e+01
9 9 9
2 6 86 17.1200 -172.9700 7 97 -0.7100 -168.5900
7.6112753195e-01 8.4742294679e-02 -5.6384411968e+00
238 230 239
2 6 91 89.6100 9.2400 7 104 112.8700 -40.1400
-1.4283509632e-01 2.3411542628e-01 -5.5581905928e+00
230 212 229
2 6 93 -20.9200 27.2100 7 143 13.8800 -18.7400
2.2981362954e+00 -1.1078724833e+00 -5.8123007961e+00
202 197 106
2 6 116 262.0000 -128.6800 7 127 257.7300 -168.6300
1.1577418197e+00 1.2886512516e-01 -5.4958585845e+00
189 123 137
2 6 124 141.0400 14.7800 7 138 161.0400 -39.2100
2.7478674640e-01 5.1466226026e-01 -5.3548199360e+00
230 208 219
2 6 131 32.6600 64.5500 7 205 66.1500 9.1600
-4.9916971575e-02 7.6315769913e-01 -5.4314640061e+00
91 1 7
2 6 137 -8.9500 94.8200 7 215 28.7100 41.2500
1.5375357759e+00 1.4163872668e+00 -5.3606096035e+00
169 119 130
2 6 144 191.3200 176.8500 7 161 218.5200 107.3100
8.1361991440e-01 -4.7912424649e+00 -1.4257405595e+01
42 42 51
2 6 149 37.3100 -223.5300 7 174 14.2700 -213.7600
2.3122480399e+00 -3.5362724187e+00 -1.0551137698e+01
37 33 48
2 6 151 146.0100 -222.8700 7 170 125.2200 -224.9000
2.3122480399e+00 -3.5362724187e+00 -1.0551137698e+01
37 33 48
2 6 152 146.0100 -222.8700 7 171 125.2200 -224.9000
2.9230630055e+00 -2.8532716752e+00 -8.9196837769e+00
60 49 63
2 6 153 217.4100 -212.3200 7 172 197.1100 -222.7500
2.5945731586e+00 -2.6826822155e+00 -9.7233928732e+00
64 55 67
2 6 155 178.5100 -183.5600 7 176 159.8000 -192.4800
2.3673895678e+00 -2.0020434352e+00 -8.0877250392e+00
188 174 148
2 6 156 195.3200 -165.5100 7 177 182.7600 -183.2800
4.7837991442e-01 -3.1726204515e+00 -1.2762692211e+01
104 81 65
2 6 157 24.1400 -165.6100 7 179 7.6100 -161.4800
2.5009521776e+00 -3.3750529182e-01 -5.2893017978e+00
224 181 194
2 6 166 312.7800 -44.4600 7 185 311.9800 -101.1900
2.5009521776e+00 -3.3750529182e-01 -5.2893017978e+00
224 181 194
2 6 167 312.7800 -44.4600 7 186 311.9800 -101.1900
2.1933908414e+00 -3.0007004946e-01 -6.1112338328e+00
220 184 47
2 6 169 239.9500 -33.7900 7 252 242.3100 -79.4200
5.9077645042e-01 1.6782221749e+00 -5.8206571309e+00
67 1 0
2 6 205 66.8200 195.4300 7 225 100.5600 138.7800
2.5978132944e+00 -3.1147367419e+00 -9.7459837354e+00
53 42 52
2 6 212 177.5100 -212.5000 7 230 157.5000 -218.7600
2.5978132944e+00 -3.1147367419e+00 -9.7459837354e+00
53 42 52
2 6 213 177.5100 -212.5000 7 231 157.5000 -218.7600
2.2544819313e+00 -1.9021153914e+00 -8.3639743026e+00
178 171 140
2 6 216 180.2600 -152.1900 7 236 168.6800 -169.1100
1.4809694035e+00 -2.5286212035e+00 -1.2133577958e+01
110 84 65
2 6 219 81.9200 -138.5500 7 238 65.5400 -139.4900
1.3561275503e+00 -2.4839243710e+00 -1.2157716502e+01
18 29 45
2 6 220 74.8400 -135.7500 7 239 58.7900 -136.6300
1.9988612888e+00 -2.1220099294e+00 -1.1326798274e+01
54 41 43
2 6 223 118.8900 -124.4200 7 243 103.3100 -129.7300
2.4625124019e+00 -5.6550396531e-01 -5.3231674785e+00
225 190 208
2 6 231 305.7000 -72.8100 7 358 303.8600 -125.5800
2.0368766168e+00 3.3662640279e-01 -6.3215841107e+00
147 111 50
2 6 254 216.2500 35.8100 7 391 224.1000 -12.5200
4.8750996541e-01 8.5304210270e-01 -5.4591366184e+00
148 19 29
2 6 267 58.6500 105.6500 7 419 91.3400 48.1500
1.6814349971e+00 1.3924063484e+00 -5.4056732808e+00
69 30 30
2 6 285 207.3700 172.1500 7 308 232.5100 102.9500
2.2630387521e+00 -3.7983347596e+00 -1.0693097754e+01
84 79 97
2 6 295 140.6600 -236.1100 7 458 119.3200 -236.4000
2.4704178699e+00 -3.2365124300e+00 -1.0224212725e+01
98 89 106
2 6 303 160.9700 -210.7500 7 332 141.1600 -214.7600
2.7842831565e+00 -2.7995190960e+00 -9.1980300813e+00
56 43 54
2 6 304 201.4100 -202.3600 7 333 182.0100 -212.0700
1.6961293982e+00 -3.5925823535e+00 -1.2207217252e+01
10 10 12
2 6 305 92.7700 -196.0800 7 338 72.6800 -193.7400
1.6961293982e+00 -3.5925823535e+00 -1.2207217252e+01
10 10 12
2 6 306 92.7700 -196.0800 7 339 72.6800 -193.7400
2.6380204067e+00 -2.7957280021e+00 -9.6443372611e+00
59 47 61
2 6 308 182.6300 -192.8600 7 334 163.5300 -201.3000
2.6380204067e+00 -2.7957280021e+00 -9.6443372611e+00
59 47 61
2 6 309 182.6300 -192.8600 7 335 163.5300 -201.3000
2.4452319915e+00 -2.9066453854e+00 -1.0207383154e+01
59 52 64
2 6 311 160.2200 -189.6000 7 336 141.2800 -195.6000
2.4452319915e+00 -2.9066453854e+00 -1.0207383154e+01
59 52 64
2 6 312 160.2200 -189.6000 7 337 141.2800 -195.6000
1.6027189348e+00 -2.7091864944e+00 -1.2354633102e+01
47 38 45
2 6 317 87.1800 -145.7400 7 501 69.4800 -146.0400
1.9182291880e+00 -2.2774747641e+00 -1.1492306075e+01
52 42 42
2 6 320 112.2200 -131.8500 7 511 96.4800 -135.7400
1.8724197879e+00 -1.1220695616e+00 -6.7058773260e+00
203 182 70
2 6 324 186.6000 -113.1000 7 504 185.2800 -144.2900
2.4703305966e+00 -5.6897194063e-01 -5.3379127248e+00
227 196 213
2 6 329 305.8200 -73.0300 7 357 303.8600 -125.5800
2.4976111319e+00 -3.9262187514e-01 -5.2850043512e+00
236 188 201
2 6 333 312.3500 -51.5600 7 530 311.4800 -107.3600
2.5036089605e+00 -3.3303521843e-01 -5.2610909644e+00
245 191 207
2 6 336 314.5400 -44.2500 7 532 314.0500 -101.2600
2.1032553332e+00 -2.5949024894e-01 -6.0899841734e+00
114 69 10
2 6 340 231.1500 -29.3800 7 545 234.6600 -75.4600
-5.4140774759e-01 -6.9078691457e-02 -4.7243349816e+00
229 178 190
2 6 351 -81.2200 -12.2900 7 550 -34.1500 -67.5700
-4.4601798099e-01 1.9867600583e-01 -4.5923041247e+00
225 164 172
2 6 366 -69.3800 26.8600 7 562 -19.0000 -34.4600
4.7995903610e-01 2.3005414582e-01 -5.6067774491e+00
125 4 14
2 6 367 56.0400 27.1300 7 387 83.1700 -22.8100
2.0729480764e+00 2.8409742458e-01 -6.3377325448e+00
84 49 7
2 6 369 219.5600 30.1600 7 389 226.4500 -17.8100
-3.8680331944e-01 4.3148953357e-01 -4.5954351607e+00
207 155 168
2 6 376 -60.6800 61.2300 7 576 -8.9600 -2.6000
2.1378265313e+00 6.1589772201e-01 -6.2206641394e+00
176 139 90
2 6 379 230.3400 66.5400 7 404 239.6700 14.3100
3.6863057095e-01 5.5883322400e-01 -5.3980576864e+00
156 27 44
2 6 380 43.9100 69.3300 7 583 77.1100 14.4000
-6.1188015210e-01 5.7636818280e-01 -4.5401052634e+00
189 126 143
2 6 382 -94.9600 83.6700 7 406 -39.2200 18.6400
-6.1188015210e-01 5.7636818280e-01 -4.5401052634e+00
189 126 143
2 6 383 -94.9600 83.6700 7 407 -39.2200 18.6400
2.9318656445e-01 6.8900917085e-01 -5.2733928346e+00
219 197 209
2 6 385 35.3700 87.8100 7 587 71.3000 29.8200
4.3887693407e-01 7.0587927966e-01 -5.3310157310e+00
246 224 228
2 6 387 53.3700 88.8100 7 413 87.9100 31.2900
4.3887693407e-01 7.0587927966e-01 -5.3310157310e+00
246 224 228
2 6 388 53.3700 88.8100 7 414 87.9100 31.2900
-6.3823741625e-01 6.2628100773e-01 -4.5234687716e+00
170 104 126
2 6 391 -99.1500 91.5100 7 411 -42.6700 25.7000
5.1936910100e-01 8.1998628777e-01 -5.4952534092e+00
205 172 197
2 6 393 62.3200 100.9800 7 597 93.8800 43.9900
-7.2340714158e-01 6.8713528016e-01 -4.5029530456e+00
233 178 193
2 6 394 -112.4100 100.9800 7 415 -54.2800 34.9100
-7.6386336298e-01 7.2041431381e-01 -4.5053031752e+00
226 172 182
2 6 396 -118.4000 105.9200 7 417 -59.7800 39.9300
-1.0285816550e+00 7.3924485886e-01 -4.5157502861e+00
229 167 180
2 6 400 -157.5600 108.3600 7 418 -97.1900 44.5100
1.2046918443e+00 1.1078888876e+00 -5.1403805850e+00
184 132 143
2 6 407 156.3300 144.2200 7 433 187.0800 74.7500
2.7434575602e+00 -3.0617453323e+00 -9.3922048912e+00
52 45 57
2 6 435 194.2100 -216.4800 7 468 173.7300 -224.2500
2.4320254379e+00 -3.3330454600e+00 -1.0296054303e+01
101 97 119
2 6 439 157.3800 -215.3900 7 473 137.1500 -218.9000
2.3736094285e+00 -3.3274560459e+00 -1.0412671055e+01
105 97 118
2 6 440 151.9800 -212.6800 7 477 131.9100 -215.9000
2.1238477053e+00 -3.4779375799e+00 -1.1045371685e+01
53 51 65
2 6 443 128.2600 -209.7500 7 681 108.3000 -210.5100
2.1072734326e+00 -3.4164453859e+00 -1.1062247212e+01
85 78 96
2 6 445 127.1500 -205.7500 7 479 107.3900 -206.7500
2.0483480678e+00 -3.3578789711e+00 -1.1194843458e+01
39 35 49
2 6 448 122.3000 -199.8000 7 481 102.6500 -200.8500
2.7177858055e+00 -2.6995699072e+00 -9.4496482764e+00
57 41 47
2 6 457 191.8500 -190.1200 7 482 173.0500 -199.5900
2.7177858055e+00 -2.6995699072e+00 -9.4496482764e+00
57 41 47
2 6 458 191.8500 -190.1200 7 483 173.0500 -199.5900
2.3345644091e+00 -2.8159565579e+00 -1.0532234274e+01
57 46 54
2 6 466 148.4100 -178.2000 7 715 130.2500 -183.3700
1.5908519693e+00 -3.3621315161e+00 -1.2567581264e+01
88 85 103
2 6 467 84.7100 -178.1300 7 491 65.0500 -175.8900
2.3969317569e+00 -2.0936225696e+00 -8.0142007953e+00
187 178 144
2 6 470 199.2500 -174.6200 7 484 186.2400 -192.0100
2.4841012460e+00 -2.5427159679e+00 -9.9948359286e+00
67 55 65
2 6 473 166.4400 -169.5500 7 719 149.0600 -177.7600
1.6499417409e+00 -3.0007818859e+00 -1.2379609043e+01
54 48 60
2 6 479 89.3300 -161.3900 7 495 70.8800 -160.5900
2.2554519450e+00 -1.9749178054e+00 -8.3141993512e+00
113 98 80
2 6 480 181.3700 -158.8600 7 492 169.3000 -175.6900
2.0453151253e+00 -2.3469578464e+00 -1.1241906880e+01
63 47 57
2 6 486 122.2200 -139.0700 7 506 106.2600 -143.5200
2.2567954869e+00 -2.2070543246e+00 -1.0627491544e+01
121 118 134
2 6 488 142.7600 -138.3000 7 503 127.0100 -145.6500
2.1141767324e+00 -8.3692694189e-01 -6.2321104887e+00
216 192 86
2 6 504 226.5100 -90.9700 7 516 225.4300 -129.8000
2.4745552027e+00 -5.9578493017e-01 -5.4138498192e+00
221 70 104
2 6 511 302.3600 -75.1600 7 776 299.8200 -126.6000
2.4724749325e+00 -5.1333063899e-01 -5.3789345860e+00
239 180 193
2 6 516 304.1000 -65.5000 7 786 302.3600 -118.4300
2.0215521477e+00 -5.3118994995e-01 -6.4157562290e+00
228 191 78
2 6 519 211.3600 -55.9900 7 534 212.3600 -96.1800
2.2104719752e+00 -4.4355165845e-01 -6.0415216752e+00
229 196 57
2 6 525 244.3800 -50.1900 7 535 245.4900 -95.3000
2.2104719752e+00 -4.4355165845e-01 -6.0415216752e+00
229 196 57
2 6 526 244.3800 -50.1900 7 536 245.4900 -95.3000
8.2884915887e-01 -3.4429450870e-01 -5.4120192245e+00
169 46 60
2 6 529 101.5700 -44.8000 7 806 122.9900 -93.0300
2.1600609957e+00 -3.3370262526e-01 -6.0952855522e+00
97 62 2
2 6 532 236.9600 -37.6000 7 816 239.4100 -83.0000
2.5090120187e+00 -2.7611962351e-01 -5.2427085970e+00
232 191 210
2 6 533 316.2300 -37.2500 7 800 316.3700 -95.2000
2.1345366645e+00 -2.9584193997e-01 -6.1000075598e+00
120 75 14
2 6 535 234.1000 -33.3600 7 818 237.0300 -79.0400
2.5090112057e+00 -2.2270234625e-01 -5.2805005923e+00
240 192 195
2 6 536 314.3600 -30.0900 7 543 314.5900 -88.4400
2.1049802320e+00 2.9849872877e-01 -6.3244172736e+00
176 139 48
2 6 562 223.2400 31.6400 7 571 230.2300 -16.5600
-3.6625141887e-01 4.4954696908e-01 -4.6357300121e+00
171 123 144
2 6 577 -57.0900 63.4700 7 578 -6.3000 0.0600
-3.5342422419e-01 4.7719683979e-01 -4.6598602919e+00
220 191 199
2 6 581 -54.8200 67.3200 7 581 -4.6100 3.8600
-1.0231730754e+00 4.8706723669e-01 -4.5633523345e+00
173 160 195
2 6 583 -155.4700 69.8000 7 582 -97.3800 9.2300
1.4855311239e-01 6.0281505058e-01 -5.3307953480e+00
73 21 45
2 6 585 16.3300 75.8800 7 900 52.5200 20.6200
3.7454890284e-01 6.4807728035e-01 -5.3428982367e+00
243 214 219
2 6 588 45.2300 81.4500 7 586 79.4200 24.6500
1.5811362721e-01 6.9477239360e-01 -5.3709244873e+00
71 6 13
2 6 591 17.5600 87.1700 7 588 53.5200 31.5900
-6.1126012306e-01 6.2039884039e-01 -4.5464008950e+00
237 174 184
2 6 592 -94.5900 90.2700 7 909 -38.9600 24.7200
-8.9554869307e-01 7.1359881740e-01 -4.4948974680e+00
228 165 173
2 6 597 -138.4900 104.9800 7 590 -78.5600 39.9700
-9.5202380752e-01 7.9833302651e-01 -4.5191579546e+00
157 100 122
2 6 605 -146.0000 117.2000 7 601 -85.9000 52.3200
-3.7082505163e+00 3.7558873338e+00 -1.1438465977e+01
146 93 86
2 6 619 -219.3700 225.4000 7 1037 -212.5600 230.5400
2.1385072289e+00 -3.8286248910e+00 -1.1003068499e+01
51 45 59
2 6 630 129.3300 -231.3900 7 652 108.0600 -230.9300
2.1779110546e+00 -3.7750928724e+00 -1.0892641379e+01
89 87 105
2 6 631 132.9900 -230.5400 7 653 111.9700 -230.4100
9.5724281547e-01 -4.8994060690e+00 -1.4147592668e+01
48 48 57
2 6 632 44.3900 -230.3300 7 670 20.9900 -220.5000
2.1699123020e+00 -3.6678522068e+00 -1.0868048936e+01
88 85 102
2 6 642 132.9600 -224.5500 7 662 112.2300 -225.0200
2.6142753152e+00 -3.2671990280e+00 -9.7784353059e+00
59 54 71
2 6 650 177.7900 -222.0100 7 657 157.1700 -227.3700
2.9085330271e+00 -2.9404414795e+00 -8.9303399771e+00
56 47 62
2 6 658 215.9600 -218.4100 7 656 195.2900 -228.3200
2.3236969643e+00 -3.4043963480e+00 -1.0613165907e+01
99 95 118
2 6 662 146.0200 -213.4700 7 677 125.7000 -215.8900
2.2591674888e+00 -3.4282797375e+00 -1.0786380149e+01
56 46 58
2 6 666 139.7500 -211.5600 7 680 119.4700 -213.4300
2.7455584662e+00 -2.9098500240e+00 -9.3386762256e+00
117 110 126
2 6 674 195.6500 -207.1000 7 676 175.8600 -215.8000
2.2973996002e+00 -3.2063617634e+00 -1.0538532766e+01
53 46 61
2 6 679 145.5500 -202.6500 7 686 126.1400 -206.0100
2.4515290985e+00 -3.0814736913e+00 -1.0190853728e+01
68 59 74
2 6 680 160.5500 -201.3400 7 684 141.1900 -206.3400
2.0912729774e+00 -3.3294262889e+00 -1.1166021782e+01
88 81 97
2 6 685 125.2000 -198.6200 7 692 105.5400 -199.8900
1.5775466359e+00 -3.7404906885e+00 -1.2568812697e+01
36 26 32
2 6 688 83.7200 -198.2300 7 699 63.1600 -194.6600
2.4334134381e+00 -3.0020925906e+00 -1.0226696241e+01
100 93 109
2 6 691 158.9600 -195.5000 7 691 139.8800 -200.8200
1.9166563219e+00 -3.4051106078e+00 -1.1654961894e+01
52 47 68
2 6 692 109.9400 -194.6600 7 697 90.2400 -194.3500
1.9166563219e+00 -3.4051106078e+00 -1.1654961894e+01
52 47 68
2 6 693 109.9400 -194.6600 7 698 90.2400 -194.3500
2.5864615111e+00 -2.7546307903e+00 -9.7615971778e+00
47 34 47
2 6 698 177.0200 -187.8800 7 695 158.4000 -195.9900
2.0334177613e+00 -3.1971936572e+00 -1.1377365611e+01
90 78 86
2 6 699 119.6200 -187.2500 7 708 100.4400 -188.4700
1.7820250168e+00 -3.3753863920e+00 -1.2048973101e+01
44 36 49
2 6 701 99.0300 -186.5400 7 713 79.2300 -185.6000
2.3765389924e+00 -2.8330057506e+00 -1.0311931217e+01
57 46 60
2 6 704 154.2200 -183.0600 7 705 135.9200 -188.8700
1.9180271648e+00 -3.0742489389e+00 -1.1625092043e+01
57 49 60
2 6 712 110.5400 -176.2200 7 722 91.8900 -177.1800
1.9160054256e+00 -2.9948292706e+00 -1.1583480537e+01
89 85 99
2 6 718 110.8700 -172.2800 7 726 92.5100 -173.6200
1.9160054256e+00 -2.9948292706e+00 -1.1583480537e+01
89 85 99
2 6 719 110.8700 -172.2800 7 727 92.5100 -173.6200
2.4276142210e+00 -2.4915341589e+00 -1.0203773541e+01
106 99 115
2 6 732 159.5500 -162.6900 7 732 142.3300 -170.5200
2.4276142210e+00 -2.4915341589e+00 -1.0203773541e+01
106 99 115
2 6 733 159.5500 -162.6900 7 733 142.3300 -170.5200
2.3421238498e+00 -2.5167131183e+00 -1.0408344986e+01
64 53 67
2 6 735 150.9200 -161.1700 7 737 133.9100 -168.0200
2.3421238498e+00 -2.5167131183e+00 -1.0408344986e+01
64 53 67
2 6 737 150.9200 -161.1700 7 739 133.9100 -168.0200
1.2242790635e+00 -2.9556715233e+00 -1.3587703478e+01
74 67 78
2 6 744 60.2100 -144.4700 7 756 41.5100 -140.8000
2.0830842303e+00 -2.1728112424e+00 -1.1131004328e+01
68 55 68
2 6 751 126.0600 -129.7200 7 763 110.2000 -135.6300
2.2993332640e+00 -1.1053267076e+00 -5.8145780422e+00
197 196 106
2 6 753 262.0900 -128.3000 7 736 257.7200 -168.3400
2.2647083494e+00 -2.0048029328e+00 -1.0646146386e+01
71 60 79
2 6 758 143.1800 -125.2500 7 768 128.1000 -133.3900
2.1250562905e+00 -1.9891566303e+00 -1.0882266929e+01
91 79 87
2 6 760 131.5700 -121.4300 7 771 116.6000 -128.7600
2.1250562905e+00 -1.9891566303e+00 -1.0882266929e+01
91 79 87
2 6 761 131.5700 -121.4300 7 772 116.6000 -128.7600
1.9601433090e+00 -2.0045705999e+00 -1.1396671386e+01
62 50 55
2 6 768 116.0000 -116.6100 7 782 100.7200 -122.1600
2.4796202834e+00 -4.7282735036e-01 -5.3622019408e+00
233 187 193
2 6 790 305.8500 -60.7300 7 790 304.5100 -114.3500
2.2249139508e+00 -2.3019947533e-01 -6.0202808832e+00
175 144 33
2 6 814 246.9600 -26.5500 7 823 249.6600 -74.0700
2.5153631150e+00 -1.8241332208e-01 -5.2696032665e+00
237 192 205
2 6 816 315.6900 -25.1300 7 815 316.4100 -84.0700
2.1473619754e+00 5.4201207377e-01 -6.1772080483e+00
139 84 16
2 6 860 233.0600 58.9300 7 882 241.6500 6.4900
-7.7506891163e-01 4.6831380462e-01 -4.5467453918e+00
182 160 191
2 6 874 -119.0900 67.4600 7 878 -62.9900 4.5900
-9.7603641057e-01 5.1276332938e-01 -4.5330800429e+00
147 198 228
2 6 884 -149.4800 74.0700 7 891 -90.9200 12.3000
-8.4702674852e-01 6.4080807839e-01 -4.5246913214e+00
235 199 217
2 6 899 -130.4000 93.5100 7 916 -71.9800 29.3300
5.2132907972e-01 8.6636292364e-01 -5.4704671502e+00
202 159 176
2 6 912 62.7600 107.1000 7 935 95.0700 49.4700
-7.4602344763e-01 7.4066026478e-01 -4.5051394637e+00
146 87 107
2 6 915 -115.6900 109.0000 7 927 -57.1300 42.6500
3.7450813462e-01 9.3832985793e-01 -5.4978933977e+00
203 132 150
2 6 921 44.0800 115.4800 7 941 78.2200 58.9300
-8.5209865444e-01 8.1645809746e-01 -4.5206302921e+00
216 161 173
2 6 926 -131.1300 119.8900 7 938 -71.5100 54.2200
5.1333769922e-01 1.0809762410e+00 -5.5420216749e+00
142 34 59
2 6 929 60.7000 131.9600 7 951 94.3200 74.5200
-3.7083875358e+00 3.3220096253e+00 -1.1419300560e+01
144 80 72
2 6 951 -220.4700 200.4400 7 985 -214.1000 205.3800
-5.0444546981e+00 3.3634266189e+00 -1.1154052124e+01
128 72 58
2 6 958 -302.8900 204.9400 7 1001 -297.7800 214.9700
-5.0444546981e+00 3.3634266189e+00 -1.1154052124e+01
128 72 58
2 6 959 -302.8900 204.9400 7 1002 -297.7800 214.9700
-5.1886176613e+00 3.3518764831e+00 -1.1085047758e+01
125 72 64
2 6 960 -312.8700 205.0800 7 639 -307.9200 215.6100
-5.1886176613e+00 3.3518764831e+00 -1.1085047758e+01
125 72 64
2 6 961 -312.8700 205.0800 7 640 -307.9200 215.6100
-3.6269736281e+00 3.4635215018e+00 -1.1492137441e+01
129 57 41
2 6 963 -214.2400 207.6000 7 995 -207.8600 212.4500
-3.7079927814e+00 3.4764423945e+00 -1.1533513668e+01
130 57 30
2 6 964 -218.0200 207.6600 7 996 -212.0800 212.7500
-4.7579571797e+00 3.4410372158e+00 -1.1141864367e+01
130 72 56
2 6 975 -286.7500 210.2100 7 1006 -280.6900 219.2100
-3.5951810918e+00 3.5387069377e+00 -1.1466589750e+01
132 53 30
2 6 980 -212.7200 212.4600 7 1005 -206.1600 217.1000
-4.6359558622e+00 3.5457688534e+00 -1.1195767793e+01
134 72 65
2 6 985 -278.1900 215.7700 7 1023 -272.1000 224.3100
-4.5961306979e+00 3.6297098801e+00 -1.1168244965e+01
135 75 58
2 6 992 -276.4700 221.1600 7 1036 -269.9000 229.7600
-3.3179486327e+00 3.7487727043e+00 -1.1490801107e+01
143 85 86
2 6 994 -196.1600 224.4100 7 1033 -188.7600 228.3900
2.3442814944e+00 -1.6286392195e+00 -5.6549786040e+00
214 38 63
2 6 21 272.4100 -192.2800 5 12 227.0900 -203.4800
6.9215622710e-01 2.8393136186e-01 -5.5126591475e+00
204 29 53
2 6 24 83.2600 34.5700 5 21 83.1600 23.4800
6.9215622710e-01 2.8393136186e-01 -5.5126591475e+00
204 29 53
2 6 25 83.2600 34.5700 5 22 83.1600 23.4800
-7.4194600692e-01 -2.8244673667e-01 -5.0128299002e+00
235 183 196
2 6 48 -103.9900 -41.0300 5 48 -96.7200 -40.2700
-7.9495853611e-01 5.6626804997e-01 -4.5343935567e+00
162 189 226
2 6 76 -122.3300 82.8800 5 87 -86.2600 87.4700
2.0925912328e+00 1.1040382013e+00 -5.8569439387e+00
212 176 116
2 6 79 238.8400 126.9200 5 112 224.1600 100.4300
-2.9926003139e+00 3.4865291078e+00 -1.3949130722e+01
29 26 34
2 6 145 -147.0300 176.2100 5 236 -238.7800 219.9500
7.8970059964e-01 -3.9764092071e-03 -5.6324230394e+00
81 4 10
2 6 176 93.1200 -1.7300 5 201 86.0300 -11.3600
-2.8069394077e+00 3.7465390761e+00 -1.5834729804e+01
96 85 103
2 6 201 -121.8400 166.7400 5 233 -219.2500 209.9500
1.2099814164e+00 -2.4929445096e+00 -1.2852854374e+01
25 29 49
2 6 222 63.0200 -128.6700 5 246 -40.4800 -116.5400
1.8854140400e+00 -1.0100266480e+00 -6.6576456607e+00
203 178 60
2 6 225 189.4500 -102.4000 5 247 142.0800 -111.2500
1.2571838171e+00 -5.7665669525e-02 -5.2793262140e+00
215 151 156
2 6 240 159.1300 -9.2300 5 271 156.1000 -26.2400
6.9988451088e-01 7.6876699482e-02 -5.6912270921e+00
199 45 81
2 6 246 81.4800 8.3100 5 277 74.2900 -0.4500
2.7631195109e-01 1.3465123688e-01 -5.5322274416e+00
204 42 82
2 6 249 31.5500 15.7400 5 280 30.9900 9.9200
7.1152357178e-01 1.7111533674e-01 -5.6154129668e+00
111 13 20
2 6 252 83.9900 19.6500 5 282 79.8700 10.5000
-5.8038264537e-01 4.0640781005e-01 -4.5659354053e+00
211 160 172
2 6 256 -89.7600 58.2300 5 213 -54.8100 58.1200
4.8599450107e-01 8.9746786955e-01 -5.5139098215e+00
138 12 28
2 6 272 57.7200 109.9700 5 301 66.2600 103.6900
-9.1109830645e-01 7.7147197122e-01 -4.5167128751e+00
224 165 176
2 6 274 -140.0400 113.3900 5 311 -101.7500 123.9300
1.9873055295e+00 -2.2494321257e+00 -1.1502225764e+01
104 96 105
2 6 323 116.3000 -130.1100 5 349 19.1300 -121.9800
8.2985111805e-01 1.5954250786e-02 -5.6051848067e+00
223 197 213
2 6 360 98.4700 0.8100 5 391 91.9800 -9.7400
2.1397086155e+00 5.4963476104e-01 -6.1495169799e+00
149 93 24
2 6 375 233.2100 60.1100 5 404 206.4300 39.4300
1.0611368915e+00 6.0748467566e-01 -5.4057894519e+00
102 6 13
2 6 381 131.2000 75.2100 5 414 135.1600 59.7200
-7.8661532370e-01 9.3366006805e-01 -4.5722694385e+00
158 124 143
2 6 406 -119.8700 136.1200 5 456 -79.8500 146.7200
2.8700557289e+00 -3.0958268825e+00 -9.0921646208e+00
122 117 137
2 6 430 209.2100 -226.0200 5 471 116.5300 -221.7000
2.6426530145e+00 -3.2085962839e+00 -9.6933943963e+00
117 111 132
2 6 433 181.2900 -220.0300 5 474 85.9500 -214.5300
2.2254017234e+00 -2.9550010248e+00 -1.0799503909e+01
108 101 117
2 6 462 137.9600 -182.4300 5 490 39.9900 -175.1500
2.5579823907e+00 -2.5297512483e+00 -9.8648082400e+00
120 114 129
2 6 471 173.5800 -170.9000 5 497 81.5300 -166.8600
2.4882499330e+00 -2.5473627925e+00 -1.0012983350e+01
67 55 65
2 6 474 166.4400 -169.5500 5 499 73.7800 -165.0900
2.2179055829e+00 -1.4266700409e+00 -5.8923861713e+00
201 153 45
2 6 477 248.9500 -162.9300 5 492 204.4800 -173.7000
2.2179055829e+00 -1.4266700409e+00 -5.8923861713e+00
201 153 45
2 6 478 248.9500 -162.9300 5 493 204.4800 -173.7000
2.2642338163e+00 -2.3221866148e+00 -1.0747312737e+01
74 53 61
2 6 482 141.6100 -144.0100 5 505 47.1300 -137.8600
2.1167108326e+00 -7.9756825397e-01 -6.2076737301e+00
217 194 83
2 6 507 227.6400 -87.0500 5 355 186.2300 -100.2100
2.1576410928e+00 -6.9711139949e-01 -6.1392549133e+00
163 137 40
2 6 509 234.6400 -76.9100 5 359 194.6700 -91.5300
2.1987635354e+00 -4.7018497101e-01 -6.0299659842e+00
225 194 63
2 6 521 243.4800 -53.3600 5 374 207.0700 -69.6400
-8.3718944893e-01 3.9185518418e-01 -4.5817307729e+00
245 237 249
2 6 573 -127.4800 55.5800 5 415 -96.3300 60.1500
1.0409886266e+00 5.1198499378e-01 -5.4232848870e+00
201 41 74
2 6 576 128.2700 63.0000 5 408 130.7800 48.0600
2.8506240994e+00 -3.1904052406e+00 -9.2390862995e+00
116 113 136
2 6 633 204.5000 -229.2000 5 649 110.5900 -224.3200
2.4203864191e+00 -3.3785182743e+00 -1.0239585638e+01
51 47 63
2 6 656 157.4100 -219.5200 5 476 59.3300 -212.5900
2.8349238528e+00 -2.9301383412e+00 -9.1415037597e+00
115 100 121
2 6 663 205.9700 -213.0800 5 659 114.2100 -209.2200
2.7062236521e+00 -3.0232256972e+00 -9.4976892598e+00
32 30 45
2 6 665 189.5700 -211.6800 5 660 96.0000 -207.0400
2.5614676345e+00 -3.0951297013e+00 -9.9577987995e+00
115 109 126
2 6 675 171.4500 -207.0200 5 664 75.7900 -201.0400
2.2891683116e+00 -3.2061802191e+00 -1.0671949507e+01
113 109 127
2 6 682 143.3000 -200.1200 5 674 44.4300 -192.8100
2.5191344293e+00 -2.5986775415e+00 -9.9247709393e+00
67 61 76
2 6 714 169.8600 -174.5800 5 495 77.3000 -170.0300
2.3374575662e+00 -2.7492064070e+00 -1.0500056542e+01
116 108 123
2 6 716 149.1300 -174.5700 5 681 53.3800 -168.3700
2.3704399204e+00 -2.5030623675e+00 -1.0315917195e+01
104 104 123
2 6 734 154.1400 -161.6100 5 695 60.5100 -156.6600
2.4541883282e+00 -2.4009302518e+00 -1.0064601024e+01
111 103 121
2 6 738 163.5100 -159.0600 5 696 71.5700 -154.6300
2.0060965687e+00 -1.9742754171e+00 -1.1357686706e+01
107 91 101
2 6 770 119.0600 -115.3200 5 737 23.9300 -108.0600
2.4669983653e+00 -5.4267985734e-01 -5.3448059380e+00
208 106 133
2 6 785 305.2300 -69.6100 5 750 274.1700 -91.9600
2.4669983653e+00 -5.4267985734e-01 -5.3448059380e+00
208 106 133
2 6 786 305.2300 -69.6100 5 751 274.1700 -91.9600
2.4585702039e+00 -4.8092737536e-01 -5.3700232235e+00
206 60 87
2 6 789 303.0200 -61.5900 5 755 272.4400 -84.3200
2.4905938650e+00 -4.1947902956e-01 -5.3246200685e+00
208 95 123
2 6 791 309.3800 -54.4800 5 759 279.6000 -78.2400
2.2217215004e+00 -4.2826184717e-01 -5.9821585712e+00
167 135 16
2 6 795 247.9200 -49.0700 5 771 212.3500 -66.1400
-7.9016192526e-01 -2.6055201291e-01 -4.9352510485e+00
165 188 229
2 6 802 -112.2600 -38.9800 5 795 -102.5000 -37.6600
2.5046071052e+00 -1.9958231532e-01 -5.2829261134e+00
215 80 98
2 6 810 313.7100 -27.2600 5 779 286.9500 -53.3800
2.5046071052e+00 -1.9958231532e-01 -5.2829261134e+00
215 80 98
2 6 811 313.7100 -27.2600 5 780 286.9500 -53.3800
2.2431507678e+00 -1.4191615566e-02 -5.9294592752e+00
167 136 16
2 6 829 252.8100 -2.5300 5 820 222.2300 -22.5700
2.4364352986e+00 9.4775092045e-02 -5.4200481685e+00
184 158 92
2 6 837 298.5100 9.9600 5 826 274.3800 -16.9400
-6.2587256494e-01 4.5154001235e-01 -4.5959450361e+00
220 158 170
2 6 868 -95.9200 64.3300 5 872 -61.9700 66.1700
1.9652096403e-01 6.6428973888e-01 -5.3376355557e+00
187 157 176
2 6 890 22.5500 83.7200 5 891 34.5500 79.4900
-7.1603360908e-01 9.1174384732e-01 -4.5818126376e+00
132 93 111
2 6 931 -109.2300 132.7900 5 913 -69.0900 141.4500
-2.3603358738e+00 2.9882686418e+00 -1.1593084267e+01
91 86 95
2 6 940 -139.8100 179.4700 5 641 -217.0500 222.2800
1.5867906266e+00 3.8692623458e-01 -5.8710507999e+00
205 41 51
2 7 4 196.5500 -9.2700 5 7 165.1700 27.8000
-2.3669613803e+00 1.6363316607e+00 -1.1982448522e+01
124 105 114
2 7 92 -134.9400 98.5300 5 91 -224.1600 134.0800
1.8486401222e+00 -1.0973080642e+00 -6.6428711880e+00
226 207 90
2 7 98 185.1900 -143.7600 5 67 138.4200 -119.5500
-7.3406850911e-01 3.3494756448e-01 -4.6828378474e+00
223 153 168
2 7 106 -57.4100 -12.8700 5 55 -82.4900 49.3400
-7.3406850911e-01 3.3494756448e-01 -4.6828378474e+00
223 153 168
2 7 107 -57.4100 -12.8700 5 56 -82.4900 49.3400
1.3244697614e+00 1.3068083747e-01 -5.4040115774e+00
132 26 23
2 7 137 182.9000 -40.7900 5 141 159.2800 -2.5400
9.4692683247e-01 1.6219661997e-01 -5.6497912975e+00
135 14 22
2 7 139 133.5500 -32.2700 5 207 105.0200 6.9800
-8.9911122757e-01 2.1022047531e-01 -4.5959871700e+00
223 160 168
2 7 140 -81.6000 -29.7000 5 105 -109.1400 31.7800
1.3968310080e+00 1.3088999968e+00 -5.2310368403e+00
200 144 155
2 7 159 207.1500 97.0700 5 164 191.8600 144.2400
-1.8483915278e+00 1.9282257938e+00 -1.1283165821e+01
121 100 115
2 7 164 -108.9900 117.9400 5 165 -191.8100 154.8200
-4.6568283393e-01 -1.3399209393e-01 -4.9358822075e+00
251 208 218
2 7 192 -25.0100 -71.7000 5 195 -53.4500 -23.8000
1.1331382844e+00 7.0840026211e-02 -5.3722415474e+00
134 59 62
2 7 197 161.9900 -47.2700 5 202 138.5500 -8.2300
7.7193712920e-01 -2.2120316860e+00 -1.1956946541e+01
150 127 125
2 7 246 29.6000 -123.8500 5 248 -55.1900 -110.7500
-7.6862902748e-01 3.1586491687e-01 -4.5750282999e+00
217 152 166
2 7 271 -62.8500 -16.3600 5 210 -86.3200 46.8700
3.7014316553e-01 6.5041672920e-01 -5.3606749390e+00
249 236 236
2 7 291 78.6200 24.7400 5 219 55.1300 75.2200
2.0828785849e+00 -1.7483059490e+00 -8.7743718924e+00
197 186 164
2 7 353 148.6400 -148.9500 5 346 81.9700 -132.6000
1.8806313582e+00 -1.0247006191e+00 -6.6481951594e+00
234 210 88
2 7 356 188.4400 -136.9100 5 352 141.9100 -112.6200
2.1598786171e+00 -5.9928852981e-01 -6.0334904231e+00
243 216 80
2 7 360 239.6200 -111.0700 5 363 201.6400 -82.9900
2.2108056476e+00 -5.0327325630e-01 -5.9899954908e+00
190 158 35
2 7 363 247.1200 -102.2700 5 368 210.0300 -74.0600
2.2108056476e+00 -5.0327325630e-01 -5.9899954908e+00
190 158 35
2 7 364 247.1200 -102.2700 5 369 210.0300 -74.0600
-5.1012880343e-01 3.5489704335e-01 -4.5556420800e+00
186 125 131
2 7 390 -26.5500 -12.9600 5 410 -44.2000 49.1200
-5.4846632942e-01 4.2109924991e-01 -4.5585026579e+00
149 91 108
2 7 394 -31.2600 -3.7100 5 416 -49.4800 60.5300
-9.0096059015e-01 8.0370811747e-01 -4.5213384407e+00
184 119 134
2 7 425 -78.5300 52.7200 5 447 -99.6300 129.1000
2.2642079241e+00 -2.2134606370e+00 -1.0649345494e+01
153 149 170
2 7 502 127.0100 -145.6500 5 509 49.6000 -132.9600
2.0904690033e+00 -8.0412793330e-01 -6.2439549725e+00
184 192 135
2 7 521 223.0300 -126.0000 5 520 182.0100 -100.1300
2.0904690033e+00 -8.0412793330e-01 -6.2439549725e+00
184 192 135
2 7 522 223.0300 -126.0000 5 521 182.0100 -100.1300
2.1833644890e+00 -5.5711549828e-01 -6.0756616147e+00
246 219 83
2 7 531 240.4300 -105.6100 5 535 202.2300 -78.2700
1.1549879054e+00 -3.0981461195e-01 -5.2925151287e+00
163 93 103
2 7 538 163.9700 -93.0800 5 543 140.3000 -56.9900
1.2406186289e+00 -9.7616947419e-02 -5.2692638674e+00
156 83 91
2 7 549 176.4200 -69.2100 5 555 154.2500 -31.4100
-5.2874592878e-01 3.3381161675e-01 -4.5573054442e+00
247 197 208
2 7 572 -29.3000 -15.7400 5 599 -47.4900 46.0400
2.5453575157e+00 -2.9434311034e+00 -9.9041722902e+00
140 131 150
2 7 689 152.3400 -204.4000 5 673 76.9800 -192.8100
2.4647664218e+00 -2.5934842547e+00 -1.0070818469e+01
128 115 128
2 7 717 146.2900 -179.3100 5 682 70.7800 -166.9800
2.3150979556e+00 -2.7114715832e+00 -1.0529524159e+01
80 68 82
2 7 721 129.5600 -177.3000 5 683 51.7000 -165.5600
2.1157176976e+00 -8.9778009084e-01 -6.1998085038e+00
200 170 46
2 7 761 226.2600 -136.2500 5 730 185.4600 -110.7700
2.1157176976e+00 -8.9778009084e-01 -6.1998085038e+00
200 170 46
2 7 762 226.2600 -136.2500 5 731 185.4600 -110.7700
2.1608519873e+00 -8.4421647323e-01 -6.1077782049e+00
200 173 44
2 7 767 234.5900 -133.5800 5 515 194.9400 -107.2800
2.1211425985e+00 -8.2883256117e-01 -6.1675325537e+00
196 170 45
2 7 769 228.6500 -130.5300 5 518 188.3300 -104.2000
2.1211425985e+00 -8.2883256117e-01 -6.1675325537e+00
196 170 45
2 7 770 228.6500 -130.5300 5 519 188.3300 -104.2000
1.9065314596e+00 -2.0635476209e+00 -1.1579366258e+01
74 49 49
2 7 780 95.6100 -122.9000 5 735 14.4200 -110.1300
2.2143762650e+00 -4.6630688808e-01 -5.9909250385e+00
206 173 42
2 7 797 247.7800 -98.5800 5 540 210.7300 -70.0700
-8.9987993715e-01 -3.7746222331e-01 -5.2027644739e+00
236 189 200
2 7 805 -80.2500 -93.5400 5 377 -122.7400 -49.6200
2.2004952492e+00 -3.4701437540e-01 -6.0341478764e+00
206 171 32
2 7 814 245.6400 -85.5200 5 544 208.4800 -56.7200
-9.4384675736e-01 -2.1218726214e-01 -5.0080533925e+00
157 204 237
2 7 821 -86.4600 -77.3500 5 805 -125.6100 -28.8100
-9.5235371593e-01 -1.6533462510e-01 -4.9625853714e+00
119 141 190
2 7 824 -87.7000 -72.3600 5 563 -125.9500 -22.4700
8.8744739697e-01 1.4330869311e-01 -5.6281283890e+00
150 41 66
2 7 855 127.5400 -34.5000 5 844 98.9900 5.3300
-9.2640154981e-01 3.1457237527e-01 -4.6185973776e+00
228 166 183
2 7 864 -84.4100 -15.0200 5 601 -112.3900 49.1300
-6.9362298285e-01 3.9166024120e-01 -4.5749323508e+00
202 130 146
2 7 870 -51.9000 -6.3500 5 870 -73.1800 57.8500
3.2741811512e-01 6.4002960010e-01 -5.3192110734e+00
155 106 126
2 7 905 74.1400 23.9000 5 882 51.4600 74.4700
3.4108580949e-01 6.6422926569e-01 -5.3290684886e+00
247 224 229
2 7 913 75.7700 26.7000 5 613 53.0600 77.4300
-1.0767578746e+00 8.1533296773e-01 -4.5653873203e+00
249 196 203
2 7 939 -102.9000 55.6500 5 912 -128.8300 133.4600
1.6312826871e+00 1.4168262202e+00 -5.3817075856e+00
189 140 135
2 7 960 228.0200 106.4800 5 915 209.5100 150.6900
