# Bundle file v0.3
9 286
0 0 0
0 0 0
0 0 0
0 0 0
0 0 0
0 0 0
0 0 0
0 0 0
0 0 0
0 0 0
0 0 0
0 0 0
0 0 0
0 0 0
0 0 0
0 0 0
0 0 0
0 0 0
0 0 0
0 0 0
0 0 0
0 0 0
0 0 0
0 0 0
0 0 0
0 0 0
0 0 0
0 0 0
0 0 0
0 0 0
6.5320943157e+02 -3.4059042476e-02 -8.0442442386e-03
9.9998654270e-01 -2.9767008028e-03 4.2489605116e-03
3.0124710047e-03 9.9995986895e-01 -8.4371507329e-03
-4.2236751230e-03 8.4498370620e-03 9.9995537942e-01
3.1121835792e-02 -8.1159813370e-02 1.8161750416e-01
6.5769126433e+02 -3.5392193183e-02 -6.9819404996e-04
9.9694286889e-01 4.9239419630e-02 6.0666265074e-02
-4.5551453320e-02 9.9711346940e-01 -6.0743676560e-02
-6.3482133423e-02 5.7794538635e-02 9.9630808992e-01
6.0869482555e-01 -7.7643333632e-01 -2.4161340143e-01
0 0 0
0 0 0
0 0 0
0 0 0
0 0 0
1.8771498121e+00 -1.1217122504e+00 -6.7279909633e+00
203 182 70
2 6 325 186.6000 -113.1000 7 505 185.2800 -144.2900
2.1531246874e+00 -8.5480985337e-01 -6.2035911844e+00
221 195 83
2 6 501 232.6100 -94.2900 7 513 231.0500 -133.6600
2.1531246874e+00 -8.5480985337e-01 -6.2035911844e+00
221 195 83
2 6 500 232.6100 -94.2900 7 512 231.0500 -133.6600
2.1692576933e+00 -8.4260074014e-01 -6.1595142875e+00
177 153 51
2 6 778 235.9600 -93.7600 7 766 234.5900 -133.5800
2.1775452524e+00 -7.4461805545e-01 -6.1926228030e+00
214 189 76
2 6 508 235.6200 -82.6500 7 523 234.7100 -123.2200
2.1774493089e+00 -6.6331309900e-01 -6.1419436148e+00
215 190 73
2 6 328 237.6100 -74.5900 7 359 237.4300 -116.4400
2.1637123517e+00 -7.8235740042e-01 -6.1902021650e+00
215 191 85
2 6 781 234.1700 -86.8000 7 775 233.2700 -126.8800
2.4788347456e+00 -4.5092404579e-01 -5.3962525937e+00
226 182 185
2 6 163 308.2400 -59.3400 7 183 306.7600 -113.6100
2.1390857048e+00 -9.5461524463e-01 -6.2596680708e+00
212 189 70
2 6 326 228.6500 -104.2400 7 355 227.0900 -141.5600
1.8836266917e+00 -1.0851189230e+00 -6.7418823528e+00
41 28 0
2 6 771 186.9200 -109.1800 7 757 185.5800 -140.7200
1.8836266917e+00 -1.0851189230e+00 -6.7418823528e+00
41 28 0
2 6 772 186.9200 -109.1800 7 758 185.5800 -140.7200
2.4840942780e+00 -3.3594459919e-01 -5.3791873344e+00
234 192 195
2 6 528 309.9400 -45.2700 7 533 309.3700 -101.2900
2.4781544661e+00 -3.8680663444e-01 -5.3985592299e+00
239 180 181
2 6 793 308.0600 -51.3800 7 794 307.1300 -106.4500
2.0685853965e+00 -6.0179700074e-01 -6.3017304259e+00
218 186 68
2 6 46 220.4100 -65.7700 7 51 220.6100 -106.8200
-9.2400864463e-01 5.5279709408e-01 -4.5520806431e+00
21 27 43
2 6 54 -136.5500 75.8500 7 57 -78.7900 13.0600
-9.2400864463e-01 5.5279709408e-01 -4.5520806431e+00
21 27 43
2 6 55 -136.5500 75.8500 7 58 -78.7900 13.0600
-9.2400864463e-01 5.5279709408e-01 -4.5520806431e+00
21 27 43
2 6 56 -136.5500 75.8500 7 59 -78.7900 13.0600
-8.8850237099e-01 -1.9590198894e-01 -5.0017422002e+00
23 24 28
2 6 66 -118.7900 -32.0500 7 75 -74.9800 -79.7100
8.3473514112e-01 8.7354112764e-02 -5.5650110617e+00
210 178 197
2 6 49 101.7700 6.5300 7 54 124.9700 -43.6100
3.1343143692e-02 3.8160383371e-01 -5.4286713438e+00
152 22 32
2 6 53 4.8600 43.2200 7 83 38.3700 -7.9800
-9.6765887047e-01 6.6347116855e-01 -4.5729846977e+00
192 205 242
2 6 78 -142.5900 91.8000 7 88 -83.9200 29.0700
1.0117250280e+00 2.3667189667e-02 -5.4373242360e+00
180 117 131
2 6 90 126.8000 -0.7900 7 102 147.4500 -54.0300
1.2951745448e+00 2.3407140572e-01 -5.5021647407e+00
188 119 130
2 6 70 159.9400 25.2800 7 80 178.0800 -30.7200
9.6974513667e-01 5.9591937006e-01 -5.4359241127e+00
213 193 208
2 6 74 121.3300 70.0900 7 84 147.0700 11.8600
9.6974513667e-01 5.9591937006e-01 -5.4359241127e+00
213 193 208
2 6 75 121.3300 70.0900 7 85 147.0700 11.8600
3.3841794154e-01 5.2013903138e-01 -5.3348846238e+00
72 2 3
2 6 96 43.5500 61.2900 7 111 77.0400 6.2200
-9.0921616895e-01 4.2710707268e-01 -4.6113214354e+00
187 201 240
2 6 73 -132.4300 56.4800 7 110 -77.1000 -4.1500
7.9434867221e-01 5.8850528592e-01 -5.4256307538e+00
95 0 2
2 6 132 99.6900 69.1700 7 147 127.5700 12.0000
4.3400041700e-01 1.0224010997e+00 -5.4937197761e+00
163 18 29
2 6 104 53.8900 121.5400 7 113 87.7400 64.4300
2.2975111062e+00 -1.1077735227e+00 -5.8715810742e+00
202 197 106
2 6 117 262.0000 -128.6800 7 128 257.7300 -168.6300
9.7816412818e-01 7.1554769679e-02 -5.5763524453e+00
72 5 8
2 6 178 118.7500 4.5900 7 198 140.4500 -45.7800
-2.0313701693e-02 4.7455858695e-01 -5.4495250646e+00
225 56 94
2 6 128 -1.7000 54.5100 7 202 32.7700 3.3400
-2.0313701693e-02 4.7455858695e-01 -5.4495250646e+00
225 56 94
2 6 129 -1.7000 54.5100 7 203 32.7700 3.3400
-6.1208338486e-01 4.7782858569e-01 -4.6083850026e+00
108 54 70
2 6 190 -88.7600 64.1400 7 145 -35.6600 0.9700
1.3320359349e-01 6.7840294998e-01 -5.3369907490e+00
217 202 221
2 6 134 17.6700 81.4400 7 149 53.6900 25.9700
-9.7727020684e-01 5.4626472626e-01 -4.5574521457e+00
18 20 30
2 6 133 -144.3300 74.7400 7 206 -86.2600 12.5400
3.7645772525e-01 1.1104927406e+00 -5.4964192313e+00
171 150 172
2 6 139 46.7000 132.2400 7 157 81.7400 75.0300
2.4788347456e+00 -4.5092404579e-01 -5.3962525937e+00
226 182 185
2 6 164 308.2400 -59.3400 7 184 306.7600 -113.6100
8.7613020992e-01 -4.1005398954e-02 -5.5379729090e+00
51 9 18
2 6 242 107.6200 -8.8500 7 256 129.1300 -58.8000
7.9887390346e-01 1.5665424794e-01 -5.6709664151e+00
139 29 46
2 6 248 95.5400 14.7800 7 263 118.5500 -34.3900
-5.2722408457e-01 3.4747279025e-01 -4.5366418907e+00
157 99 113
2 6 186 -77.4700 45.5000 7 269 -24.4800 -18.2400
1.0101747005e+00 6.8243162785e-01 -5.4426504304e+00
44 9 7
2 6 194 125.6800 80.3800 7 148 152.5500 21.9900
9.3955685287e-02 6.0667024727e-01 -5.3322447077e+00
82 11 26
2 6 193 12.9700 72.6000 7 283 48.4200 17.4500
-6.2605899877e-01 5.2118771461e-01 -4.5904981455e+00
235 181 195
2 6 192 -91.0500 70.9400 7 277 -37.4700 6.7600
-1.0140696455e+00 5.0080375572e-01 -4.5776188274e+00
183 230 255
2 6 258 -149.1900 67.5700 7 278 -91.4000 6.6400
-9.6522814746e-01 6.2480535158e-01 -4.5545693979e+00
179 225 255
2 6 264 -142.4100 86.7700 7 290 -84.4100 23.2000
-9.6772570525e-01 6.8253998755e-01 -4.5568352809e+00
243 231 243
2 6 266 -142.9300 95.1500 7 293 -84.1800 31.5200
-8.7751125763e-01 7.8814286926e-01 -4.5210284465e+00
225 165 177
2 6 273 -130.7700 111.6500 7 296 -70.8500 45.9700
9.2381957160e-01 1.0071753271e-02 -5.5348997718e+00
66 13 22
2 6 358 113.6800 -2.4400 7 381 134.6200 -53.5200
1.2096617185e+00 1.2058965852e-01 -5.4628342942e+00
95 35 39
2 6 247 150.5600 11.3200 7 261 169.3300 -43.5800
1.0887076617e+00 1.2731876259e-01 -5.5189744424e+00
172 101 113
2 6 361 133.9200 11.7800 7 262 154.3900 -41.2100
6.2541292750e-01 2.2726707788e-01 -5.5849037169e+00
115 4 13
2 6 253 76.3100 23.5200 7 268 101.9800 -26.8800
8.8339270642e-01 6.3220766253e-01 -5.4518252677e+00
104 11 16
2 6 260 110.2900 74.3800 7 281 137.0500 16.5800
-1.1660429847e-01 6.4102564130e-01 -5.3581678059e+00
108 9 22
2 6 263 -13.8400 76.4200 7 287 23.5600 22.9300
-9.3465365548e-01 5.2132282452e-01 -4.5729250895e+00
255 254 254
2 6 259 -137.4700 70.8400 7 279 -80.3100 8.8500
5.1808558004e-01 9.8482271509e-01 -5.5026165639e+00
153 14 28
2 6 403 64.1100 116.7400 7 429 96.8800 59.5500
-9.7719814701e-01 7.9885676705e-01 -4.5412435310e+00
227 167 179
2 6 401 -144.7900 112.9700 7 421 -85.0800 47.8700
-1.0850771010e+00 7.9699449435e-01 -4.5541984150e+00
133 74 96
2 6 602 -160.5600 112.1700 7 422 -100.0800 48.4600
4.1076346812e-01 1.1581599405e+00 -5.5034031229e+00
166 22 33
2 6 277 50.8700 137.9600 7 302 85.7600 80.2600
1.5432549049e+00 1.2940272919e+00 -5.2519752705e+00
69 31 28
2 6 199 198.3500 161.6800 7 218 225.5000 90.9100
1.5432549049e+00 1.2940272919e+00 -5.2519752705e+00
69 31 28
2 6 200 198.3500 161.6800 7 219 225.5000 90.9100
1.7554633059e+00 -3.3786126356e+00 -1.2242304642e+01
97 90 106
2 6 465 93.8900 -180.3500 7 490 74.5800 -179.1000
-1.2022548551e+00 -2.7273968631e+00 -1.2316534585e+01
72 44 55
2 6 743 -64.8700 -144.9100 7 759 -77.0200 -140.7000
2.1664567601e+00 -8.2587908192e-01 -6.2183321934e+00
214 191 78
2 6 503 233.2600 -91.1100 7 515 232.1800 -130.3400
-8.8792828083e-01 -1.3308283896e-01 -4.9657324003e+00
251 253 255
2 6 342 -119.6400 -23.7800 7 373 -74.8000 -72.5900
8.8730402517e-01 -5.5350827028e-03 -5.5873808819e+00
173 134 153
2 6 355 108.0300 -4.3700 7 380 129.1000 -54.1500
2.1039638103e+00 6.1724242556e-01 -6.2655681143e+00
110 64 25
2 6 378 225.1000 63.6400 7 403 234.3100 12.2600
-9.1693562342e-01 4.5542824019e-01 -4.5756404316e+00
165 217 254
2 6 377 -134.6600 61.0800 7 577 -78.2700 -0.4800
-1.0393524776e+00 4.7312906870e-01 -4.5813084742e+00
168 156 197
2 6 578 -152.6700 63.5200 7 580 -95.2000 2.8500
-6.7141103058e-01 6.5517293720e-01 -4.5409510255e+00
170 104 126
2 6 390 -99.1500 91.5100 7 410 -42.6700 25.7000
-9.2589895888e-01 7.7090497331e-01 -4.5339533921e+00
178 107 123
2 6 601 -137.4800 108.8600 7 594 -77.8900 43.7100
-9.6928097767e-01 7.6688999716e-01 -4.5286323560e+00
174 107 127
2 6 398 -144.2200 108.2800 7 595 -84.0300 43.5200
-9.6928097767e-01 7.6688999716e-01 -4.5286323560e+00
174 107 127
2 6 399 -144.2200 108.2800 7 596 -84.0300 43.5200
1.6682618290e+00 1.4184843465e+00 -5.4197996634e+00
69 30 30
2 6 286 207.3700 172.1500 7 309 232.5100 102.9500
9.5224445818e-01 1.6213086350e+00 -5.6605223197e+00
140 24 34
2 6 414 113.4100 189.1300 7 618 145.2800 127.9800
2.5024111528e+00 -2.8857245136e+00 -1.0032553645e+01
103 99 121
2 6 460 164.3500 -188.9000 7 696 145.7100 -195.7400
2.2723203385e+00 -3.0122474671e+00 -1.0827545287e+01
108 101 117
2 6 463 137.9600 -182.4300 7 712 119.4800 -186.1600
2.3910195445e+00 -2.5600447976e+00 -1.0429971780e+01
64 53 67
2 6 736 150.9200 -161.1700 7 738 133.9100 -168.0200
2.3292681497e+00 -2.3828025649e+00 -1.0835367370e+01
74 53 61
2 6 483 141.6100 -144.0100 7 752 124.6900 -150.7000
2.2705175732e+00 -2.3757611107e+00 -1.0841787554e+01
124 120 134
2 6 484 137.8000 -143.6700 7 498 121.4600 -149.9500
2.2705175732e+00 -2.3757611107e+00 -1.0841787554e+01
124 120 134
2 6 485 137.8000 -143.6700 7 497 121.4600 -149.9500
2.4607620473e+00 -5.5568838562e-01 -5.4549710948e+00
240 184 195
2 6 513 302.5900 -71.4800 7 779 300.5400 -123.5000
2.4760562636e+00 -5.1953712387e-01 -5.3940052952e+00
242 193 212
2 6 514 307.9500 -67.8900 7 525 306.0200 -121.2200
2.1283796572e+00 -6.5944409379e-01 -6.2580300746e+00
164 169 117
2 6 512 227.9100 -72.6900 7 527 228.0200 -113.2400
2.4895020721e+00 -4.3773272832e-01 -5.3828100615e+00
234 173 188
2 6 518 310.2900 -57.8900 7 791 308.8600 -112.5000
2.1814009881e+00 -5.7022229587e-01 -6.1621752548e+00
177 147 41
2 6 787 237.2300 -64.2700 7 795 237.6900 -106.8000
9.3399235898e-01 4.5360978759e-02 -5.5504553891e+00
171 124 141
2 6 832 114.4000 1.7300 7 838 135.7200 -49.2300
-5.5486618238e-01 1.1079668473e-02 -4.6892401625e+00
226 178 187
2 6 354 -79.0200 -4.8900 7 833 -30.5300 -61.1300
-5.4497986621e-01 5.4598147910e-02 -4.6446591225e+00
219 171 182
2 6 551 -78.1400 1.6000 7 837 -29.0700 -56.4700
-5.0650815062e-01 1.3236896077e-01 -4.6124204730e+00
157 101 112
2 6 558 -73.0800 13.0400 7 845 -23.2100 -46.7400
-5.0650815062e-01 1.3236896077e-01 -4.6124204730e+00
157 101 112
2 6 557 -73.0800 13.0400 7 844 -23.2100 -46.7400
-9.5057273161e-01 1.2849786935e-01 -4.5885328962e+00
215 151 168
2 6 556 -139.1800 12.3200 7 848 -84.6100 -45.1800
-5.1343163627e-01 2.9194816031e-01 -4.5659053881e+00
157 99 112
2 6 565 -74.9200 36.9300 7 861 -22.9900 -25.6000
-9.3971384619e-01 2.7894496623e-01 -4.6194765310e+00
245 182 191
2 6 563 -136.7600 34.3900 7 568 -81.9300 -24.0700
8.1699587774e-02 6.3528391214e-01 -5.3155172829e+00
233 218 230
2 6 586 11.2700 76.3000 7 901 47.6200 21.0200
1.1019966976e-01 6.5355725796e-01 -5.3120859826e+00
229 219 231
2 6 587 14.9100 78.6900 7 904 51.1600 23.0200
-9.1875613041e-01 6.8086215969e-01 -4.5464625505e+00
241 217 230
2 6 595 -136.0800 95.0200 7 918 -77.2300 31.0600
3.5260955829e-01 9.7098122991e-01 -5.4839451314e+00
203 132 150
2 6 922 44.0800 115.4800 7 942 78.2200 58.9300
-1.0066500925e+00 7.8185635885e-01 -4.5329542766e+00
232 172 179
2 6 917 -149.8700 110.2100 7 932 -88.9900 46.0800
4.0807024746e-01 1.0813356219e+00 -5.4907982245e+00
152 22 54
2 6 606 50.7300 128.8600 7 609 85.2000 71.4200
2.6941227482e+00 -3.2531835635e+00 -9.5617067079e+00
111 103 121
2 6 644 185.4800 -223.5100 7 655 164.8300 -229.7600
2.3979838017e+00 -3.5751603855e+00 -1.0429476479e+01
100 95 114
2 6 641 151.1400 -224.7200 7 660 130.3500 -227.0800
2.4905487728e+00 -3.4209235729e+00 -1.0202098221e+01
115 112 130
2 6 655 160.5600 -219.9600 7 664 140.0300 -223.6500
2.5149851571e+00 -3.0956902473e+00 -1.0122870193e+01
117 106 126
2 6 681 163.5200 -200.7800 7 683 144.1500 -206.2500
2.4103786373e+00 -2.6726541768e+00 -1.0453248707e+01
73 58 66
2 6 723 151.8100 -167.8100 7 724 134.2000 -174.2300
2.0817497106e+00 -2.1941549063e+00 -1.1144250072e+01
107 92 111
2 6 752 122.9300 -128.8600 7 764 107.3300 -134.7700
1.9052917188e+00 -2.3784377898e+00 -1.1857646673e+01
97 86 99
2 6 750 105.4300 -131.0500 7 765 89.0800 -134.0300
2.0636950037e+00 -2.0113322772e+00 -1.1397472552e+01
107 91 101
2 6 769 119.0600 -115.3200 7 783 103.8600 -121.0600
2.4751025624e+00 -6.5184519808e-01 -5.3713858536e+00
247 142 75
2 6 782 309.1400 -84.5800 7 760 305.9400 -136.5400
2.1637123517e+00 -7.8235740042e-01 -6.1902021650e+00
215 191 85
2 6 780 234.1700 -86.8000 7 774 233.2700 -126.8800
2.4848537778e+00 -4.7721758129e-01 -5.3788723387e+00
249 179 194
2 6 788 309.8500 -62.9000 7 789 308.3300 -116.9100
2.4903435578e+00 -2.8878193665e-01 -5.2951153573e+00
215 78 123
2 6 800 315.6700 -40.2000 7 799 315.6400 -97.9600
8.7860384998e-01 5.9290956229e-02 -5.5635988733e+00
223 194 208
2 6 833 107.3500 3.3500 7 843 129.3900 -47.1700
4.8417934402e-02 6.2061477080e-01 -5.3115353865e+00
239 225 235
2 6 885 6.9600 74.4000 7 898 43.7400 19.5200
-1.3520858225e-01 6.1072012460e-01 -5.3073362400e+00
209 176 193
2 6 880 -16.4700 73.1100 7 899 21.9200 19.3900
1.5348774433e+00 1.0851908040e+00 -5.1937907970e+00
159 96 109
2 6 608 199.9700 136.6000 7 946 225.4100 66.1700
5.3137970369e-01 1.0184880612e+00 -5.5013607565e+00
212 136 155
2 6 928 65.7700 120.9200 7 944 98.6100 63.3400
9.4821693962e-01 -2.4890745664e-01 -5.4021031471e+00
215 148 157
2 6 18 118.9300 -35.6200 7 22 140.4300 -84.7100
-5.5030277321e-02 5.5371905029e-01 -5.3966279819e+00
243 238 244
2 6 26 -5.9000 65.0700 7 28 29.6900 12.3300
-2.9703218142e-01 6.2110641320e-01 -5.1480579839e+00
34 19 22
2 6 27 -37.8100 76.9500 7 41 3.4700 20.6400
1.9427705690e+00 8.4128203946e-01 -6.1960439313e+00
192 132 142
2 6 28 209.9400 88.2100 7 29 223.5500 35.6000
-1.0447269745e-01 3.3655104366e-01 -5.4781328755e+00
235 234 242
2 6 51 -12.2400 37.0000 7 82 22.1000 -11.8000
-2.0930478607e-02 1.5217157357e+00 -5.8194458958e+00
161 15 26
2 6 62 -1.6200 173.0500 7 65 33.5400 120.4400
-1.2759719957e+00 -2.9106047542e+00 -1.2368845133e+01
58 58 69
2 6 64 -68.4500 -153.9600 7 71 -81.1300 -149.2000
-8.5060969716e-02 2.2308314270e-01 -5.6310350358e+00
198 32 51
2 6 69 -9.6600 22.4600 7 141 22.0600 -23.2300
1.3827208819e+00 3.5247983889e-01 -5.6358389228e+00
67 9 9
2 6 72 166.1700 38.8200 7 81 183.7100 -16.3600
-2.8887216762e+00 3.1020317675e+00 -1.1580034631e+01
23 21 26
2 6 81 -167.3800 177.4400 7 123 -161.1700 181.1500
3.4526889353e-01 -3.4531289939e+00 -1.3020097671e+01
9 9 9
2 6 86 17.1200 -172.9700 7 97 -0.7100 -168.5900
7.4107111838e-01 1.0872071492e-01 -5.6268276517e+00
238 230 239
2 6 91 89.6100 9.2400 7 104 112.8700 -40.1400
-1.7229053152e-01 2.6356714889e-01 -5.5387247123e+00
230 212 229
2 6 93 -20.9200 27.2100 7 143 13.8800 -18.7400
2.2975111062e+00 -1.1077735227e+00 -5.8715810742e+00
202 197 106
2 6 116 262.0000 -128.6800 7 127 257.7300 -168.6300
1.1414821884e+00 1.5072985462e-01 -5.4966512983e+00
189 123 137
2 6 124 141.0400 14.7800 7 138 161.0400 -39.2100
2.4947702189e-01 5.4369289879e-01 -5.3414645233e+00
230 208 219
2 6 131 32.6600 64.5500 7 205 66.1500 9.1600
-7.6561174911e-02 7.9593313163e-01 -5.4169368922e+00
91 1 7
2 6 137 -8.9500 94.8200 7 215 28.7100 41.2500
1.5234551922e+00 1.4432097295e+00 -5.3730775164e+00
169 119 130
2 6 144 191.3200 176.8500 7 161 218.5200 107.3100
8.3220186228e-01 -4.9330150479e+00 -1.4368844111e+01
42 42 51
2 6 149 37.3100 -223.5300 7 174 14.2700 -213.7600
2.3462410868e+00 -3.5928920099e+00 -1.0563911930e+01
37 33 48
2 6 151 146.0100 -222.8700 7 170 125.2200 -224.9000
2.3462410868e+00 -3.5928920099e+00 -1.0563911930e+01
37 33 48
2 6 152 146.0100 -222.8700 7 171 125.2200 -224.9000
2.9427066650e+00 -2.8753708421e+00 -8.9171588362e+00
60 49 63
2 6 153 217.4100 -212.3200 7 172 197.1100 -222.7500
2.6347089030e+00 -2.7209470366e+00 -9.7372456412e+00
64 55 67
2 6 155 178.5100 -183.5600 7 176 159.8000 -192.4800
2.3893977638e+00 -2.0205442788e+00 -8.1088028297e+00
188 174 148
2 6 156 195.3200 -165.5100 7 177 182.7600 -183.2800
4.8397471607e-01 -3.2495282504e+00 -1.2830410687e+01
104 81 65
2 6 157 24.1400 -165.6100 7 179 7.6100 -161.4800
2.4915693107e+00 -3.2762555108e-01 -5.3483190119e+00
224 181 194
2 6 166 312.7800 -44.4600 7 185 311.9800 -101.1900
2.4915693107e+00 -3.2762555108e-01 -5.3483190119e+00
224 181 194
2 6 167 312.7800 -44.4600 7 186 311.9800 -101.1900
2.1960046416e+00 -2.8738737102e-01 -6.1352080990e+00
220 184 47
2 6 169 239.9500 -33.7900 7 252 242.3100 -79.4200
5.7539962049e-01 1.7167941351e+00 -5.8100246388e+00
67 1 0
2 6 205 66.8200 195.4300 7 225 100.5600 138.7800
2.6294927452e+00 -3.1551438924e+00 -9.7531608081e+00
53 42 52
2 6 212 177.5100 -212.5000 7 230 157.5000 -218.7600
2.6294927452e+00 -3.1551438924e+00 -9.7531608081e+00
53 42 52
2 6 213 177.5100 -212.5000 7 231 157.5000 -218.7600
2.2797052395e+00 -1.9206090609e+00 -8.3798939793e+00
178 171 140
2 6 216 180.2600 -152.1900 7 236 168.6800 -169.1100
1.5241863468e+00 -2.5844023938e+00 -1.2185029565e+01
110 84 65
2 6 219 81.9200 -138.5500 7 238 65.5400 -139.4900
1.3951253013e+00 -2.5377773126e+00 -1.2208408388e+01
18 29 45
2 6 220 74.8400 -135.7500 7 239 58.7900 -136.6300
2.0539102477e+00 -2.1608759669e+00 -1.1358549586e+01
54 41 43
2 6 223 118.8900 -124.4200 7 243 103.3100 -129.7300
2.4545201951e+00 -5.5798132815e-01 -5.3864384461e+00
225 190 208
2 6 231 305.7000 -72.8100 7 358 303.8600 -125.5800
2.0391330025e+00 3.5959002053e-01 -6.3223200758e+00
147 111 50
2 6 254 216.2500 35.8100 7 391 224.1000 -12.5200
4.6602695017e-01 8.8428424112e-01 -5.4461483002e+00
148 19 29
2 6 267 58.6500 105.6500 7 419 91.3400 48.1500
1.6682618290e+00 1.4184843465e+00 -5.4197996634e+00
69 30 30
2 6 285 207.3700 172.1500 7 308 232.5100 102.9500
2.2930938219e+00 -3.8571751999e+00 -1.0701901028e+01
84 79 97
2 6 295 140.6600 -236.1100 7 458 119.3200 -236.4000
2.5074038326e+00 -3.2862701189e+00 -1.0237360371e+01
98 89 106
2 6 303 160.9700 -210.7500 7 332 141.1600 -214.7600
2.8131256623e+00 -2.8295736348e+00 -9.2041816945e+00
56 43 54
2 6 304 201.4100 -202.3600 7 333 182.0100 -212.0700
1.7384024666e+00 -3.6788869643e+00 -1.2261985414e+01
10 10 12
2 6 305 92.7700 -196.0800 7 338 72.6800 -193.7400
1.7384024666e+00 -3.6788869643e+00 -1.2261985414e+01
10 10 12
2 6 306 92.7700 -196.0800 7 339 72.6800 -193.7400
2.6751362496e+00 -2.8336475161e+00 -9.6560487936e+00
59 47 61
2 6 308 182.6300 -192.8600 7 334 163.5300 -201.3000
2.6751362496e+00 -2.8336475161e+00 -9.6560487936e+00
59 47 61
2 6 309 182.6300 -192.8600 7 335 163.5300 -201.3000
2.4875743428e+00 -2.9538942817e+00 -1.0224905279e+01
59 52 64
2 6 311 160.2200 -189.6000 7 336 141.2800 -195.6000
2.4875743428e+00 -2.9538942817e+00 -1.0224905279e+01
59 52 64
2 6 312 160.2200 -189.6000 7 337 141.2800 -195.6000
1.6515359453e+00 -2.7730873241e+00 -1.2413701930e+01
47 38 45
2 6 317 87.1800 -145.7400 7 501 69.4800 -146.0400
1.9716216915e+00 -2.3221427695e+00 -1.1528913095e+01
52 42 42
2 6 320 112.2200 -131.8500 7 511 96.4800 -135.7400
1.8771498121e+00 -1.1217122504e+00 -6.7279909633e+00
203 182 70
2 6 324 186.6000 -113.1000 7 504 185.2800 -144.2900
2.4624613397e+00 -5.6146420946e-01 -5.4007888155e+00
227 196 213
2 6 329 305.8200 -73.0300 7 357 303.8600 -125.5800
2.4881761633e+00 -3.8325465319e-01 -5.3452921089e+00
236 188 201
2 6 333 312.3500 -51.5600 7 530 311.4800 -107.3600
2.4935173897e+00 -3.2310648825e-01 -5.3207628271e+00
245 191 207
2 6 336 314.5400 -44.2500 7 532 314.0500 -101.2600
2.1047389633e+00 -2.4586026079e-01 -6.1110491017e+00
114 69 10
2 6 340 231.1500 -29.3800 7 545 234.6600 -75.4600
-5.7682567494e-01 -4.2739240328e-02 -4.7294499381e+00
229 178 190
2 6 351 -81.2200 -12.2900 7 550 -34.1500 -67.5700
-4.8017661031e-01 2.2529853091e-01 -4.6006752170e+00
225 164 172
2 6 366 -69.3800 26.8600 7 562 -19.0000 -34.4600
4.5692566643e-01 2.5680835859e-01 -5.5899407216e+00
125 4 14
2 6 367 56.0400 27.1300 7 387 83.1700 -22.8100
2.0758881115e+00 3.0627143154e-01 -6.3399056184e+00
84 49 7
2 6 369 219.5600 30.1600 7 389 226.4500 -17.8100
-4.1965861340e-01 4.5892599299e-01 -4.6045440068e+00
207 155 168
2 6 376 -60.6800 61.2300 7 576 -8.9600 -2.6000
2.1388815848e+00 6.4082161327e-01 -6.2230378747e+00
176 139 90
2 6 379 230.3400 66.5400 7 404 239.6700 14.3100
3.4459797921e-01 5.8803229495e-01 -5.3845808264e+00
156 27 44
2 6 380 43.9100 69.3300 7 583 77.1100 14.4000
-6.4514245401e-01 6.0502832263e-01 -4.5557401979e+00
189 126 143
2 6 382 -94.9600 83.6700 7 406 -39.2200 18.6400
-6.4514245401e-01 6.0502832263e-01 -4.5557401979e+00
189 126 143
2 6 383 -94.9600 83.6700 7 407 -39.2200 18.6400
2.6838594802e-01 7.1880974812e-01 -5.2630955122e+00
219 197 209
2 6 385 35.3700 87.8100 7 587 71.3000 29.8200
4.1570001569e-01 7.3549772844e-01 -5.3204251765e+00
246 224 228
2 6 387 53.3700 88.8100 7 413 87.9100 31.2900
4.1570001569e-01 7.3549772844e-01 -5.3204251765e+00
246 224 228
2 6 388 53.3700 88.8100 7 414 87.9100 31.2900
-6.7141103058e-01 6.5517293720e-01 -4.5409510255e+00
170 104 126
2 6 391 -99.1500 91.5100 7 411 -42.6700 25.7000
4.9824390943e-01 8.5106941753e-01 -5.4813084564e+00
205 172 197
2 6 393 62.3200 100.9800 7 597 93.8800 43.9900
-7.5669272292e-01 7.1650211138e-01 -4.5240191208e+00
233 178 193
2 6 394 -112.4100 100.9800 7 415 -54.2800 34.9100
-7.9717024216e-01 7.5009697651e-01 -4.5278503647e+00
226 172 182
2 6 396 -118.4000 105.9200 7 417 -59.7800 39.9300
-1.0628132755e+00 7.6996978273e-01 -4.5452229416e+00
229 167 180
2 6 400 -157.5600 108.3600 7 418 -97.1900 44.5100
1.1867684904e+00 1.1343246637e+00 -5.1490618128e+00
184 132 143
2 6 407 156.3300 144.2200 7 433 187.0800 74.7500
2.7692774931e+00 -3.0939453646e+00 -9.3930953084e+00
52 45 57
2 6 435 194.2100 -216.4800 7 468 173.7300 -224.2500
2.4676264189e+00 -3.3843089478e+00 -1.0308248329e+01
101 97 119
2 6 439 157.3800 -215.3900 7 473 137.1500 -218.9000
2.4105902562e+00 -3.3812012569e+00 -1.0427693711e+01
105 97 118
2 6 440 151.9800 -212.6800 7 477 131.9100 -215.9000
2.1637767162e+00 -3.5444285195e+00 -1.1071924115e+01
53 51 65
2 6 443 128.2600 -209.7500 7 681 108.3000 -210.5100
2.1480455014e+00 -3.4826510589e+00 -1.1090087609e+01
85 78 96
2 6 445 127.1500 -205.7500 7 479 107.3900 -206.7500
2.0903983703e+00 -3.4253378638e+00 -1.1225877167e+01
39 35 49
2 6 448 122.3000 -199.8000 7 481 102.6500 -200.8500
2.7539180317e+00 -2.7338100148e+00 -9.4605429132e+00
57 41 47
2 6 457 191.8500 -190.1200 7 482 173.0500 -199.5900
2.7539180317e+00 -2.7338100148e+00 -9.4605429132e+00
57 41 47
2 6 458 191.8500 -190.1200 7 483 173.0500 -199.5900
2.3813617416e+00 -2.8661905380e+00 -1.0555196915e+01
57 46 54
2 6 466 148.4100 -178.2000 7 715 130.2500 -183.3700
1.6360777843e+00 -3.4476496163e+00 -1.2633831462e+01
88 85 103
2 6 467 84.7100 -178.1300 7 491 65.0500 -175.8900
2.4170077365e+00 -2.1126857719e+00 -8.0370788719e+00
187 178 144
2 6 470 199.2500 -174.6200 7 484 186.2400 -192.0100
2.5293710944e+00 -2.5825879828e+00 -1.0012508230e+01
67 55 65
2 6 473 166.4400 -169.5500 7 719 149.0600 -177.7600
1.6985344315e+00 -3.0743078165e+00 -1.2441090175e+01
54 48 60
2 6 479 89.3300 -161.3900 7 495 70.8800 -160.5900
2.2793182227e+00 -1.9944000223e+00 -8.3315626727e+00
113 98 80
2 6 480 181.3700 -158.8600 7 492 169.3000 -175.6900
2.0991754204e+00 -2.3923431932e+00 -1.1274715466e+01
63 47 57
2 6 486 122.2200 -139.0700 7 506 106.2600 -143.5200
2.3097674864e+00 -2.2446127855e+00 -1.0649896268e+01
121 118 134
2 6 488 142.7600 -138.3000 7 503 127.0100 -145.6500
2.1179864257e+00 -8.3255726037e-01 -6.2657917250e+00
216 192 86
2 6 504 226.5100 -90.9700 7 516 225.4300 -129.8000
2.4680474775e+00 -5.8860817305e-01 -5.4750337080e+00
221 70 104
2 6 511 302.3600 -75.1600 7 776 299.8200 -126.6000
2.4653427853e+00 -5.0523831964e-01 -5.4390591619e+00
239 180 193
2 6 516 304.1000 -65.5000 7 786 302.3600 -118.4300
2.0260935381e+00 -5.2094220604e-01 -6.4326226497e+00
228 191 78
2 6 519 211.3600 -55.9900 7 534 212.3600 -96.1800
2.2127239302e+00 -4.3327694642e-01 -6.0720605746e+00
229 196 57
2 6 525 244.3800 -50.1900 7 535 245.4900 -95.3000
2.2127239302e+00 -4.3327694642e-01 -6.0720605746e+00
229 196 57
2 6 526 244.3800 -50.1900 7 536 245.4900 -95.3000
8.0717470459e-01 -3.2625496429e-01 -5.4161262613e+00
169 46 60
2 6 529 101.5700 -44.8000 7 806 122.9900 -93.0300
2.1622873293e+00 -3.2142961590e-01 -6.1197357795e+00
97 62 2
2 6 532 236.9600 -37.6000 7 816 239.4100 -83.0000
2.4982269169e+00 -2.6565277990e-01 -5.3014455058e+00
232 191 210
2 6 533 316.2300 -37.2500 7 800 316.3700 -95.2000
2.1365107502e+00 -2.8287497230e-01 -6.1226106794e+00
120 75 14
2 6 535 234.1000 -33.3600 7 818 237.0300 -79.0400
2.4989109747e+00 -2.1171973749e-01 -5.3368492923e+00
240 192 195
2 6 536 314.3600 -30.0900 7 543 314.5900 -88.4400
2.1080053099e+00 3.2061577064e-01 -6.3275166098e+00
176 139 48
2 6 562 223.2400 31.6400 7 571 230.2300 -16.5600
-3.9883535568e-01 4.7718721713e-01 -4.6434710221e+00
171 123 144
2 6 577 -57.0900 63.4700 7 578 -6.3000 0.0600
-3.8575973079e-01 5.0504138511e-01 -4.6669135416e+00
220 191 199
2 6 581 -54.8200 67.3200 7 581 -4.6100 3.8600
-1.0581582408e+00 5.1687731107e-01 -4.5854982657e+00
173 160 195
2 6 583 -155.4700 69.8000 7 582 -97.3800 9.2300
1.2244111982e-01 6.3295236737e-01 -5.3179402301e+00
73 21 45
2 6 585 16.3300 75.8800 7 900 52.5200 20.6200
3.5063024984e-01 6.7762600355e-01 -5.3311087840e+00
243 214 219
2 6 588 45.2300 81.4500 7 586 79.4200 24.6500
1.3266716941e-01 7.2578606818e-01 -5.3575008466e+00
71 6 13
2 6 591 17.5600 87.1700 7 588 53.5200 31.5900
-6.4431339594e-01 6.4929212811e-01 -4.5624570245e+00
237 174 184
2 6 592 -94.5900 90.2700 7 909 -38.9600 24.7200
-9.2940525678e-01 7.4364261854e-01 -4.5209233640e+00
228 165 173
2 6 597 -138.4900 104.9800 7 590 -78.5600 39.9700
-9.8576238302e-01 8.2913031766e-01 -4.5477437423e+00
157 100 122
2 6 605 -146.0000 117.2000 7 601 -85.9000 52.3200
-3.6873133859e+00 3.8073393767e+00 -1.1186346136e+01
146 93 86
2 6 619 -219.3700 225.4000 7 1037 -212.5600 230.5400
2.1713708996e+00 -3.8950125083e+00 -1.1019808001e+01
51 45 59
2 6 630 129.3300 -231.3900 7 652 108.0600 -230.9300
2.2108314624e+00 -3.8392847039e+00 -1.0908472864e+01
89 87 105
2 6 631 132.9900 -230.5400 7 653 111.9700 -230.4100
9.7950206468e-01 -5.0407256328e+00 -1.4251022311e+01
48 48 57
2 6 632 44.3900 -230.3300 7 670 20.9900 -220.5000
2.2044128630e+00 -3.7317298328e+00 -1.0886253511e+01
88 85 102
2 6 642 132.9600 -224.5500 7 662 112.2300 -225.0200
2.6427414497e+00 -3.3070307745e+00 -9.7809905056e+00
59 54 71
2 6 650 177.7900 -222.0100 7 657 157.1700 -227.3700
2.9255799730e+00 -2.9617240154e+00 -8.9248773242e+00
56 47 62
2 6 658 215.9600 -218.4100 7 656 195.2900 -228.3200
2.3617599988e+00 -3.4619717191e+00 -1.0630245886e+01
99 95 118
2 6 662 146.0200 -213.4700 7 677 125.7000 -215.8900
2.2985191287e+00 -3.4892570856e+00 -1.0806816349e+01
56 46 58
2 6 666 139.7500 -211.5600 7 680 119.4700 -213.4300
2.7745024603e+00 -2.9422373136e+00 -9.3438560408e+00
117 110 126
2 6 674 195.6500 -207.1000 7 676 175.8600 -215.8000
2.3374947678e+00 -3.2619475004e+00 -1.0558631339e+01
53 46 61
2 6 679 145.5500 -202.6500 7 686 126.1400 -206.0100
2.4906816126e+00 -3.1301464135e+00 -1.0206388082e+01
68 59 74
2 6 680 160.5500 -201.3400 7 684 141.1900 -206.3400
2.1344050157e+00 -3.3959579429e+00 -1.1196517332e+01
88 81 97
2 6 685 125.2000 -198.6200 7 692 105.5400 -199.8900
1.6184850562e+00 -3.8349623466e+00 -1.2633037642e+01
36 26 32
2 6 688 83.7200 -198.2300 7 699 63.1600 -194.6600
2.4743221664e+00 -3.0507297998e+00 -1.0243843791e+01
100 93 109
2 6 691 158.9600 -195.5000 7 691 139.8800 -200.8200
1.9608972857e+00 -3.4799962232e+00 -1.1696220738e+01
52 47 68
2 6 692 109.9400 -194.6600 7 697 90.2400 -194.3500
1.9608972857e+00 -3.4799962232e+00 -1.1696220738e+01
52 47 68
2 6 693 109.9400 -194.6600 7 698 90.2400 -194.3500
2.6260049503e+00 -2.7942054593e+00 -9.7755383011e+00
47 34 47
2 6 698 177.0200 -187.8800 7 695 158.4000 -195.9900
2.0798389554e+00 -3.2645229400e+00 -1.1413512079e+01
90 78 86
2 6 699 119.6200 -187.2500 7 708 100.4400 -188.4700
1.8274392925e+00 -3.4547627370e+00 -1.2099877352e+01
44 36 49
2 6 701 99.0300 -186.5400 7 713 79.2300 -185.6000
2.4205411420e+00 -2.8809677617e+00 -1.0331955194e+01
57 46 60
2 6 704 154.2200 -183.0600 7 705 135.9200 -188.8700
1.9658073338e+00 -3.1420130691e+00 -1.1667288694e+01
57 49 60
2 6 712 110.5400 -176.2200 7 722 91.8900 -177.1800
1.9640283173e+00 -3.0602652947e+00 -1.1624822615e+01
89 85 99
2 6 718 110.8700 -172.2800 7 726 92.5100 -173.6200
1.9640283173e+00 -3.0602652947e+00 -1.1624822615e+01
89 85 99
2 6 719 110.8700 -172.2800 7 727 92.5100 -173.6200
2.4756222013e+00 -2.5324263964e+00 -1.0223090856e+01
106 99 115
2 6 732 159.5500 -162.6900 7 732 142.3300 -170.5200
2.4756222013e+00 -2.5324263964e+00 -1.0223090856e+01
106 99 115
2 6 733 159.5500 -162.6900 7 733 142.3300 -170.5200
2.3910195445e+00 -2.5600447976e+00 -1.0429971780e+01
64 53 67
2 6 735 150.9200 -161.1700 7 737 133.9100 -168.0200
2.3910195445e+00 -2.5600447976e+00 -1.0429971780e+01
64 53 67
2 6 737 150.9200 -161.1700 7 739 133.9100 -168.0200
1.2686756159e+00 -3.0380909661e+00 -1.3689138985e+01
74 67 78
2 6 744 60.2100 -144.4700 7 756 41.5100 -140.8000
2.1379127284e+00 -2.2122203692e+00 -1.1159773565e+01
68 55 68
2 6 751 126.0600 -129.7200 7 763 110.2000 -135.6300
2.2987685292e+00 -1.1052061537e+00 -5.8737715604e+00
197 196 106
2 6 753 262.0900 -128.3000 7 736 257.7200 -168.3400
2.3198502911e+00 -2.0369529214e+00 -1.0667124820e+01
71 60 79
2 6 758 143.1800 -125.2500 7 768 128.1000 -133.3900
2.1793369088e+00 -2.0217842739e+00 -1.0905468782e+01
91 79 87
2 6 760 131.5700 -121.4300 7 771 116.6000 -128.7600
2.1793369088e+00 -2.0217842739e+00 -1.0905468782e+01
91 79 87
2 6 761 131.5700 -121.4300 7 772 116.6000 -128.7600
2.0155705389e+00 -2.0399391187e+00 -1.1428386095e+01
62 50 55
2 6 768 116.0000 -116.6100 7 782 100.7200 -122.1600
2.4719880487e+00 -4.6427012949e-01 -5.4217677686e+00
233 187 193
2 6 790 305.8500 -60.7300 7 790 304.5100 -114.3500
2.2264813647e+00 -2.1683950088e-01 -6.0460385888e+00
175 144 33
2 6 814 246.9600 -26.5500 7 823 249.6600 -74.0700
2.5047066424e+00 -1.7107134764e-01 -5.3252255893e+00
237 192 205
2 6 816 315.6900 -25.1300 7 815 316.4100 -84.0700
2.1481148508e+00 5.6588927765e-01 -6.1817864357e+00
139 84 16
2 6 860 233.0600 58.9300 7 882 241.6500 6.4900
-8.0937523637e-01 4.9711525739e-01 -4.5635137469e+00
182 160 191
2 6 874 -119.0900 67.4600 7 878 -62.9900 4.5900
-1.0108252614e+00 5.4236965255e-01 -4.5556430808e+00
147 198 228
2 6 884 -149.4800 74.0700 7 891 -90.9200 12.3000
-8.8094757247e-01 6.7050947245e-01 -4.5467706322e+00
235 199 217
2 6 899 -130.4000 93.5100 7 916 -71.9800 29.3300
5.0025834171e-01 8.9761487549e-01 -5.4575429497e+00
202 159 176
2 6 912 62.7600 107.1000 7 935 95.0700 49.4700
-7.7917344337e-01 7.7037687690e-01 -4.5277239489e+00
146 87 107
2 6 915 -115.6900 109.0000 7 927 -57.1300 42.6500
3.5260955829e-01 9.7098122991e-01 -5.4839451314e+00
203 132 150
2 6 921 44.0800 115.4800 7 941 78.2200 58.9300
-8.8536404637e-01 8.4702135606e-01 -4.5469324486e+00
216 161 173
2 6 926 -131.1300 119.8900 7 938 -71.5100 54.2200
4.9347185761e-01 1.1142705737e+00 -5.5292944883e+00
142 34 59
2 6 929 60.7000 131.9600 7 951 94.3200 74.5200
-3.6964013144e+00 3.3817140424e+00 -1.1171219218e+01
144 80 72
2 6 951 -220.4700 200.4400 7 985 -214.1000 205.3800
-4.9975799488e+00 3.4060750845e+00 -1.0941536564e+01
128 72 58
2 6 958 -302.8900 204.9400 7 1001 -297.7800 214.9700
-4.9975799488e+00 3.4060750845e+00 -1.0941536564e+01
128 72 58
2 6 959 -302.8900 204.9400 7 1002 -297.7800 214.9700
-5.1410058053e+00 3.3949757191e+00 -1.0889813764e+01
125 72 64
2 6 960 -312.8700 205.0800 7 639 -307.9200 215.6100
-5.1410058053e+00 3.3949757191e+00 -1.0889813764e+01
125 72 64
2 6 961 -312.8700 205.0800 7 640 -307.9200 215.6100
-3.6143308078e+00 3.5227389300e+00 -1.1240593839e+01
129 57 41
2 6 963 -214.2400 207.6000 7 995 -207.8600 212.4500
-3.6930297961e+00 3.5343417875e+00 -1.1277789594e+01
130 57 30
2 6 964 -218.0200 207.6600 7 996 -212.0800 212.7500
-4.7160445835e+00 3.4837868091e+00 -1.0919183256e+01
130 72 56
2 6 975 -286.7500 210.2100 7 1006 -280.6900 219.2100
-3.5816604767e+00 3.5967646971e+00 -1.1216129128e+01
132 53 30
2 6 980 -212.7200 212.4600 7 1005 -206.1600 217.1000
-4.5951981408e+00 3.5879278719e+00 -1.0966791955e+01
134 72 65
2 6 985 -278.1900 215.7700 7 1023 -272.1000 224.3100
-4.5555961705e+00 3.6710022517e+00 -1.0943292385e+01
135 75 58
2 6 992 -276.4700 221.1600 7 1036 -269.9000 229.7600
-3.3068266354e+00 3.8080480551e+00 -1.1243650804e+01
143 85 86
2 6 994 -196.1600 224.4100 7 1033 -188.7600 228.3900
