# Bundle file v0.3
9 286
0 0 0
0 0 0
0 0 0
0 0 0
0 0 0
0 0 0
0 0 0
0 0 0
0 0 0
0 0 0
0 0 0
0 0 0
0 0 0
0 0 0
0 0 0
0 0 0
0 0 0
0 0 0
0 0 0
0 0 0
0 0 0
0 0 0
0 0 0
0 0 0
0 0 0
0 0 0
0 0 0
0 0 0
0 0 0
0 0 0
6.6080306000e+02 0.0000000000e+00 0.0000000000e+00
1.0000000000e+00 0.0000000000e+00 0.0000000000e+00
0.0000000000e+00 1.0000000000e+00 0.0000000000e+00
0.0000000000e+00 0.0000000000e+00 1.0000000000e+00
-0.0000000000e+00 -0.0000000000e+00 -0.0000000000e+00
6.6080306000e+02 0.0000000000e+00 0.0000000000e+00
9.9699147550e-01 5.2235188306e-02 5.7266769374e-02
-4.9243087925e-02 9.9740760467e-01 -5.2470834179e-02
-5.9859135172e-02 4.9492981829e-02 9.9697910143e-01
5.9003155900e-01 -7.0544903784e-01 -3.9268869909e-01
0 0 0
0 0 0
0 0 0
0 0 0
0 0 0
1.9145536649e+00 -1.1582753516e+00 -6.7748134521e+00
203 182 70
2 6 325 186.6000 -113.1000 7 505 185.2800 -144.2900
2.2021241626e+00 -8.9317188204e-01 -6.2570524237e+00
221 195 83
2 6 501 232.6100 -94.2900 7 513 231.0500 -133.6600
2.2021241626e+00 -8.9317188204e-01 -6.2570524237e+00
221 195 83
2 6 500 232.6100 -94.2900 7 512 231.0500 -133.6600
2.2190731813e+00 -8.8122349011e-01 -6.2132526431e+00
177 153 51
2 6 778 235.9600 -93.7600 7 766 234.5900 -133.5800
2.2268035679e+00 -7.8094053686e-01 -6.2447256870e+00
214 189 76
2 6 508 235.6200 -82.6500 7 523 234.7100 -123.2200
2.2273175161e+00 -6.9876890851e-01 -6.1932073148e+00
215 190 73
2 6 328 237.6100 -74.5900 7 359 237.4300 -116.4400
2.2128183618e+00 -8.1945463551e-01 -6.2425088099e+00
215 191 85
2 6 781 234.1700 -86.8000 7 775 233.2700 -126.8800
2.5452015442e+00 -4.8994594860e-01 -5.4563043591e+00
226 182 185
2 6 163 308.2400 -59.3400 7 183 306.7600 -113.6100
2.1867463682e+00 -9.9384425809e-01 -6.3128440856e+00
212 189 70
2 6 326 228.6500 -104.2400 7 355 227.0900 -141.5600
1.9209889479e+00 -1.1209495166e+00 -6.7884391863e+00
41 28 0
2 6 771 186.9200 -109.1800 7 757 185.5800 -140.7200
1.9209889479e+00 -1.1209495166e+00 -6.7884391863e+00
41 28 0
2 6 772 186.9200 -109.1800 7 758 185.5800 -140.7200
2.5499706769e+00 -3.7245274703e-01 -5.4366344578e+00
234 192 195
2 6 528 309.9400 -45.2700 7 533 309.3700 -101.2900
2.5439890223e+00 -4.2430101091e-01 -5.4569750823e+00
239 180 181
2 6 793 308.0600 -51.3800 7 794 307.1300 -106.4500
2.1148307562e+00 -6.3478915121e-01 -6.3504096955e+00
218 186 68
2 6 46 220.4100 -65.7700 7 51 220.6100 -106.8200
-9.3535844946e-01 5.1900796560e-01 -4.5246910031e+00
21 27 43
2 6 54 -136.5500 75.8500 7 57 -78.7900 13.0600
-9.3535844946e-01 5.1900796560e-01 -4.5246910031e+00
21 27 43
2 6 55 -136.5500 75.8500 7 58 -78.7900 13.0600
-9.3535844946e-01 5.1900796560e-01 -4.5246910031e+00
21 27 43
2 6 56 -136.5500 75.8500 7 59 -78.7900 13.0600
-8.9772457965e-01 -2.4277655750e-01 -4.9897559736e+00
23 24 28
2 6 66 -118.7900 -32.0500 7 75 -74.9800 -79.7100
8.6131734218e-01 5.7096300852e-02 -5.5776563074e+00
210 178 197
2 6 49 101.7700 6.5300 7 54 124.9700 -43.6100
3.9230792241e-02 3.5431892127e-01 -5.4266841175e+00
152 22 32
2 6 53 4.8600 43.2200 7 83 38.3700 -7.9800
-9.8052295423e-01 6.3229574985e-01 -4.5469846518e+00
192 205 242
2 6 78 -142.5900 91.8000 7 88 -83.9200 29.0700
1.0437957267e+00 -8.7062103838e-03 -5.4530912878e+00
180 117 131
2 6 90 126.8000 -0.7900 7 102 147.4500 -54.0300
1.3324337283e+00 2.0797055023e-01 -5.5217772007e+00
188 119 130
2 6 70 159.9400 25.2800 7 80 178.0800 -30.7200
9.9841282726e-01 5.7649013274e-01 -5.4441223352e+00
213 193 208
2 6 74 121.3300 70.0900 7 84 147.0700 11.8600
9.9841282726e-01 5.7649013274e-01 -5.4441223352e+00
213 193 208
2 6 75 121.3300 70.0900 7 85 147.0700 11.8600
3.5336360855e-01 4.9626195542e-01 -5.3324972722e+00
72 2 3
2 6 96 43.5500 61.2900 7 111 77.0400 6.2200
-9.1996237559e-01 3.9092937441e-01 -4.5854286311e+00
187 201 240
2 6 73 -132.4300 56.4800 7 110 -77.1000 -4.1500
8.1910068410e-01 5.6830772833e-01 -5.4307914101e+00
95 0 2
2 6 132 99.6900 69.1700 7 147 127.5700 12.0000
4.4893045503e-01 1.0114442025e+00 -5.4958605104e+00
163 18 29
2 6 104 53.8900 121.5400 7 113 87.7400 64.4300
2.3547006776e+00 -1.1550981065e+00 -5.9362196276e+00
202 197 106
2 6 117 262.0000 -128.6800 7 128 257.7300 -168.6300
1.0079716227e+00 4.1485344558e-02 -5.5916481251e+00
72 5 8
2 6 178 118.7500 4.5900 7 198 140.4500 -45.7800
-1.3980844324e-02 4.4938498119e-01 -5.4473513302e+00
225 56 94
2 6 128 -1.7000 54.5100 7 202 32.7700 3.3400
-1.3980844324e-02 4.4938498119e-01 -5.4473513302e+00
225 56 94
2 6 129 -1.7000 54.5100 7 203 32.7700 3.3400
-6.1622346835e-01 4.4391021461e-01 -4.5815178665e+00
108 54 70
2 6 190 -88.7600 64.1400 7 145 -35.6600 0.9700
1.4293610999e-01 6.5750195082e-01 -5.3325358936e+00
217 202 221
2 6 134 17.6700 81.4400 7 149 53.6900 25.9700
-9.8983354383e-01 5.1216460588e-01 -4.5306159834e+00
18 20 30
2 6 133 -144.3300 74.7400 7 206 -86.2600 12.5400
3.8984051522e-01 1.1014061657e+00 -5.4985897247e+00
171 150 172
2 6 139 46.7000 132.2400 7 157 81.7400 75.0300
2.5452015442e+00 -4.8994594860e-01 -5.4563043591e+00
226 182 185
2 6 164 308.2400 -59.3400 7 184 306.7600 -113.6100
9.0442067925e-01 -7.4335031710e-02 -5.5530270174e+00
51 9 18
2 6 242 107.6200 -8.8500 7 256 129.1300 -58.8000
8.2369927360e-01 1.2876573869e-01 -5.6839410636e+00
139 29 46
2 6 248 95.5400 14.7800 7 263 118.5500 -34.3900
-5.2873701714e-01 3.1024636074e-01 -4.5083961094e+00
157 99 113
2 6 186 -77.4700 45.5000 7 269 -24.4800 -18.2400
1.0391993252e+00 6.6504600943e-01 -5.4503623137e+00
44 9 7
2 6 194 125.6800 80.3800 7 148 152.5500 21.9900
1.0302429746e-01 5.8396854572e-01 -5.3276403818e+00
82 11 26
2 6 193 12.9700 72.6000 7 283 48.4200 17.4500
-6.3059655233e-01 4.8808437572e-01 -4.5630411071e+00
235 181 195
2 6 192 -91.0500 70.9400 7 277 -37.4700 6.7600
-1.0273656642e+00 4.6566685163e-01 -4.5515861327e+00
183 230 255
2 6 258 -149.1900 67.5700 7 278 -91.4000 6.6400
-9.7780899126e-01 5.9257137913e-01 -4.5277880176e+00
179 225 255
2 6 264 -142.4100 86.7700 7 290 -84.4100 23.2000
-9.8060497704e-01 6.5168486057e-01 -4.5304456113e+00
243 231 243
2 6 266 -142.9300 95.1500 7 293 -84.1800 31.5200
-8.8855707233e-01 7.5985430867e-01 -4.4934289929e+00
225 165 177
2 6 273 -130.7700 111.6500 7 296 -70.8500 45.9700
9.5309441687e-01 -2.1981261022e-02 -5.5502788793e+00
66 13 22
2 6 358 113.6800 -2.4400 7 381 134.6200 -53.5200
1.2457723458e+00 9.1288418112e-02 -5.4816147543e+00
95 35 39
2 6 247 150.5600 11.3200 7 261 169.3300 -43.5800
1.1213878858e+00 9.8325027943e-02 -5.5353663769e+00
172 101 113
2 6 361 133.9200 11.7800 7 262 154.3900 -41.2100
6.4662529013e-01 1.9968718468e-01 -5.5934243823e+00
115 4 13
2 6 253 76.3100 23.5200 7 268 101.9800 -26.8800
9.0988396831e-01 6.1346163889e-01 -5.4587509389e+00
104 11 16
2 6 260 110.2900 74.3800 7 281 137.0500 16.5800
-1.1260624979e-01 6.1861768878e-01 -5.3529938227e+00
108 9 22
2 6 263 -13.8400 76.4200 7 287 23.5600 22.9300
-9.4620115718e-01 4.8692663458e-01 -4.5461565609e+00
255 254 254
2 6 259 -137.4700 70.8400 7 279 -80.3100 8.8500
5.3496188544e-01 9.7330511435e-01 -5.5055251858e+00
153 14 28
2 6 403 64.1100 116.7400 7 429 96.8800 59.5500
-9.9070734712e-01 7.7062868808e-01 -4.5152864361e+00
227 167 179
2 6 401 -144.7900 112.9700 7 421 -85.0800 47.8700
-1.1011831306e+00 7.6843880361e-01 -4.5299079319e+00
133 74 96
2 6 602 -160.5600 112.1700 7 422 -100.0800 48.4600
4.2477053357e-01 1.1503103079e+00 -5.5063107654e+00
166 22 33
2 6 277 50.8700 137.9600 7 302 85.7600 80.2600
1.5820621050e+00 1.2893848327e+00 -5.2642906215e+00
69 31 28
2 6 199 198.3500 161.6800 7 218 225.5000 90.9100
1.5820621050e+00 1.2893848327e+00 -5.2642906215e+00
69 31 28
2 6 200 198.3500 161.6800 7 219 225.5000 90.9100
1.7239663551e+00 -3.3129702069e+00 -1.2136905260e+01
97 90 106
2 6 465 93.8900 -180.3500 7 490 74.5800 -179.1000
-1.2229277444e+00 -2.7212764898e+00 -1.2363286226e+01
72 44 55
2 6 743 -64.8700 -144.9100 7 759 -77.0200 -140.7000
2.2150929014e+00 -8.6330987230e-01 -6.2707258342e+00
214 191 78
2 6 503 233.2600 -91.1100 7 515 232.1800 -130.3400
-8.9727034019e-01 -1.7888882295e-01 -4.9522621314e+00
251 253 255
2 6 342 -119.6400 -23.7800 7 373 -74.8000 -72.5900
9.1537275382e-01 -3.7567646627e-02 -5.6028554547e+00
173 134 153
2 6 355 108.0300 -4.3700 7 380 129.1000 -54.1500
2.1477379468e+00 6.0740532177e-01 -6.3036245009e+00
110 64 25
2 6 378 225.1000 63.6400 7 403 234.3100 12.2600
-9.2783709845e-01 4.1958750527e-01 -4.5487597268e+00
165 217 254
2 6 377 -134.6600 61.0800 7 577 -78.2700 -0.4800
-1.0531181503e+00 4.3728087049e-01 -4.5555242930e+00
168 156 197
2 6 578 -152.6700 63.5200 7 580 -95.2000 2.8500
-6.7725523218e-01 6.2464404402e-01 -4.5121704614e+00
170 104 126
2 6 390 -99.1500 91.5100 7 410 -42.6700 25.7000
-9.3806349340e-01 7.4213086009e-01 -4.5070519150e+00
178 107 123
2 6 601 -137.4800 108.8600 7 594 -77.8900 43.7100
-9.8243132074e-01 7.3781901341e-01 -4.5019793895e+00
174 107 127
2 6 398 -144.2200 108.2800 7 595 -84.0300 43.5200
-9.8243132074e-01 7.3781901341e-01 -4.5019793895e+00
174 107 127
2 6 399 -144.2200 108.2800 7 596 -84.0300 43.5200
1.7080505154e+00 1.4177781824e+00 -5.4384612882e+00
69 30 30
2 6 286 207.3700 172.1500 7 309 232.5100 102.9500
9.7619337951e-01 1.6260980081e+00 -5.6760549500e+00
140 24 34
2 6 414 113.4100 189.1300 7 618 145.2800 127.9800
2.4818429255e+00 -2.8523637911e+00 -9.9783621535e+00
103 99 121
2 6 460 164.3500 -188.9000 7 696 145.7100 -195.7400
2.2466648055e+00 -2.9678298934e+00 -1.0754764751e+01
108 101 117
2 6 463 137.9600 -182.4300 7 712 119.4800 -186.1600
2.3730110593e+00 -2.5305183024e+00 -1.0382218273e+01
64 53 67
2 6 736 150.9200 -161.1700 7 738 133.9100 -168.0200
2.3105602680e+00 -2.3520984716e+00 -1.0787609363e+01
74 53 61
2 6 483 141.6100 -144.0100 7 752 124.6900 -150.7000
2.2526969224e+00 -2.3460174967e+00 -1.0796118743e+01
124 120 134
2 6 484 137.8000 -143.6700 7 498 121.4600 -149.9500
2.2526969224e+00 -2.3460174967e+00 -1.0796118743e+01
124 120 134
2 6 485 137.8000 -143.6700 7 497 121.4600 -149.9500
2.5264073020e+00 -5.9647844983e-01 -5.5165076591e+00
240 184 195
2 6 513 302.5900 -71.4800 7 779 300.5400 -123.5000
2.5428443438e+00 -5.6019614075e-01 -5.4556000651e+00
242 193 212
2 6 514 307.9500 -67.8900 7 525 306.0200 -121.2200
2.1757672616e+00 -6.9357936217e-01 -6.3074988300e+00
164 169 117
2 6 512 227.9100 -72.6900 7 527 228.0200 -113.2400
2.5560784964e+00 -4.7653209305e-01 -5.4427067975e+00
234 173 188
2 6 518 310.2900 -57.8900 7 791 308.8600 -112.5000
2.2307482226e+00 -6.0361314179e-01 -6.2118269229e+00
177 147 41
2 6 787 237.2300 -64.2700 7 795 237.6900 -106.8000
9.6320207749e-01 1.4301718811e-02 -5.5655184065e+00
171 124 141
2 6 832 114.4000 1.7300 7 838 135.7200 -49.2300
-5.5646574194e-01 -3.2810048358e-02 -4.6680432692e+00
226 178 187
2 6 354 -79.0200 -4.8900 7 833 -30.5300 -61.1300
-5.4633956907e-01 1.1376360241e-02 -4.6217947182e+00
219 171 182
2 6 551 -78.1400 1.6000 7 837 -29.0700 -56.4700
-5.0712812409e-01 9.0813726095e-02 -4.5880892942e+00
157 101 112
2 6 558 -73.0800 13.0400 7 845 -23.2100 -46.7400
-5.0712812409e-01 9.0813726095e-02 -4.5880892942e+00
157 101 112
2 6 557 -73.0800 13.0400 7 844 -23.2100 -46.7400
-9.6102631082e-01 8.5153692005e-02 -4.5631538015e+00
215 151 168
2 6 556 -139.1800 12.3200 7 848 -84.6100 -45.1800
-5.1455559101e-01 2.5371248387e-01 -4.5388935455e+00
157 99 112
2 6 565 -74.9200 36.9300 7 861 -22.9900 -25.6000
-9.5061459235e-01 2.3931502337e-01 -4.5942641063e+00
245 182 191
2 6 563 -136.7600 34.3900 7 568 -81.9300 -24.0700
9.0463981983e-02 6.1306146679e-01 -5.3102543719e+00
233 218 230
2 6 586 11.2700 76.3000 7 901 47.6200 21.0200
1.1958362912e-01 6.3182021361e-01 -5.3069055775e+00
229 219 231
2 6 587 14.9100 78.6900 7 904 51.1600 23.0200
-9.3045414560e-01 6.5006642786e-01 -4.5193326194e+00
241 217 230
2 6 595 -136.0800 95.0200 7 918 -77.2300 31.0600
3.6589583222e-01 9.5856777667e-01 -5.4851442655e+00
203 132 150
2 6 922 44.0800 115.4800 7 942 78.2200 58.9300
-1.0207603192e+00 7.5304654598e-01 -4.5069610947e+00
232 172 179
2 6 917 -149.8700 110.2100 7 932 -88.9900 46.0800
4.2227581665e-01 1.0716327709e+00 -5.4929570401e+00
152 22 54
2 6 606 50.7300 128.8600 7 609 85.2000 71.4200
2.6677455666e+00 -3.2116205567e+00 -9.4991523343e+00
111 103 121
2 6 644 185.4800 -223.5100 7 655 164.8300 -229.7600
2.3645633538e+00 -3.5146532849e+00 -1.0336293571e+01
100 95 114
2 6 641 151.1400 -224.7200 7 660 130.3500 -227.0800
2.4596096055e+00 -3.3677760883e+00 -1.0119677996e+01
115 112 130
2 6 655 160.5600 -219.9600 7 664 140.0300 -223.6500
2.4898373795e+00 -3.0545181345e+00 -1.0056792933e+01
117 106 126
2 6 681 163.5200 -200.7800 7 683 144.1500 -206.2500
2.3902986855e+00 -2.6399419970e+00 -1.0399701295e+01
73 58 66
2 6 723 151.8100 -167.8100 7 724 134.2000 -174.2300
2.0657040436e+00 -2.1662629537e+00 -1.1106547851e+01
107 92 111
2 6 752 122.9300 -128.8600 7 764 107.3300 -134.7700
1.8838073580e+00 -2.3407714144e+00 -1.1804811626e+01
97 86 99
2 6 750 105.4300 -131.0500 7 765 89.0800 -134.0300
2.0474690998e+00 -1.9830702810e+00 -1.1363557268e+01
107 91 101
2 6 769 119.0600 -115.3200 7 783 103.8600 -121.0600
2.5434399737e+00 -6.9603666164e-01 -5.4370616690e+00
247 142 75
2 6 782 309.1400 -84.5800 7 760 305.9400 -136.5400
2.2128183618e+00 -8.1945463551e-01 -6.2425088099e+00
215 191 85
2 6 780 234.1700 -86.8000 7 774 233.2700 -126.8800
2.5515662845e+00 -5.1697215706e-01 -5.4393726737e+00
249 179 194
2 6 788 309.8500 -62.9000 7 789 308.3300 -116.9100
2.5572695737e+00 -3.2508622755e-01 -5.3518173511e+00
215 78 123
2 6 800 315.6700 -40.2000 7 799 315.6400 -97.9600
9.0636783409e-01 2.8503368427e-02 -5.5775999869e+00
223 194 208
2 6 833 107.3500 3.3500 7 843 129.3900 -47.1700
5.6470367289e-02 5.9791287525e-01 -5.3059328879e+00
239 225 235
2 6 885 6.9600 74.4000 7 898 43.7400 19.5200
-1.3134917538e-01 5.8714741465e-01 -5.3006902472e+00
209 176 193
2 6 880 -16.4700 73.1100 7 899 21.9200 19.3900
1.5750425406e+00 1.0759079802e+00 -5.2053598727e+00
159 96 109
2 6 608 199.9700 136.6000 7 946 225.4100 66.1700
5.4847101111e-01 1.0077597947e+00 -5.5044854535e+00
212 136 155
2 6 928 65.7700 120.9200 7 944 98.6100 63.3400
9.8005941543e-01 -2.8818831641e-01 -5.4200908146e+00
215 148 157
2 6 18 118.9300 -35.6200 7 22 140.4300 -84.7100
-4.9509492647e-02 5.2981844825e-01 -5.3928342903e+00
243 238 244
2 6 26 -5.9000 65.0700 7 28 29.6900 12.3300
-2.9632441406e-01 5.9596626589e-01 -5.1366990758e+00
34 19 22
2 6 27 -37.8100 76.9500 7 41 3.4700 20.6400
1.9835631390e+00 8.3487573466e-01 -6.2292091444e+00
192 132 142
2 6 28 209.9400 88.2100 7 29 223.5500 35.6000
-9.9763854839e-02 3.0819155747e-01 -5.4766194826e+00
235 234 242
2 6 51 -12.2400 37.0000 7 82 22.1000 -11.8000
-1.8917515961e-02 1.5240837432e+00 -5.8345183533e+00
161 15 26
2 6 62 -1.6200 173.0500 7 65 33.5400 120.4400
-1.2958130557e+00 -2.9029064353e+00 -1.2411279337e+01
58 58 69
2 6 64 -68.4500 -153.9600 7 71 -81.1300 -149.2000
-8.0187211941e-02 1.9349550349e-01 -5.6337690164e+00
198 32 51
2 6 69 -9.6600 22.4600 7 141 22.0600 -23.2300
1.4201388340e+00 3.3040606168e-01 -5.6570462627e+00
67 9 9
2 6 72 166.1700 38.8200 7 81 183.7100 -16.3600
-2.9908120140e+00 3.1891454687e+00 -1.1844262894e+01
23 21 26
2 6 81 -167.3800 177.4400 7 123 -161.1700 181.1500
3.2666597212e-01 -3.4022076976e+00 -1.2960966182e+01
9 9 9
2 6 86 17.1200 -172.9700 7 97 -0.7100 -168.5900
7.6507661656e-01 7.9187857435e-02 -5.6389540704e+00
238 230 239
2 6 91 89.6100 9.2400 7 104 112.8700 -40.1400
-1.6914220597e-01 2.3383081728e-01 -5.5386018192e+00
230 212 229
2 6 93 -20.9200 27.2100 7 143 13.8800 -18.7400
2.3547006776e+00 -1.1550981065e+00 -5.9362196276e+00
202 197 106
2 6 116 262.0000 -128.6800 7 127 257.7300 -168.6300
1.1754936985e+00 1.2223058732e-01 -5.5136275749e+00
189 123 137
2 6 124 141.0400 14.7800 7 138 161.0400 -39.2100
2.6229386244e-01 5.2012989567e-01 -5.3385561502e+00
230 208 219
2 6 131 32.6600 64.5500 7 205 66.1500 9.1600
-7.2330213037e-02 7.7768384977e-01 -5.4136024342e+00
91 1 7
2 6 137 -8.9500 94.8200 7 215 28.7100 41.2500
1.5607752342e+00 1.4425906923e+00 -5.3885251547e+00
169 119 130
2 6 144 191.3200 176.8500 7 161 218.5200 107.3100
7.9639416115e-01 -4.7926531167e+00 -1.4158513168e+01
42 42 51
2 6 149 37.3100 -223.5300 7 174 14.2700 -213.7600
2.3125893198e+00 -3.5308095642e+00 -1.0467737751e+01
37 33 48
2 6 151 146.0100 -222.8700 7 170 125.2200 -224.9000
2.3125893198e+00 -3.5308095642e+00 -1.0467737751e+01
37 33 48
2 6 152 146.0100 -222.8700 7 171 125.2200 -224.9000
2.9252077768e+00 -2.8508153370e+00 -8.8814944124e+00
60 49 63
2 6 153 217.4100 -212.3200 7 172 197.1100 -222.7500
2.6173228259e+00 -2.6938494940e+00 -9.6934264928e+00
64 55 67
2 6 155 178.5100 -183.5600 7 176 159.8000 -192.4800
2.4049011784e+00 -2.0346847047e+00 -8.1300707436e+00
188 174 148
2 6 156 195.3200 -165.5100 7 177 182.7600 -183.2800
4.6560251715e-01 -3.2045923570e+00 -1.2781256294e+01
104 81 65
2 6 157 24.1400 -165.6100 7 179 7.6100 -161.4800
2.5582612306e+00 -3.6431526447e-01 -5.4063928530e+00
224 181 194
2 6 166 312.7800 -44.4600 7 185 311.9800 -101.1900
2.5582612306e+00 -3.6431526447e-01 -5.4063928530e+00
224 181 194
2 6 167 312.7800 -44.4600 7 186 311.9800 -101.1900
2.2451952897e+00 -3.1558285085e-01 -6.1813373320e+00
220 184 47
2 6 169 239.9500 -33.7900 7 252 242.3100 -79.4200
5.9049785460e-01 1.7245934373e+00 -5.8283172365e+00
67 1 0
2 6 205 66.8200 195.4300 7 225 100.5600 138.7800
2.6045441343e+00 -3.1154041397e+00 -9.6913439409e+00
53 42 52
2 6 212 177.5100 -212.5000 7 230 157.5000 -218.7600
2.6045441343e+00 -3.1154041397e+00 -9.6913439409e+00
53 42 52
2 6 213 177.5100 -212.5000 7 231 157.5000 -218.7600
2.2930675494e+00 -1.9322070695e+00 -8.3980646832e+00
178 171 140
2 6 216 180.2600 -152.1900 7 236 168.6800 -169.1100
1.5031551980e+00 -2.5445399138e+00 -1.2132016931e+01
110 84 65
2 6 219 81.9200 -138.5500 7 238 65.5400 -139.4900
1.3755286217e+00 -2.5004714837e+00 -1.2162523724e+01
18 29 45
2 6 220 74.8400 -135.7500 7 239 58.7900 -136.6300
2.0366891758e+00 -2.1311025469e+00 -1.1319230262e+01
54 41 43
2 6 223 118.8900 -124.4200 7 243 103.3100 -129.7300
2.5213563457e+00 -5.9974651554e-01 -5.4484946840e+00
225 190 208
2 6 231 305.7000 -72.8100 7 358 303.8600 -125.5800
2.0820407495e+00 3.4508484389e-01 -6.3605903688e+00
147 111 50
2 6 254 216.2500 35.8100 7 391 224.1000 -12.5200
4.8231298922e-01 8.6994864918e-01 -5.4472625969e+00
148 19 29
2 6 267 58.6500 105.6500 7 419 91.3400 48.1500
1.7080505154e+00 1.4177781824e+00 -5.4384612882e+00
69 30 30
2 6 285 207.3700 172.1500 7 308 232.5100 102.9500
2.2552658487e+00 -3.7830219479e+00 -1.0590333003e+01
84 79 97
2 6 295 140.6600 -236.1100 7 458 119.3200 -236.4000
2.4780964556e+00 -3.2371705785e+00 -1.0159764976e+01
98 89 106
2 6 303 160.9700 -210.7500 7 332 141.1600 -214.7600
2.7962149411e+00 -2.8045505030e+00 -9.1658025546e+00
56 43 54
2 6 304 201.4100 -202.3600 7 333 182.0100 -212.0700
1.7041141354e+00 -3.6026892372e+00 -1.2140387307e+01
10 10 12
2 6 305 92.7700 -196.0800 7 338 72.6800 -193.7400
1.7041141354e+00 -3.6026892372e+00 -1.2140387307e+01
10 10 12
2 6 306 92.7700 -196.0800 7 339 72.6800 -193.7400
2.6559235801e+00 -2.8041101785e+00 -9.6087615471e+00
59 47 61
2 6 308 182.6300 -192.8600 7 334 163.5300 -201.3000
2.6559235801e+00 -2.8041101785e+00 -9.6087615471e+00
59 47 61
2 6 309 182.6300 -192.8600 7 335 163.5300 -201.3000
2.4642202587e+00 -2.9159081057e+00 -1.0162947315e+01
59 52 64
2 6 311 160.2200 -189.6000 7 336 141.2800 -195.6000
2.4642202587e+00 -2.9159081057e+00 -1.0162947315e+01
59 52 64
2 6 312 160.2200 -189.6000 7 337 141.2800 -195.6000
1.6258614771e+00 -2.7240217313e+00 -1.2340967563e+01
47 38 45
2 6 317 87.1800 -145.7400 7 501 69.4800 -146.0400
1.9524504414e+00 -2.2887523029e+00 -1.1482383181e+01
52 42 42
2 6 320 112.2200 -131.8500 7 511 96.4800 -135.7400
1.9145536649e+00 -1.1582753516e+00 -6.7748134521e+00
203 182 70
2 6 324 186.6000 -113.1000 7 504 185.2800 -144.2900
2.5291098744e+00 -6.0306366892e-01 -5.4628674506e+00
227 196 213
2 6 329 305.8200 -73.0300 7 357 303.8600 -125.5800
2.5549649274e+00 -4.2122182892e-01 -5.4040114336e+00
236 188 201
2 6 333 312.3500 -51.5600 7 530 311.4800 -107.3600
2.5604121901e+00 -3.5993444442e-01 -5.3784128012e+00
245 191 207
2 6 336 314.5400 -44.2500 7 532 314.0500 -101.2600
2.1529216613e+00 -2.7389858397e-01 -6.1554868286e+00
114 69 10
2 6 340 231.1500 -29.3800 7 545 234.6600 -75.4600
-5.7887537340e-01 -8.7593872762e-02 -4.7097095833e+00
229 178 190
2 6 351 -81.2200 -12.2900 7 550 -34.1500 -67.5700
-4.8044557908e-01 1.8590554635e-01 -4.5752830889e+00
225 164 172
2 6 366 -69.3800 26.8600 7 562 -19.0000 -34.4600
4.7418853479e-01 2.2940181677e-01 -5.5962944050e+00
125 4 14
2 6 367 56.0400 27.1300 7 387 83.1700 -22.8100
2.1193948047e+00 2.9098912089e-01 -6.3793648843e+00
84 49 7
2 6 369 219.5600 30.1600 7 389 226.4500 -17.8100
-4.1926777944e-01 4.2523837220e-01 -4.5779632849e+00
207 155 168
2 6 376 -60.6800 61.2300 7 576 -8.9600 -2.6000
2.1834069844e+00 6.3117122242e-01 -6.2610143447e+00
176 139 90
2 6 379 230.3400 66.5400 7 404 239.6700 14.3100
3.5924361229e-01 5.6611140037e-01 -5.3831551147e+00
156 27 44
2 6 380 43.9100 69.3300 7 583 77.1100 14.4000
-6.5026779833e-01 5.7353774679e-01 -4.5272690693e+00
189 126 143
2 6 382 -94.9600 83.6700 7 406 -39.2200 18.6400
-6.5026779833e-01 5.7353774679e-01 -4.5272690693e+00
189 126 143
2 6 383 -94.9600 83.6700 7 407 -39.2200 18.6400
2.8144732757e-01 6.9869289216e-01 -5.2577991761e+00
219 197 209
2 6 385 35.3700 87.8100 7 587 71.3000 29.8200
4.3181258331e-01 7.1664249145e-01 -5.3176444971e+00
246 224 228
2 6 387 53.3700 88.8100 7 413 87.9100 31.2900
4.3181258331e-01 7.1664249145e-01 -5.3176444971e+00
246 224 228
2 6 388 53.3700 88.8100 7 414 87.9100 31.2900
-6.7725523218e-01 6.2464404402e-01 -4.5121704614e+00
170 104 126
2 6 391 -99.1500 91.5100 7 411 -42.6700 25.7000
5.1520432331e-01 8.3635255885e-01 -5.4836575745e+00
205 172 197
2 6 393 62.3200 100.9800 7 597 93.8800 43.9900
-7.6466474833e-01 6.8697037541e-01 -4.4952721708e+00
233 178 193
2 6 394 -112.4100 100.9800 7 415 -54.2800 34.9100
-8.0621835898e-01 7.2124566013e-01 -4.4996127818e+00
226 172 182
2 6 396 -118.4000 105.9200 7 417 -59.7800 39.9300
-1.0782414480e+00 7.4076667085e-01 -4.5201455533e+00
229 167 180
2 6 400 -157.5600 108.3600 7 418 -97.1900 44.5100
1.2196501369e+00 1.1250611415e+00 -5.1527660146e+00
184 132 143
2 6 407 156.3300 144.2200 7 433 187.0800 74.7500
2.7460173617e+00 -3.0588080054e+00 -9.3399058400e+00
52 45 57
2 6 435 194.2100 -216.4800 7 468 173.7300 -224.2500
2.4368901289e+00 -3.3314442678e+00 -1.0225344174e+01
101 97 119
2 6 439 157.3800 -215.3900 7 473 137.1500 -218.9000
2.3801661158e+00 -3.3279389883e+00 -1.0343638522e+01
105 97 118
2 6 440 151.9800 -212.6800 7 477 131.9100 -215.9000
2.1309836703e+00 -3.4810591160e+00 -1.0971405161e+01
53 51 65
2 6 443 128.2600 -209.7500 7 681 108.3000 -210.5100
2.1163123075e+00 -3.4216651458e+00 -1.0992799846e+01
85 78 96
2 6 445 127.1500 -205.7500 7 479 107.3900 -206.7500
2.0595053192e+00 -3.3655832702e+00 -1.1129831811e+01
39 35 49
2 6 448 122.3000 -199.8000 7 481 102.6500 -200.8500
2.7369705813e+00 -2.7083575411e+00 -9.4200689703e+00
57 41 47
2 6 457 191.8500 -190.1200 7 482 173.0500 -199.5900
2.7369705813e+00 -2.7083575411e+00 -9.4200689703e+00
57 41 47
2 6 458 191.8500 -190.1200 7 483 173.0500 -199.5900
2.3581496376e+00 -2.8277088382e+00 -1.0491934296e+01
57 46 54
2 6 466 148.4100 -178.2000 7 715 130.2500 -183.3700
1.6033715330e+00 -3.3766612882e+00 -1.2520246267e+01
88 85 103
2 6 467 84.7100 -178.1300 7 491 65.0500 -175.8900
2.4323808844e+00 -2.1270938955e+00 -8.0582874381e+00
187 178 144
2 6 470 199.2500 -174.6200 7 484 186.2400 -192.0100
2.5129908345e+00 -2.5563506013e+00 -9.9697838198e+00
67 55 65
2 6 473 166.4400 -169.5500 7 719 149.0600 -177.7600
1.6694497302e+00 -3.0163688113e+00 -1.2350048380e+01
54 48 60
2 6 479 89.3300 -161.3900 7 495 70.8800 -160.5900
2.2926938217e+00 -2.0064675453e+00 -8.3497687804e+00
113 98 80
2 6 480 181.3700 -158.8600 7 492 169.3000 -175.6900
2.0797489184e+00 -2.3591081675e+00 -1.1225338315e+01
63 47 57
2 6 486 122.2200 -139.0700 7 506 106.2600 -143.5200
2.2946996071e+00 -2.2191673393e+00 -1.0612232384e+01
121 118 134
2 6 488 142.7600 -138.3000 7 503 127.0100 -145.6500
2.1654312290e+00 -8.6981376270e-01 -6.3176019618e+00
216 192 86
2 6 504 226.5100 -90.9700 7 516 225.4300 -129.8000
2.5337026515e+00 -6.2988336817e-01 -5.5374996316e+00
221 70 104
2 6 511 302.3600 -75.1600 7 776 299.8200 -126.6000
2.5310703338e+00 -5.4505190066e-01 -5.4997079185e+00
239 180 193
2 6 516 304.1000 -65.5000 7 786 302.3600 -118.4300
2.0696805825e+00 -5.5103950824e-01 -6.4787273062e+00
228 191 78
2 6 519 211.3600 -55.9900 7 534 212.3600 -96.1800
2.2636314570e+00 -4.6499111685e-01 -6.1211091163e+00
229 196 57
2 6 525 244.3800 -50.1900 7 535 245.4900 -95.3000
2.2636314570e+00 -4.6499111685e-01 -6.1211091163e+00
229 196 57
2 6 526 244.3800 -50.1900 7 536 245.4900 -95.3000
8.3590669485e-01 -3.6768351712e-01 -5.4333610952e+00
169 46 60
2 6 529 101.5700 -44.8000 7 806 122.9900 -93.0300
2.2113644078e+00 -3.5060998261e-01 -6.1659337914e+00
97 62 2
2 6 532 236.9600 -37.6000 7 816 239.4100 -83.0000
2.5648444106e+00 -3.0128232026e-01 -5.3575010166e+00
232 191 210
2 6 533 316.2300 -37.2500 7 800 316.3700 -95.2000
2.1850936765e+00 -3.1138492731e-01 -6.1679550946e+00
120 75 14
2 6 535 234.1000 -33.3600 7 818 237.0300 -79.0400
2.5648048850e+00 -2.4576617020e-01 -5.3920515032e+00
240 192 195
2 6 536 314.3600 -30.0900 7 543 314.5900 -88.4400
2.1518988805e+00 3.0559183038e-01 -6.3668668672e+00
176 139 48
2 6 562 223.2400 31.6400 7 571 230.2300 -16.5600
-3.9815817503e-01 4.4431301255e-01 -4.6179815416e+00
171 123 144
2 6 577 -57.0900 63.4700 7 578 -6.3000 0.0600
-3.8494965232e-01 4.7305216165e-01 -4.6420281012e+00
220 191 199
2 6 581 -54.8200 67.3200 7 581 -4.6100 3.8600
-1.0725535370e+00 4.8201155098e-01 -4.5601397470e+00
173 160 195
2 6 583 -155.4700 69.8000 7 582 -97.3800 9.2300
1.3213807367e-01 6.1082446585e-01 -5.3129555582e+00
73 21 45
2 6 585 16.3300 75.8800 7 900 52.5200 20.6200
3.6539857146e-01 6.5735018946e-01 -5.3282662738e+00
243 214 219
2 6 588 45.2300 81.4500 7 586 79.4200 24.6500
1.4216450153e-01 7.0613125196e-01 -5.3535749779e+00
71 6 13
2 6 591 17.5600 87.1700 7 588 53.5200 31.5900
-6.4958743241e-01 6.1889747540e-01 -4.5342287406e+00
237 174 184
2 6 592 -94.5900 90.2700 7 909 -38.9600 24.7200
-9.4149994515e-01 7.1409742124e-01 -4.4934904526e+00
228 165 173
2 6 597 -138.4900 104.9800 7 590 -78.5600 39.9700
-9.9962231506e-01 8.0165824302e-01 -4.5223377152e+00
157 100 122
2 6 605 -146.0000 117.2000 7 601 -85.9000 52.3200
-3.8176709831e+00 3.9137794128e+00 -1.1486356993e+01
146 93 86
2 6 619 -219.3700 225.4000 7 1037 -212.5600 230.5400
2.1335226735e+00 -3.8174376554e+00 -1.0901564600e+01
51 45 59
2 6 630 129.3300 -231.3900 7 652 108.0600 -230.9300
2.1738211355e+00 -3.7650418969e+00 -1.0795315359e+01
89 87 105
2 6 631 132.9900 -230.5400 7 653 111.9700 -230.4100
9.4011409819e-01 -4.8913846636e+00 -1.4026514566e+01
48 48 57
2 6 632 44.3900 -230.3300 7 670 20.9900 -220.5000
2.1694055390e+00 -3.6626161454e+00 -1.0779607115e+01
88 85 102
2 6 642 132.9600 -224.5500 7 662 112.2300 -225.0200
2.6142715495e+00 -3.2611714478e+00 -9.7110281522e+00
59 54 71
2 6 650 177.7900 -222.0100 7 657 157.1700 -227.3700
2.9066097163e+00 -2.9348587067e+00 -8.8862880004e+00
56 47 62
2 6 658 215.9600 -218.4100 7 656 195.2900 -228.3200
2.3292743438e+00 -3.4036456514e+00 -1.0538044823e+01
99 95 118
2 6 662 146.0200 -213.4700 7 677 125.7000 -215.8900
2.2655431245e+00 -3.4286731478e+00 -1.0710627685e+01
56 46 58
2 6 666 139.7500 -211.5600 7 680 119.4700 -213.4300
2.7546811665e+00 -2.9125647876e+00 -9.2982196549e+00
117 110 126
2 6 674 195.6500 -207.1000 7 676 175.8600 -215.8000
2.3094393350e+00 -3.2125323907e+00 -1.0479354342e+01
53 46 61
2 6 679 145.5500 -202.6500 7 686 126.1400 -206.0100
2.4646719113e+00 -3.0871147024e+00 -1.0137303433e+01
68 59 74
2 6 680 160.5500 -201.3400 7 684 141.1900 -206.3400
2.1031771364e+00 -3.3366757521e+00 -1.1100833822e+01
88 81 97
2 6 685 125.2000 -198.6200 7 692 105.5400 -199.8900
1.5826179633e+00 -3.7501096308e+00 -1.2498220969e+01
36 26 32
2 6 688 83.7200 -198.2300 7 699 63.1600 -194.6600
2.4495622398e+00 -3.0099163400e+00 -1.0177739292e+01
100 93 109
2 6 691 158.9600 -195.5000 7 691 139.8800 -200.8200
1.9282959090e+00 -3.4142448643e+00 -1.1590174722e+01
52 47 68
2 6 692 109.9400 -194.6600 7 697 90.2400 -194.3500
1.9282959090e+00 -3.4142448643e+00 -1.1590174722e+01
52 47 68
2 6 693 109.9400 -194.6600 7 698 90.2400 -194.3500
2.6071367881e+00 -2.7648026929e+00 -9.7279889240e+00
47 34 47
2 6 698 177.0200 -187.8800 7 695 158.4000 -195.9900
2.0496406223e+00 -3.2076609584e+00 -1.1320873986e+01
90 78 86
2 6 699 119.6200 -187.2500 7 708 100.4400 -188.4700
1.7947183880e+00 -3.3868502467e+00 -1.1990068146e+01
44 36 49
2 6 701 99.0300 -186.5400 7 713 79.2300 -185.6000
2.3985795183e+00 -2.8447243993e+00 -1.0272628301e+01
57 46 60
2 6 704 154.2200 -183.0600 7 705 135.9200 -188.8700
1.9372198035e+00 -3.0876681683e+00 -1.1579222089e+01
57 49 60
2 6 712 110.5400 -176.2200 7 722 91.8900 -177.1800
1.9367167918e+00 -3.0089505652e+00 -1.1541969918e+01
89 85 99
2 6 718 110.8700 -172.2800 7 726 92.5100 -173.6200
1.9367167918e+00 -3.0089505652e+00 -1.1541969918e+01
89 85 99
2 6 719 110.8700 -172.2800 7 727 92.5100 -173.6200
2.4586613982e+00 -2.5050548719e+00 -1.0178718216e+01
106 99 115
2 6 732 159.5500 -162.6900 7 732 142.3300 -170.5200
2.4586613982e+00 -2.5050548719e+00 -1.0178718216e+01
106 99 115
2 6 733 159.5500 -162.6900 7 733 142.3300 -170.5200
2.3730110593e+00 -2.5305183024e+00 -1.0382218273e+01
64 53 67
2 6 735 150.9200 -161.1700 7 737 133.9100 -168.0200
2.3730110593e+00 -2.5305183024e+00 -1.0382218273e+01
64 53 67
2 6 737 150.9200 -161.1700 7 739 133.9100 -168.0200
1.2381128881e+00 -2.9727336496e+00 -1.3594602962e+01
74 67 78
2 6 744 60.2100 -144.4700 7 756 41.5100 -140.8000
2.1208534634e+00 -2.1830294685e+00 -1.1119059912e+01
68 55 68
2 6 751 126.0600 -129.7200 7 763 110.2000 -135.6300
2.3559920484e+00 -1.1524708175e+00 -5.9384917953e+00
197 196 106
2 6 753 262.0900 -128.3000 7 736 257.7200 -168.3400
2.3068163746e+00 -2.0142233242e+00 -1.0636805379e+01
71 60 79
2 6 758 143.1800 -125.2500 7 768 128.1000 -133.3900
2.1659711241e+00 -1.9980892317e+00 -1.0875875529e+01
91 79 87
2 6 760 131.5700 -121.4300 7 771 116.6000 -128.7600
2.1659711241e+00 -1.9980892317e+00 -1.0875875529e+01
91 79 87
2 6 761 131.5700 -121.4300 7 772 116.6000 -128.7600
1.9993563274e+00 -2.0115517854e+00 -1.1394443754e+01
62 50 55
2 6 768 116.0000 -116.6100 7 782 100.7200 -122.1600
2.5377072481e+00 -5.0327231464e-01 -5.4814275927e+00
233 187 193
2 6 790 305.8500 -60.7300 7 790 304.5100 -114.3500
2.2771696397e+00 -2.4448241399e-01 -6.0921349412e+00
175 144 33
2 6 814 246.9600 -26.5500 7 823 249.6600 -74.0700
2.5703040150e+00 -2.0423853175e-01 -5.3792134568e+00
237 192 205
2 6 816 315.6900 -25.1300 7 815 316.4100 -84.0700
2.1935678716e+00 5.5451743821e-01 -6.2202755648e+00
139 84 16
2 6 860 233.0600 58.9300 7 882 241.6500 6.4900
-8.1794103986e-01 4.6255072163e-01 -4.5357450447e+00
182 160 191
2 6 874 -119.0900 67.4600 7 878 -62.9900 4.5900
-1.0241369454e+00 5.0803720177e-01 -4.5290471702e+00
147 198 228
2 6 884 -149.4800 74.0700 7 891 -90.9200 12.3000
-8.9172912706e-01 6.3961131675e-01 -4.5193009693e+00
235 199 217
2 6 899 -130.4000 93.5100 7 916 -71.9800 29.3300
5.1722995311e-01 8.8376699938e-01 -5.4592850958e+00
202 159 176
2 6 912 62.7600 107.1000 7 935 95.0700 49.4700
-7.8787083280e-01 7.4207348174e-01 -4.4994754343e+00
146 87 107
2 6 915 -115.6900 109.0000 7 927 -57.1300 42.6500
3.6589583222e-01 9.5856777667e-01 -5.4851442655e+00
203 132 150
2 6 921 44.0800 115.4800 7 941 78.2200 58.9300
-8.9691099403e-01 8.2033237132e-01 -4.5206172023e+00
216 161 173
2 6 926 -131.1300 119.8900 7 938 -71.5100 54.2200
5.0932476944e-01 1.1058177118e+00 -5.5331667103e+00
142 34 59
2 6 929 60.7000 131.9600 7 951 94.3200 74.5200
-3.8231400591e+00 3.4733033079e+00 -1.1454875671e+01
144 80 72
2 6 951 -220.4700 200.4400 7 985 -214.1000 205.3800
-5.1644102654e+00 3.4942123749e+00 -1.1266849613e+01
128 72 58
2 6 958 -302.8900 204.9400 7 1001 -297.7800 214.9700
-5.1644102654e+00 3.4942123749e+00 -1.1266849613e+01
128 72 58
2 6 959 -302.8900 204.9400 7 1002 -297.7800 214.9700
-5.3125245730e+00 3.4822534830e+00 -1.1220419180e+01
125 72 64
2 6 960 -312.8700 205.0800 7 639 -307.9200 215.6100
-5.3125245730e+00 3.4822534830e+00 -1.1220419180e+01
125 72 64
2 6 961 -312.8700 205.0800 7 640 -307.9200 215.6100
-3.7400496275e+00 3.6197814120e+00 -1.1528822907e+01
129 57 41
2 6 963 -214.2400 207.6000 7 995 -207.8600 212.4500
-3.8212870791e+00 3.6318578225e+00 -1.1569540030e+01
130 57 30
2 6 964 -218.0200 207.6600 7 996 -212.0800 212.7500
-4.8747807493e+00 3.5750852706e+00 -1.1235720476e+01
130 72 56
2 6 975 -286.7500 210.2100 7 1006 -280.6900 219.2100
-3.7070016836e+00 3.6962616055e+00 -1.1505664409e+01
132 53 30
2 6 980 -212.7200 212.4600 7 1005 -206.1600 217.1000
-4.7513291418e+00 3.6834604054e+00 -1.1283751689e+01
134 72 65
2 6 985 -278.1900 215.7700 7 1023 -272.1000 224.3100
-4.7114500120e+00 3.7694935273e+00 -1.1261858651e+01
135 75 58
2 6 992 -276.4700 221.1600 7 1036 -269.9000 229.7600
-3.4257297896e+00 3.9155960930e+00 -1.1534555399e+01
143 85 86
2 6 994 -196.1600 224.4100 7 1033 -188.7600 228.3900
