# Bundle file v0.3
9 517
0 0 0
0 0 0
0 0 0
0 0 0
0 0 0
0 0 0
0 0 0
0 0 0
0 0 0
0 0 0
0 0 0
0 0 0
0 0 0
0 0 0
0 0 0
0 0 0
0 0 0
0 0 0
0 0 0
0 0 0
5.3629057588e+02 -1.6695194646e-01 -5.4495072588e-03
3.2092862441e-01 -7.4087826552e-01 5.9000357094e-01
3.9542168557e-01 6.7087817878e-01 6.2734692142e-01
-8.6060822017e-01 3.1966621994e-02 5.0826334361e-01
4.6518689659e+00 2.8532297519e+00 5.9256136456e-01
6.6726921005e+02 -1.3560648492e-01 -5.2212281284e-02
9.7655203435e-01 9.8276908835e-02 1.9154052676e-01
-8.6566507778e-02 9.9388169476e-01 -6.8596038929e-02
-1.9711003002e-01 5.0406606865e-02 9.7908467971e-01
8.7025978217e-01 -4.0769982399e-01 8.0533173245e-01
6.6256641249e+02 -1.0941215284e-01 -3.8256264245e-02
9.9972154341e-01 3.0104399339e-03 -2.3404548565e-02
-3.5906004810e-03 9.9968633185e-01 -2.4785993981e-02
2.3322590557e-02 2.4863128541e-02 9.9941877189e-01
-2.8394907716e-01 -1.6149926213e-01 7.4273402548e-01
6.5949950925e+02 -1.4100890134e-01 3.6563695628e-02
9.9819931328e-01 5.4738774356e-02 2.4531562211e-02
-5.3038148592e-02 9.9645473207e-01 -6.5306368151e-02
-2.8019381800e-02 6.3887663200e-02 9.9756367252e-01
2.0774616036e-01 -7.2550771246e-01 4.5078382012e-01
6.5882934120e+02 -1.3665575463e-01 -2.1794649366e-02
-9.2785982915e-01 -3.4302954110e-01 -1.4631087243e-01
2.9724886372e-01 -9.1719497774e-01 2.6532336087e-01
-2.2520934811e-01 2.0269214770e-01 9.5299351665e-01
-1.8481565509e-01 2.1820563257e+00 2.9052480127e-01
1.8080657059e+00 -1.0082198792e+00 -6.6195069490e+00
203 182 70
4 6 325 186.6000 -113.1000 7 505 185.2800 -144.2900 5 350 138.2300 -120.9300 4 462 241.3200 -146.6200
2.0363082467e+00 -7.5248882340e-01 -6.0756975832e+00
221 195 83
5 6 501 232.6100 -94.2900 7 513 231.0500 -133.6600 5 517 191.1200 -107.2700 8 744 -98.2100 198.0700 4 493 271.5100 -79.0300
2.0363082467e+00 -7.5248882340e-01 -6.0756975832e+00
221 195 83
5 6 500 232.6100 -94.2900 7 512 231.0500 -133.6600 5 516 191.1200 -107.2700 8 745 -98.2100 198.0700 4 494 271.5100 -79.0300
2.0521192989e+00 -7.4305744291e-01 -6.0387120810e+00
177 153 51
5 6 778 235.9600 -93.7600 7 766 234.5900 -133.5800 5 514 194.9400 -107.2800 8 1065 -101.3500 199.5400 4 795 274.3800 -75.1800
2.0456739521e+00 -6.4796038166e-01 -6.0377852789e+00
214 189 76
5 6 508 235.6200 -82.6500 7 523 234.7100 -123.2200 5 356 195.4300 -96.4200 8 734 -104.6000 190.6000 4 497 267.0000 -67.4200
2.0535237521e+00 -5.8117886289e-01 -6.0135085236e+00
215 190 73
5 6 328 237.6100 -74.5900 7 359 237.4300 -116.4400 5 360 198.5000 -89.2900 8 529 -109.1800 186.1600 4 501 264.2500 -60.3800
2.0412529117e+00 -6.8574483563e-01 -6.0543727149e+00
215 191 85
5 6 781 234.1700 -86.8000 7 775 233.2700 -126.8800 5 745 193.5500 -100.3000 8 1052 -101.9900 193.4200 4 796 268.2000 -71.7800
2.3135930108e+00 -3.7455839315e-01 -5.2870779618e+00
226 182 185
5 6 163 308.2400 -59.3400 7 183 306.7600 -113.6100 5 173 277.9200 -82.6000 8 262 -171.1900 217.4600 4 178 311.6100 24.9600
2.0216914504e+00 -8.4004879167e-01 -6.1176472903e+00
212 189 70
5 6 326 228.6500 -104.2400 7 355 227.0900 -141.5600 5 351 186.2800 -115.9600 8 541 -92.3400 203.0300 4 328 274.5600 -89.7900
1.8078861246e+00 -9.6738024330e-01 -6.6116840367e+00
41 28 0
4 6 771 186.9200 -109.1800 7 757 185.5800 -140.7200 5 720 138.6900 -116.9200 4 762 238.5000 -142.4200
1.8078861246e+00 -9.6738024330e-01 -6.6116840367e+00
41 28 0
4 6 772 186.9200 -109.1800 7 758 185.5800 -140.7200 5 721 138.6900 -116.9200 4 763 238.5000 -142.4200
2.3211871645e+00 -2.7517649084e-01 -5.2791284978e+00
234 192 195
4 6 528 309.9400 -45.2700 7 533 309.3700 -101.2900 5 541 281.1000 -69.8300 4 853 304.5800 34.1700
2.3152388248e+00 -3.1878393010e-01 -5.2940121372e+00
239 180 181
4 6 793 308.0600 -51.3800 7 794 307.1300 -106.4500 5 762 278.5400 -75.1900 4 1298 306.6100 29.2100
1.9656319641e+00 -5.3883036418e-01 -6.1943914448e+00
218 186 68
3 6 46 220.4100 -65.7700 7 51 220.6100 -106.8200 5 27 179.9500 -81.0800
-6.0291028762e-01 4.8095731158e-01 -4.5028526712e+00
21 27 43
3 6 54 -136.5500 75.8500 7 57 -78.7900 13.0600 5 33 -102.4000 82.8100
-6.0155600781e-01 4.8130957116e-01 -4.5022629285e+00
21 27 43
4 6 55 -136.5500 75.8500 7 58 -78.7900 13.0600 5 34 -102.4000 82.8100 8 76 149.5900 63.6800
-6.0291028762e-01 4.8095731158e-01 -4.5028526712e+00
21 27 43
3 6 56 -136.5500 75.8500 7 59 -78.7900 13.0600 5 35 -102.4000 82.8100
-5.8501295204e-01 -1.6657070323e-01 -4.9143127419e+00
23 24 28
3 6 66 -118.7900 -32.0500 7 75 -74.9800 -79.7100 5 49 -112.1700 -31.7400
8.8835255108e-01 7.4505854331e-02 -5.5181706693e+00
210 178 197
3 6 49 101.7700 6.5300 7 54 124.9700 -43.6100 5 51 95.8400 -4.6000
1.8819448560e-01 3.3020445869e-01 -5.3729368822e+00
152 22 32
4 6 53 4.8600 43.2200 7 83 38.3700 -7.9800 5 54 8.7600 41.3300 8 96 43.9400 69.6800
-6.4129324086e-01 5.7600255283e-01 -4.5224670883e+00
192 205 242
4 6 78 -142.5900 91.8000 7 88 -83.9200 29.0700 5 57 -107.5000 101.5400 8 89 152.4500 45.4800
1.0431082183e+00 1.8876885420e-02 -5.3856478963e+00
180 117 131
3 6 90 126.8000 -0.7900 7 102 147.4500 -54.0300 5 76 122.0400 -16.8300
1.2859257051e+00 2.0619423666e-01 -5.4431439504e+00
188 119 130
3 6 70 159.9400 25.2800 7 80 178.0800 -30.7200 5 77 153.2900 8.0100
1.0045986731e+00 5.1862656543e-01 -5.3953906182e+00
213 193 208
3 6 74 121.3300 70.0900 7 84 147.0700 11.8600 5 82 123.8300 55.4500
1.0045986731e+00 5.1862656543e-01 -5.3953906182e+00
213 193 208
3 6 75 121.3300 70.0900 7 85 147.0700 11.8600 5 83 123.8300 55.4500
4.5697346836e-01 4.5170029885e-01 -5.2711453842e+00
72 2 3
3 6 96 43.5500 61.2900 7 111 77.0400 6.2200 5 84 52.9100 54.8800
-5.8974233087e-01 3.7244546773e-01 -4.5489248162e+00
187 201 240
3 6 73 -132.4300 56.4800 7 110 -77.1000 -4.1500 5 85 -102.0400 61.3800
8.5335385313e-01 5.1186447959e-01 -5.3929466636e+00
95 0 2
3 6 132 99.6900 69.1700 7 147 127.5700 12.0000 5 108 103.5100 56.9400
5.3468983393e-01 8.8491321975e-01 -5.4293135295e+00
163 18 29
3 6 104 53.8900 121.5400 7 113 87.7400 64.4300 5 113 63.7400 115.6700
2.1609015398e+00 -9.5859635135e-01 -5.7283311075e+00
202 197 106
3 6 117 262.0000 -128.6800 7 128 257.7300 -168.6300 5 120 220.9400 -142.5500
1.0003586509e+00 6.8990282938e-02 -5.4555820435e+00
72 5 8
3 6 178 118.7500 4.5900 7 198 140.4500 -45.7800 5 140 114.0100 -6.6900
1.4491515871e-01 4.1052407208e-01 -5.3570247481e+00
225 56 94
3 6 128 -1.7000 54.5100 7 202 32.7700 3.3400 5 150 4.0200 53.7400
1.4491515871e-01 4.1052407208e-01 -5.3570247481e+00
225 56 94
3 6 129 -1.7000 54.5100 7 203 32.7700 3.3400 5 151 4.0200 53.7400
-3.3896676497e-01 4.1751569395e-01 -4.5721521192e+00
108 54 70
3 6 190 -88.7600 64.1400 7 145 -35.6600 0.9700 5 153 -54.9500 65.0900
2.7948600159e-01 5.8689353045e-01 -5.2824598862e+00
217 202 221
3 6 134 17.6700 81.4400 7 149 53.6900 25.9700 5 156 28.5500 77.8500
-6.4444942653e-01 4.7780868197e-01 -4.4849246755e+00
18 20 30
3 6 133 -144.3300 74.7400 7 206 -86.2600 12.5400 5 157 -110.1000 84.1500
4.8458120512e-01 9.6088622329e-01 -5.4272216156e+00
171 150 172
4 6 139 46.7000 132.2400 7 157 81.7400 75.0300 5 163 57.8600 127.6000 8 149 -23.5700 0.6800
2.3174387491e+00 -3.7636244368e-01 -5.2938421840e+00
226 182 185
3 6 164 308.2400 -59.3400 7 184 306.7600 -113.6100 5 174 277.9200 -82.6000
9.2064629117e-01 -3.4269842023e-02 -5.4589404353e+00
51 9 18
3 6 242 107.6200 -8.8500 7 256 129.1300 -58.8000 5 198 101.5000 -20.9700
8.4656464895e-01 1.3767679868e-01 -5.5583025079e+00
139 29 46
3 6 248 95.5400 14.7800 7 263 118.5500 -34.3900 5 206 89.8800 5.3600
-2.6473272108e-01 3.0640109824e-01 -4.5298111418e+00
157 99 113
4 6 186 -77.4700 45.5000 7 269 -24.4800 -18.2400 5 208 -42.0100 42.7400 8 335 103.7300 103.6900
1.0435818174e+00 5.9631559303e-01 -5.4121533888e+00
44 9 7
4 6 194 125.6800 80.3800 7 148 152.5500 21.9900 5 214 129.4700 65.8900 8 161 -75.0800 66.8900
2.4588033491e-01 5.2466032289e-01 -5.2672488003e+00
82 11 26
3 6 193 12.9700 72.6000 7 283 48.4200 17.4500 5 217 23.2900 69.1500
-3.5178936186e-01 4.5427766651e-01 -4.5643642095e+00
235 181 195
3 6 192 -91.0500 70.9400 7 277 -37.4700 6.7600 5 218 -56.6200 72.0500
-6.7902753388e-01 4.3685883752e-01 -4.5223176636e+00
183 230 255
4 6 258 -149.1900 67.5700 7 278 -91.4000 6.6400 5 222 -117.6500 75.7400 8 322 164.9400 65.3500
-6.1799880046e-01 5.3979061519e-01 -4.4100737655e+00
179 225 255
3 6 264 -142.4100 86.7700 7 290 -84.4100 23.2000 5 224 -102.1800 95.9100
-6.4170183023e-01 5.9113859595e-01 -4.5078870522e+00
243 231 243
3 6 266 -142.9300 95.1500 7 293 -84.1800 31.5200 5 225 -107.9100 104.4700
-5.6001153756e-01 6.8100805144e-01 -4.4661612123e+00
225 165 177
4 6 273 -130.7700 111.6500 7 296 -70.8500 45.9700 5 226 -90.6000 120.5900 8 312 132.3200 36.5600
9.6499457975e-01 8.2833327386e-03 -5.4769221438e+00
66 13 22
3 6 358 113.6800 -2.4400 7 381 134.6200 -53.5200 5 273 106.9800 -15.3900
1.2095296674e+00 1.0954714149e-01 -5.3913453391e+00
95 35 39
3 6 247 150.5600 11.3200 7 261 169.3300 -43.5800 5 275 145.0500 -4.7300
1.1026497622e+00 1.1444347732e-01 -5.4373433644e+00
172 101 113
3 6 361 133.9200 11.7800 7 262 154.3900 -41.2100 5 276 128.7700 -2.2400
7.0204584053e-01 1.9569160505e-01 -5.5099374173e+00
115 4 13
3 6 253 76.3100 23.5200 7 268 101.9800 -26.8800 5 283 73.4000 14.4700
9.2181675355e-01 5.4929925992e-01 -5.3811229223e+00
104 11 16
4 6 260 110.2900 74.3800 7 281 137.0500 16.5800 5 296 114.2400 61.6900 8 217 -57.9000 69.9400
6.3787453088e-02 5.5239518232e-01 -5.2723879464e+00
108 9 22
3 6 263 -13.8400 76.4200 7 287 23.5600 22.9300 5 297 -3.4300 76.3000
-6.1234121280e-01 4.5292818255e-01 -4.5144938604e+00
255 254 254
4 6 259 -137.4700 70.8400 7 279 -80.3100 8.8500 5 298 -104.9900 77.5000 8 323 153.5300 66.9600
6.0851792578e-01 8.4973656251e-01 -5.4324231578e+00
153 14 28
4 6 403 64.1100 116.7400 7 429 96.8800 59.5500 5 304 73.7400 108.4200 8 449 -33.4000 19.1300
-6.4733728381e-01 6.8977415946e-01 -4.4810682826e+00
227 167 179
3 6 401 -144.7900 112.9700 7 421 -85.0800 47.8700 5 312 -106.8300 124.0400
-7.4063652380e-01 6.8877126112e-01 -4.4907994058e+00
133 74 96
3 6 602 -160.5600 112.1700 7 422 -100.0800 48.4600 5 313 -125.0400 125.9000
5.1196401594e-01 1.0009118447e+00 -5.4221996479e+00
166 22 33
4 6 277 50.8700 137.9600 7 302 85.7600 80.2600 5 314 62.4300 133.1100 8 298 -28.8500 -2.9700
1.5047438111e+00 1.1338109243e+00 -5.2195299081e+00
69 31 28
3 6 199 198.3500 161.6800 7 218 225.5000 90.9100 5 315 208.4500 136.3100
1.5047438111e+00 1.1338109243e+00 -5.2195299081e+00
69 31 28
3 6 200 198.3500 161.6800 7 219 225.5000 90.9100 5 316 208.4500 136.3100
1.6886000119e+00 -3.3793921194e+00 -1.2470587497e+01
97 90 106
4 6 465 93.8900 -180.3500 7 490 74.5800 -179.1000 5 339 -11.2100 -169.6600 8 683 63.6800 127.9600
-1.1948044480e+00 -2.8284114869e+00 -1.2667275135e+01
72 44 55
3 6 743 -64.8700 -144.9100 7 759 -77.0200 -140.7000 5 347 -171.7400 -129.6700
2.0378596033e+00 -7.1915646186e-01 -6.0606058426e+00
214 191 78
3 6 503 233.2600 -91.1100 7 515 232.1800 -130.3400 5 354 192.3100 -104.1700
-5.8619893650e-01 -1.1329000336e-01 -4.8961012853e+00
251 253 255
3 6 342 -119.6400 -23.7800 7 373 -74.8000 -72.5900 5 386 -111.6600 -22.9300
9.2998218071e-01 -2.6628289407e-03 -5.5113316804e+00
173 134 153
3 6 355 108.0300 -4.3700 7 380 129.1000 -54.1500 5 389 100.6800 -15.4400
1.9801721422e+00 5.3875679568e-01 -6.1458166804e+00
110 64 25
3 6 378 225.1000 63.6400 7 403 234.3100 12.2600 5 407 198.4400 44.8200
-5.9513865812e-01 3.9713454731e-01 -4.5154690346e+00
165 217 254
3 6 377 -134.6600 61.0800 7 577 -78.2700 -0.4800 5 418 -102.3700 66.3900
-7.0317855301e-01 4.1323655065e-01 -4.5285709156e+00
168 156 197
3 6 578 -152.6700 63.5200 7 580 -95.2000 2.8500 5 426 -123.0400 71.9300
-3.8811434986e-01 5.6858383034e-01 -4.5019756566e+00
170 104 126
4 6 390 -99.1500 91.5100 7 410 -42.6700 25.7000 5 431 -59.9500 94.9700 8 484 110.4900 60.6000
-6.0320570627e-01 6.6552333817e-01 -4.4708541234e+00
178 107 123
4 6 601 -137.4800 108.8600 7 594 -77.8900 43.7100 5 440 -98.7500 118.7400 8 632 141.8800 36.5900
-6.3996138250e-01 6.6252485839e-01 -4.4682429560e+00
174 107 127
4 6 398 -144.2200 108.2800 7 595 -84.0300 43.5200 5 441 -106.1400 118.9800 8 466 147.8700 35.3400
-6.4103003170e-01 6.6317699188e-01 -4.4746654081e+00
174 107 127
3 6 399 -144.2200 108.2800 7 596 -84.0300 43.5200 5 442 -106.1400 118.9800
1.6072541358e+00 1.2412305538e+00 -5.3584102087e+00
69 30 30
3 6 286 207.3700 172.1500 7 309 232.5100 102.9500 5 458 213.2100 146.8100
9.8184297477e-01 1.4132299158e+00 -5.5980626722e+00
140 24 34
3 6 414 113.4100 189.1300 7 618 145.2800 127.9800 5 463 122.5300 177.5000
2.4097291901e+00 -2.7835944940e+00 -1.0058933454e+01
103 99 121
3 6 460 164.3500 -188.9000 7 696 145.7100 -195.7400 5 485 69.7500 -183.3900
2.1818628206e+00 -2.9317572840e+00 -1.0871250093e+01
108 101 117
3 6 463 137.9600 -182.4300 7 712 119.4800 -186.1600 5 491 39.9900 -175.1500
2.2864553769e+00 -2.4784155348e+00 -1.0437643400e+01
64 53 67
3 6 736 150.9200 -161.1700 7 738 133.9100 -168.0200 5 502 56.9700 -155.7600
2.2091819005e+00 -2.3068261823e+00 -1.0801827129e+01
74 53 61
3 6 483 141.6100 -144.0100 7 752 124.6900 -150.7000 5 506 47.1300 -137.8600
2.1642115118e+00 -2.3154064042e+00 -1.0860313736e+01
124 120 134
3 6 484 137.8000 -143.6700 7 498 121.4600 -149.9500 5 507 43.2600 -137.3900
2.1642115118e+00 -2.3154064042e+00 -1.0860313736e+01
124 120 134
3 6 485 137.8000 -143.6700 7 497 121.4600 -149.9500 5 508 43.2600 -137.3900
2.3003095272e+00 -4.6764219170e-01 -5.3433670897e+00
240 184 195
3 6 513 302.5900 -71.4800 7 779 300.5400 -123.5000 5 526 270.7100 -93.1500
2.3140545192e+00 -4.3554871976e-01 -5.2867998611e+00
242 193 212
3 6 514 307.9500 -67.8900 7 525 306.0200 -121.2200 5 527 277.0600 -90.6100
2.0114402743e+00 -5.8006069438e-01 -6.1283403117e+00
164 169 117
3 6 512 227.9100 -72.6900 7 527 228.0200 -113.2400 5 530 187.7600 -86.5100
2.3208943097e+00 -3.6302620997e-01 -5.2684832756e+00
234 173 188
3 6 518 310.2900 -57.8900 7 791 308.8600 -112.5000 5 532 280.5600 -81.6000
2.0511539383e+00 -4.9711143462e-01 -6.0205872330e+00
177 147 41
4 6 787 237.2300 -64.2700 7 795 237.6900 -106.8000 5 533 199.0300 -79.4500 8 1022 -111.8600 178.3500
9.7087849743e-01 4.1806540455e-02 -5.4780832018e+00
171 124 141
3 6 832 114.4000 1.7300 7 838 135.7200 -49.2300 5 572 108.2900 -10.2500
-2.9073843624e-01 1.7300729249e-02 -4.6495074835e+00
226 178 187
3 6 354 -79.0200 -4.8900 7 833 -30.5300 -61.1300 5 573 -54.7100 -8.4200
-2.8255505370e-01 5.5322603153e-02 -4.6204417251e+00
219 171 182
3 6 551 -78.1400 1.6000 7 837 -29.0700 -56.4700 5 577 -52.1400 -1.8000
-2.4708268516e-01 1.2291451448e-01 -4.5772205456e+00
157 101 112
3 6 558 -73.0800 13.0400 7 845 -23.2100 -46.7400 5 584 -43.3900 9.1800
-2.4708268516e-01 1.2291451448e-01 -4.5772205456e+00
157 101 112
3 6 557 -73.0800 13.0400 7 844 -23.2100 -46.7400 5 585 -43.3900 9.1800
-6.2596637303e-01 1.1726144855e-01 -4.5414340617e+00
215 151 168
4 6 556 -139.1800 12.3200 7 848 -84.6100 -45.1800 5 586 -113.5800 13.9200 8 927 170.8900 114.6500
-2.5236223620e-01 2.5938458591e-01 -4.5413443395e+00
157 99 112
4 6 565 -74.9200 36.9300 7 861 -22.9900 -25.6000 5 589 -40.9100 34.0200 8 670 104.0600 110.4400
-6.1895348490e-01 2.4539242963e-01 -4.5716793993e+00
245 182 191
3 6 563 -136.7600 34.3900 7 568 -81.9300 -24.0700 5 592 -110.1400 38.0400
2.3508806945e-01 5.4918676897e-01 -5.2470946389e+00
233 218 230
4 6 586 11.2700 76.3000 7 901 47.6200 21.0200 5 610 22.7400 73.2000 8 883 25.0400 50.4200
2.5945837803e-01 5.6585044718e-01 -5.2481218028e+00
229 219 231
4 6 587 14.9100 78.6900 7 904 51.1600 23.0200 5 611 26.8000 75.4800 8 639 21.3600 49.1200
-6.0033953197e-01 5.9047763306e-01 -4.5042467405e+00
241 217 230
3 6 595 -136.0800 95.0200 7 918 -77.2300 31.0600 5 621 -100.0200 103.6400
4.6270614280e-01 8.3872148385e-01 -5.4078599704e+00
203 132 150
4 6 922 44.0800 115.4800 7 942 78.2200 58.9300 5 626 53.8200 110.7300 8 846 -14.9900 15.9800
-6.7269045731e-01 6.7585513712e-01 -4.4746896076e+00
232 172 179
3 6 917 -149.8700 110.2100 7 932 -88.9900 46.0800 5 631 -112.0200 122.1800
5.1214072167e-01 9.3565260299e-01 -5.4212399145e+00
152 22 54
4 6 606 50.7300 128.8600 7 609 85.2000 71.4200 5 633 61.6100 123.5400 8 609 -25.9800 5.1900
2.5979588645e+00 -3.1140516909e+00 -9.5482475247e+00
111 103 121
4 6 644 185.4800 -223.5100 7 655 164.8300 -229.7600 5 651 90.3100 -218.4400 8 1098 -8.3900 212.2300
2.3183387894e+00 -3.4622630860e+00 -1.0458983801e+01
100 95 114
3 6 641 151.1400 -224.7200 7 660 130.3500 -227.0800 5 653 51.5500 -217.1600
2.4062536450e+00 -3.3027084526e+00 -1.0220500705e+01
115 112 130
4 6 655 160.5600 -219.9600 7 664 140.0300 -223.6500 5 655 62.5700 -213.2400 8 1057 12.7200 196.1100
2.4205206397e+00 -2.9834414014e+00 -1.0133036795e+01
117 106 126
3 6 681 163.5200 -200.7800 7 683 144.1500 -206.2500 5 670 67.5100 -194.8800
2.3172216309e+00 -2.6026783530e+00 -1.0510524532e+01
73 58 66
3 6 723 151.8100 -167.8100 7 724 134.2000 -174.2300 5 688 56.6400 -162.4800
2.0018812776e+00 -2.1857612251e+00 -1.1300918926e+01
107 92 111
3 6 752 122.9300 -128.8600 7 764 107.3300 -134.7700 5 717 27.4000 -122.1100
1.8195526604e+00 -2.3782251154e+00 -1.2017111363e+01
97 86 99
3 6 750 105.4300 -131.0500 7 765 89.0800 -134.0300 5 718 6.5000 -122.2000
1.9649738405e+00 -1.9989295475e+00 -1.1485555520e+01
107 91 101
3 6 769 119.0600 -115.3200 7 783 103.8600 -121.0600 5 736 23.9300 -108.0600
2.3205433854e+00 -5.5194094458e-01 -5.2749037146e+00
247 142 75
3 6 782 309.1400 -84.5800 7 760 305.9400 -136.5400 5 739 276.5400 -106.0900
2.0414406545e+00 -6.8399619877e-01 -6.0527407593e+00
215 191 85
3 6 780 234.1700 -86.8000 7 774 233.2700 -126.8800 5 744 193.5500 -100.3000
2.3218069061e+00 -3.9857965814e-01 -5.2739301568e+00
249 179 194
3 6 788 309.8500 -62.9000 7 789 308.3300 -116.9100 5 754 279.5600 -86.1000
2.3354294837e+00 -2.3626901575e-01 -5.2196482600e+00
215 78 123
3 6 800 315.6700 -40.2000 7 799 315.6400 -97.9600 5 770 288.0200 -65.8200
9.2089800316e-01 5.3460207994e-02 -5.4789216484e+00
223 194 208
3 6 833 107.3500 3.3500 7 843 129.3900 -47.1700 5 837 101.9300 -8.2200
2.0704802772e-01 5.3640312479e-01 -5.2461463838e+00
239 225 235
3 6 885 6.9600 74.4000 7 898 43.7400 19.5200 5 875 18.4300 71.6300
4.8700072137e-02 5.2721708551e-01 -5.2418324819e+00
209 176 193
3 6 880 -16.4700 73.1100 7 899 21.9200 19.3900 5 881 -5.3800 72.9100
1.4894951384e+00 9.4780723527e-01 -5.1361360090e+00
159 96 109
3 6 608 199.9700 136.6000 7 946 225.4100 66.1700 5 905 210.1700 111.0600
6.1764452308e-01 8.8204808720e-01 -5.4338134944e+00
212 136 155
4 6 928 65.7700 120.9200 7 944 98.6100 63.3400 5 906 74.6500 113.9500 8 848 -36.1400 15.7800
9.8706299651e-01 -2.1087322739e-01 -5.3337319879e+00
215 148 157
2 6 18 118.9300 -35.6200 7 22 140.4300 -84.7100
1.1600455065e-01 4.7741844506e-01 -5.3219052349e+00
243 238 244
2 6 26 -5.9000 65.0700 7 28 29.6900 12.3300
-8.5969078857e-02 5.3653936744e-01 -5.0809289133e+00
34 19 22
2 6 27 -37.8100 76.9500 7 41 3.4700 20.6400
1.8431569734e+00 7.3419238287e-01 -6.0974821432e+00
192 132 142
2 6 28 209.9400 88.2100 7 29 223.5500 35.6000
7.2267535028e-02 2.8861945901e-01 -5.3973004117e+00
235 234 242
2 6 51 -12.2400 37.0000 7 82 22.1000 -11.8000
1.2993799252e-01 1.3169285367e+00 -5.7199087273e+00
161 15 26
2 6 62 -1.6200 173.0500 7 65 33.5400 120.4400
-1.2478428357e+00 -2.9492330299e+00 -1.2542420618e+01
58 58 69
2 6 64 -68.4500 -153.9600 7 71 -81.1300 -149.2000
8.5585076148e-02 1.8848965700e-01 -5.5420048285e+00
198 32 51
2 6 69 -9.6600 22.4600 7 141 22.0600 -23.2300
1.3581921640e+00 3.0887730119e-01 -5.5625565519e+00
67 9 9
2 6 72 166.1700 38.8200 7 81 183.7100 -16.3600
-2.9537983705e+00 2.9891872525e+00 -1.2255650605e+01
23 21 26
2 6 81 -167.3800 177.4400 7 123 -161.1700 181.1500
3.0525220856e-01 -3.5057147405e+00 -1.3323420891e+01
9 9 9
2 6 86 17.1200 -172.9700 7 97 -0.7100 -168.5900
8.0246422640e-01 9.3664916987e-02 -5.5522824437e+00
238 230 239
2 6 91 89.6100 9.2400 7 104 112.8700 -40.1400
1.2366564994e-02 2.2438873122e-01 -5.4520325954e+00
230 212 229
2 6 93 -20.9200 27.2100 7 143 13.8800 -18.7400
2.1642515522e+00 -9.6083997945e-01 -5.7367778796e+00
202 197 106
2 6 116 262.0000 -128.6800 7 127 257.7300 -168.6300
1.1511706943e+00 1.3432473804e-01 -5.4297778760e+00
189 123 137
2 6 124 141.0400 14.7800 7 138 161.0400 -39.2100
3.8017641973e-01 4.7087043713e-01 -5.2776955728e+00
230 208 219
2 6 131 32.6600 64.5500 7 205 66.1500 9.1600
9.5842076263e-02 6.8544794502e-01 -5.3256085744e+00
91 1 7
3 6 137 -8.9500 94.8200 7 215 28.7100 41.2500 8 152 38.0500 23.8700
1.4798550621e+00 1.2590047083e+00 -5.3093919293e+00
169 119 130
2 6 144 191.3200 176.8500 7 161 218.5200 107.3100
7.6744423683e-01 -5.1143338190e+00 -1.4983075538e+01
42 42 51
2 6 149 37.3100 -223.5300 7 174 14.2700 -213.7600
2.2817156433e+00 -3.5058733972e+00 -1.0654296680e+01
37 33 48
3 6 151 146.0100 -222.8700 7 170 125.2200 -224.9000 8 249 26.7100 190.6300
2.2817156433e+00 -3.5058733972e+00 -1.0654296680e+01
37 33 48
3 6 152 146.0100 -222.8700 7 171 125.2200 -224.9000 8 248 26.7100 190.6300
2.8162244600e+00 -2.7131963213e+00 -8.8466577639e+00
60 49 63
2 6 153 217.4100 -212.3200 7 172 197.1100 -222.7500
2.5193828569e+00 -2.5987960631e+00 -9.6968417450e+00
64 55 67
2 6 155 178.5100 -183.5600 7 176 159.8000 -192.4800
2.2687970751e+00 -1.8626963988e+00 -7.9665687126e+00
188 174 148
2 6 156 195.3200 -165.5100 7 177 182.7600 -183.2800
4.4367912318e-01 -3.2906725194e+00 -1.3104112114e+01
104 81 65
2 6 157 24.1400 -165.6100 7 179 7.6100 -161.4800
2.3288686664e+00 -2.6895807419e-01 -5.2529338211e+00
224 181 194
2 6 166 312.7800 -44.4600 7 185 311.9800 -101.1900
2.3288686664e+00 -2.6895807419e-01 -5.2529338211e+00
224 181 194
2 6 167 312.7800 -44.4600 7 186 311.9800 -101.1900
2.0696610583e+00 -2.5129303010e-01 -6.0196791131e+00
220 184 47
2 6 169 239.9500 -33.7900 7 252 242.3100 -79.4200
6.4605837280e-01 1.4866899146e+00 -5.7005728958e+00
67 1 0
3 6 205 66.8200 195.4300 7 225 100.5600 138.7800 8 188 -60.6000 -66.0700
2.5333232119e+00 -3.0273523125e+00 -9.7487075389e+00
53 42 52
3 6 212 177.5100 -212.5000 7 230 157.5000 -218.7600 8 540 -4.3800 199.5300
2.5267560032e+00 -3.0170428823e+00 -9.7218341678e+00
53 42 52
2 6 213 177.5100 -212.5000 7 231 157.5000 -218.7600
2.1673324992e+00 -1.7825372696e+00 -8.2476482620e+00
178 171 140
2 6 216 180.2600 -152.1900 7 236 168.6800 -169.1100
1.4551061434e+00 -2.5990695277e+00 -1.2393631937e+01
110 84 65
2 6 219 81.9200 -138.5500 7 238 65.5400 -139.4900
1.3300557115e+00 -2.5553178996e+00 -1.2416935433e+01
18 29 45
2 6 220 74.8400 -135.7500 7 239 58.7900 -136.6300
1.9622368646e+00 -2.1464865057e+00 -1.1469133225e+01
54 41 43
2 6 223 118.8900 -124.4200 7 243 103.3100 -129.7300
2.3038281821e+00 -4.7128823636e-01 -5.2958224419e+00
225 190 208
3 6 231 305.7000 -72.8100 7 358 303.8600 -125.5800 8 769 -165.6100 226.0300
1.9292160702e+00 3.1117204808e-01 -6.2162760275e+00
147 111 50
2 6 254 216.2500 35.8100 7 391 224.1000 -12.5200
5.6335369937e-01 7.6565955814e-01 -5.3787138754e+00
148 19 29
2 6 267 58.6500 105.6500 7 419 91.3400 48.1500
1.6057887005e+00 1.2389352015e+00 -5.3527737664e+00
69 30 30
2 6 285 207.3700 172.1500 7 308 232.5100 102.9500
2.2240172797e+00 -3.7551844044e+00 -1.0757604805e+01
84 79 97
2 6 295 140.6600 -236.1100 7 458 119.3200 -236.4000
2.4102975443e+00 -3.1615862070e+00 -1.0223490111e+01
98 89 106
3 6 303 160.9700 -210.7500 7 332 141.1600 -214.7600 8 532 9.6000 188.9000
2.6901894504e+00 -2.6784857776e+00 -9.1370974028e+00
56 43 54
2 6 304 201.4100 -202.3600 7 333 182.0100 -212.0700
1.6757248795e+00 -3.6763705071e+00 -1.2489586914e+01
10 10 12
2 6 305 92.7700 -196.0800 7 338 72.6800 -193.7400
1.6810863240e+00 -3.6890206684e+00 -1.2527287782e+01
10 10 12
3 6 306 92.7700 -196.0800 7 339 72.6800 -193.7400 8 514 69.2400 140.2500
2.5603704656e+00 -2.7027453024e+00 -9.6124515345e+00
59 47 61
2 6 308 182.6300 -192.8600 7 334 163.5300 -201.3000
2.5603704656e+00 -2.7027453024e+00 -9.6124515345e+00
59 47 61
2 6 309 182.6300 -192.8600 7 335 163.5300 -201.3000
2.3867101745e+00 -2.8465323818e+00 -1.0222808836e+01
59 52 64
2 6 311 160.2200 -189.6000 7 336 141.2800 -195.6000
2.3867101745e+00 -2.8465323818e+00 -1.0222808836e+01
59 52 64
2 6 312 160.2200 -189.6000 7 337 141.2800 -195.6000
1.5785542911e+00 -2.7964524883e+00 -1.2663100962e+01
47 38 45
2 6 317 87.1800 -145.7400 7 501 69.4800 -146.0400
1.8852164040e+00 -2.3096598058e+00 -1.1657850233e+01
52 42 42
2 6 320 112.2200 -131.8500 7 511 96.4800 -135.7400
1.7942463954e+00 -1.0017136470e+00 -6.5849824501e+00
203 182 70
2 6 324 186.6000 -113.1000 7 504 185.2800 -144.2900
2.3044675993e+00 -4.7274602203e-01 -5.2969634002e+00
227 196 213
2 6 329 305.8200 -73.0300 7 357 303.8600 -125.5800
2.3261804452e+00 -3.1710208746e-01 -5.2486500038e+00
236 188 201
2 6 333 312.3500 -51.5600 7 530 311.4800 -107.3600
2.3306123946e+00 -2.6451178270e-01 -5.2267763634e+00
245 191 207
2 6 336 314.5400 -44.2500 7 532 314.0500 -101.2600
1.9891912778e+00 -2.1504509382e-01 -5.9988196822e+00
114 69 10
2 6 340 231.1500 -29.3800 7 545 234.6600 -75.4600
-3.1022321538e-01 -2.9154080433e-02 -4.6824683759e+00
229 178 190
2 6 351 -81.2200 -12.2900 7 550 -34.1500 -67.5700
-2.2473079923e-01 2.0252713782e-01 -4.5682300934e+00
225 164 172
2 6 366 -69.3800 26.8600 7 562 -19.0000 -34.4600
5.5593932009e-01 2.2102247665e-01 -5.5152819712e+00
125 4 14
2 6 367 56.0400 27.1300 7 387 83.1700 -22.8100
1.9618242495e+00 2.6442010788e-01 -6.2324135811e+00
84 49 7
2 6 369 219.5600 30.1600 7 389 226.4500 -17.8100
-1.7423485636e-01 4.0219348016e-01 -4.5729227367e+00
207 155 168
2 6 376 -60.6800 61.2300 7 576 -8.9600 -2.6000
2.0165716833e+00 5.5971776204e-01 -6.1208347975e+00
176 139 90
2 6 379 230.3400 66.5400 7 404 239.6700 14.3100
4.6110110124e-01 5.0926719855e-01 -5.3195227874e+00
156 27 44
2 6 380 43.9100 69.3300 7 583 77.1100 14.4000
-3.6534410030e-01 5.2624282195e-01 -4.5169049899e+00
189 126 143
2 6 382 -94.9600 83.6700 7 406 -39.2200 18.6400
-3.6534410030e-01 5.2624282195e-01 -4.5169049899e+00
189 126 143
2 6 383 -94.9600 83.6700 7 407 -39.2200 18.6400
3.9726242170e-01 6.2270234449e-01 -5.2034808194e+00
219 197 209
2 6 385 35.3700 87.8100 7 587 71.3000 29.8200
5.2301319411e-01 6.3751147077e-01 -5.2596971241e+00
246 224 228
2 6 387 53.3700 88.8100 7 413 87.9100 31.2900
5.2301319411e-01 6.3751147077e-01 -5.2596971241e+00
246 224 228
2 6 388 53.3700 88.8100 7 414 87.9100 31.2900
-3.8739634348e-01 5.6896182401e-01 -4.5013896971e+00
170 104 126
2 6 391 -99.1500 91.5100 7 411 -42.6700 25.7000
5.9073232235e-01 7.3692954531e-01 -5.4128442599e+00
205 172 197
2 6 393 62.3200 100.9800 7 597 93.8800 43.9900
-4.5957052274e-01 6.2093932627e-01 -4.4807279725e+00
233 178 193
2 6 394 -112.4100 100.9800 7 415 -54.2800 34.9100
-4.9424060397e-01 6.4933873766e-01 -4.4817089496e+00
226 172 182
2 6 396 -118.4000 105.9200 7 417 -59.7800 39.9300
-7.2092562519e-01 6.6516804796e-01 -4.4835023824e+00
229 167 180
2 6 400 -157.5600 108.3600 7 418 -97.1900 44.5100
1.1900543614e+00 9.8808739306e-01 -5.1022007255e+00
184 132 143
2 6 407 156.3300 144.2200 7 433 187.0800 74.7500
2.6572956378e+00 -2.9410161108e+00 -9.3404578033e+00
52 45 57
3 6 435 194.2100 -216.4800 7 468 173.7300 -224.2500 8 1096 -18.2000 211.2400
2.3795657197e+00 -3.2687697593e+00 -1.0322474942e+01
101 97 119
3 6 439 157.3800 -215.3900 7 473 137.1500 -218.9000 8 737 14.4300 190.7400
2.3191928315e+00 -3.2643787383e+00 -1.0429062437e+01
105 97 118
3 6 440 151.9800 -212.6800 7 477 131.9100 -215.9000 8 729 18.6400 186.3200
2.0899520371e+00 -3.4670856205e+00 -1.1152022143e+01
53 51 65
2 6 443 128.2600 -209.7500 7 681 108.3000 -210.5100
2.0734544511e+00 -3.4075204690e+00 -1.1170721197e+01
85 78 96
2 6 445 127.1500 -205.7500 7 479 107.3900 -206.7500
2.0192678633e+00 -3.3648619931e+00 -1.1335019672e+01
39 35 49
3 6 448 122.3000 -199.8000 7 481 102.6500 -200.8500 8 706 42.2900 160.3700
2.6315278365e+00 -2.5983049452e+00 -9.4043529551e+00
57 41 47
2 6 457 191.8500 -190.1200 7 482 173.0500 -199.5900
2.6315278365e+00 -2.5983049452e+00 -9.4043529551e+00
57 41 47
2 6 458 191.8500 -190.1200 7 483 173.0500 -199.5900
2.2842770992e+00 -2.7796904879e+00 -1.0580428598e+01
57 46 54
2 6 466 148.4100 -178.2000 7 715 130.2500 -183.3700
1.5701265269e+00 -3.4734138303e+00 -1.2918540564e+01
88 85 103
2 6 467 84.7100 -178.1300 7 491 65.0500 -175.8900
2.2956863356e+00 -1.9442598514e+00 -7.8919323698e+00
187 178 144
2 6 470 199.2500 -174.6200 7 484 186.2400 -192.0100
2.4173743784e+00 -2.4801526590e+00 -9.9893507952e+00
67 55 65
2 6 473 166.4400 -169.5500 7 719 149.0600 -177.7600
1.6274618520e+00 -3.0928333212e+00 -1.2695216644e+01
54 48 60
2 6 479 89.3300 -161.3900 7 495 70.8800 -160.5900
2.1680640095e+00 -1.8481372691e+00 -8.1963897625e+00
113 98 80
2 6 480 181.3700 -158.8600 7 492 169.3000 -175.6900
2.0082705490e+00 -2.3636508492e+00 -1.1373793611e+01
63 47 57
2 6 486 122.2200 -139.0700 7 506 106.2600 -143.5200
2.2059035904e+00 -2.1909474073e+00 -1.0683179154e+01
121 118 134
2 6 488 142.7600 -138.3000 7 503 127.0100 -145.6500
2.0043951797e+00 -7.3203044530e-01 -6.1339035098e+00
216 192 86
2 6 504 226.5100 -90.9700 7 516 225.4300 -129.8000
2.3097173375e+00 -4.9797803589e-01 -5.3673915305e+00
221 70 104
2 6 511 302.3600 -75.1600 7 776 299.8200 -126.6000
2.3066406549e+00 -4.2481823517e-01 -5.3351791948e+00
239 180 193
2 6 516 304.1000 -65.5000 7 786 302.3600 -118.4300
1.9218289777e+00 -4.6357854881e-01 -6.3087021638e+00
228 191 78
2 6 519 211.3600 -55.9900 7 534 212.3600 -96.1800
2.0849301941e+00 -3.7731498881e-01 -5.9540545218e+00
229 196 57
2 6 525 244.3800 -50.1900 7 535 245.4900 -95.3000
2.0849301941e+00 -3.7731498881e-01 -5.9540545218e+00
229 196 57
2 6 526 244.3800 -50.1900 7 536 245.4900 -95.3000
8.6548231882e-01 -2.7894513079e-01 -5.3461192000e+00
169 46 60
2 6 529 101.5700 -44.8000 7 806 122.9900 -93.0300
2.0401188066e+00 -2.8091659048e-01 -6.0043716963e+00
97 62 2
2 6 532 236.9600 -37.6000 7 816 239.4100 -83.0000
2.3345709768e+00 -2.1439521473e-01 -5.2098611835e+00
232 191 210
2 6 533 316.2300 -37.2500 7 800 316.3700 -95.2000
2.0172887833e+00 -2.4743467797e-01 -6.0086117512e+00
120 75 14
2 6 535 234.1000 -33.3600 7 818 237.0300 -79.0400
2.3349274473e+00 -1.6834429239e-01 -5.2449783179e+00
240 192 195
2 6 536 314.3600 -30.0900 7 543 314.5900 -88.4400
1.9805626987e+00 2.7798409756e-01 -6.1905311966e+00
176 139 48
3 6 562 223.2400 31.6400 7 571 230.2300 -16.5600 8 660 -132.1600 95.1600
-1.5771858715e-01 4.1746755055e-01 -4.6094547921e+00
171 123 144
2 6 577 -57.0900 63.4700 7 578 -6.3000 0.0600
-1.4738446707e-01 4.4107273840e-01 -4.6313819452e+00
220 191 199
2 6 581 -54.8200 67.3200 7 581 -4.6100 3.8600
-7.1790489014e-01 4.4926103270e-01 -4.5251517746e+00
173 160 195
2 6 583 -155.4700 69.8000 7 582 -97.3800 9.2300
2.7063113635e-01 5.4741768215e-01 -5.2519499774e+00
73 21 45
2 6 585 16.3300 75.8800 7 900 52.5200 20.6200
4.6696377288e-01 5.8711809944e-01 -5.2691330884e+00
243 214 219
2 6 588 45.2300 81.4500 7 586 79.4200 24.6500
2.7805141329e-01 6.2728468123e-01 -5.2889994223e+00
71 6 13
2 6 591 17.5600 87.1700 7 588 53.5200 31.5900
-3.6503492335e-01 5.6389880378e-01 -4.5225897892e+00
237 174 184
2 6 592 -94.5900 90.2700 7 909 -38.9600 24.7200
-6.0640662434e-01 6.4338323065e-01 -4.4686271992e+00
228 165 173
2 6 597 -138.4900 104.9800 7 590 -78.5600 39.9700
-6.5563679237e-01 7.1576889355e-01 -4.4889167330e+00
157 100 122
2 6 605 -146.0000 117.2000 7 601 -85.9000 52.3200
-3.8467388858e+00 3.7892501034e+00 -1.2008852057e+01
146 93 86
2 6 619 -219.3700 225.4000 7 1037 -212.5600 230.5400
2.1061218522e+00 -3.8106154221e+00 -1.1103516212e+01
51 45 59
2 6 630 129.3300 -231.3900 7 652 108.0600 -230.9300
2.1430830485e+00 -3.7484783839e+00 -1.0979681655e+01
89 87 105
2 6 631 132.9900 -230.5400 7 653 111.9700 -230.4100
9.1905489258e-01 -5.2163923223e+00 -1.4848812043e+01
48 48 57
2 6 632 44.3900 -230.3300 7 670 20.9900 -220.5000
2.1341286595e+00 -3.6403640749e+00 -1.0951561946e+01
88 85 102
2 6 642 132.9600 -224.5500 7 662 112.2300 -225.0200
2.5484836034e+00 -3.1736481343e+00 -9.7742632378e+00
59 54 71
3 6 650 177.7900 -222.0100 7 657 157.1700 -227.3700 8 752 -1.8300 206.5900
2.8038203607e+00 -2.7970045197e+00 -8.8580347921e+00
56 47 62
2 6 658 215.9600 -218.4100 7 656 195.2900 -228.3200
2.2732079996e+00 -3.3516905050e+00 -1.0643434863e+01
99 95 118
3 6 662 146.0200 -213.4700 7 677 125.7000 -215.8900 8 1030 24.3600 183.3600
2.2189738250e+00 -3.3983783290e+00 -1.0863377139e+01
56 46 58
2 6 666 139.7500 -211.5600 7 680 119.4700 -213.4300
2.6716340796e+00 -2.8117897922e+00 -9.3368153391e+00
117 110 126
3 6 674 195.6500 -207.1000 7 676 175.8600 -215.8000 8 1079 -21.9300 204.4600
2.2508880030e+00 -3.1616301644e+00 -1.0585947684e+01
53 46 61
2 6 679 145.5500 -202.6500 7 686 126.1400 -206.0100
2.3938487994e+00 -3.0153817692e+00 -1.0204680098e+01
68 59 74
2 6 680 160.5500 -201.3400 7 684 141.1900 -206.3400
2.0584798520e+00 -3.3296210709e+00 -1.1289136795e+01
88 81 97
2 6 685 125.2000 -198.6200 7 692 105.5400 -199.8900
1.5544167543e+00 -3.8441431019e+00 -1.2879953129e+01
36 26 32
3 6 688 83.7200 -198.2300 7 699 63.1600 -194.6600 8 959 78.4400 137.1800
2.3763268843e+00 -2.9405883071e+00 -1.0243717368e+01
100 93 109
2 6 691 158.9600 -195.5000 7 691 139.8800 -200.8200
1.8912907787e+00 -3.4430132994e+00 -1.1847769109e+01
52 47 68
2 6 692 109.9400 -194.6600 7 697 90.2400 -194.3500
1.8912907787e+00 -3.4430132994e+00 -1.1847769109e+01
52 47 68
2 6 693 109.9400 -194.6600 7 698 90.2400 -194.3500
2.5129541320e+00 -2.6704517610e+00 -9.7380386309e+00
47 34 47
2 6 698 177.0200 -187.8800 7 695 158.4000 -195.9900
2.0031023041e+00 -3.2146774842e+00 -1.1530440963e+01
90 78 86
2 6 699 119.6200 -187.2500 7 708 100.4400 -188.4700
1.7486441514e+00 -3.4257506457e+00 -1.2243506810e+01
44 36 49
3 6 701 99.0300 -186.5400 7 713 79.2300 -185.6000 8 957 61.1100 136.2800
2.3214073956e+00 -2.7816138830e+00 -1.0336197997e+01
57 46 60
2 6 704 154.2200 -183.0600 7 705 135.9200 -188.8700
1.8906091454e+00 -3.1105918087e+00 -1.1813480156e+01
57 49 60
2 6 712 110.5400 -176.2200 7 722 91.8900 -177.1800
1.8877746255e+00 -3.0283416296e+00 -1.1764904067e+01
89 85 99
2 6 718 110.8700 -172.2800 7 726 92.5100 -173.6200
1.8877746255e+00 -3.0283416296e+00 -1.1764904067e+01
89 85 99
2 6 719 110.8700 -172.2800 7 727 92.5100 -173.6200
2.3664242554e+00 -2.4432245551e+00 -1.0217690413e+01
106 99 115
2 6 732 159.5500 -162.6900 7 732 142.3300 -170.5200
2.3664242554e+00 -2.4432245551e+00 -1.0217690413e+01
106 99 115
2 6 733 159.5500 -162.6900 7 733 142.3300 -170.5200
2.2873938012e+00 -2.4799148895e+00 -1.0441890398e+01
64 53 67
2 6 735 150.9200 -161.1700 7 737 133.9100 -168.0200
2.2873938012e+00 -2.4799148895e+00 -1.0441890398e+01
64 53 67
2 6 737 150.9200 -161.1700 7 739 133.9100 -168.0200
1.1942482999e+00 -3.1388870143e+00 -1.4161611664e+01
74 67 78
2 6 744 60.2100 -144.4700 7 756 41.5100 -140.8000
2.0430537876e+00 -2.1856578456e+00 -1.1247691170e+01
68 55 68
2 6 751 126.0600 -129.7200 7 763 110.2000 -135.6300
2.1653440033e+00 -9.5866234379e-01 -5.7389894375e+00
197 196 106
2 6 753 262.0900 -128.3000 7 736 257.7200 -168.3400
2.2125340434e+00 -1.9947667990e+00 -1.0703502268e+01
71 60 79
2 6 758 143.1800 -125.2500 7 768 128.1000 -133.3900
2.0797631568e+00 -1.9917286490e+00 -1.0965163611e+01
91 79 87
2 6 760 131.5700 -121.4300 7 771 116.6000 -128.7600
2.0797631568e+00 -1.9917286490e+00 -1.0965163611e+01
91 79 87
2 6 761 131.5700 -121.4300 7 772 116.6000 -128.7600
1.9241806230e+00 -2.0342882735e+00 -1.1547885979e+01
62 50 55
2 6 768 116.0000 -116.6100 7 782 100.7200 -122.1600
2.3122885700e+00 -3.8891849758e-01 -5.3197341073e+00
233 187 193
2 6 790 305.8500 -60.7300 7 790 304.5100 -114.3500
2.0959767445e+00 -1.8768410612e-01 -5.9338404482e+00
175 144 33
2 6 814 246.9600 -26.5500 7 823 249.6600 -74.0700
2.3399700267e+00 -1.3291954462e-01 -5.2348975151e+00
237 192 205
2 6 816 315.6900 -25.1300 7 815 316.4100 -84.0700
2.0249152087e+00 4.9446053085e-01 -6.0801214677e+00
139 84 16
2 6 860 233.0600 58.9300 7 882 241.6500 6.4900
-5.0504885260e-01 4.3355207536e-01 -4.5176846366e+00
182 160 191
2 6 874 -119.0900 67.4600 7 878 -62.9900 4.5900
-6.7646401105e-01 4.7144461290e-01 -4.4996490117e+00
147 198 228
2 6 884 -149.4800 74.0700 7 891 -90.9200 12.3000
-5.6592018125e-01 5.8113706232e-01 -4.4963363273e+00
235 199 217
2 6 899 -130.4000 93.5100 7 916 -71.9800 29.3300
5.9268786057e-01 7.7735085039e-01 -5.3899922311e+00
202 159 176
2 6 912 62.7600 107.1000 7 935 95.0700 49.4700
-4.7900702332e-01 6.6666898667e-01 -4.4821298490e+00
146 87 107
2 6 915 -115.6900 109.0000 7 927 -57.1300 42.6500
4.6405478443e-01 8.3981105545e-01 -5.4114319090e+00
203 132 150
2 6 921 44.0800 115.4800 7 941 78.2200 58.9300
-5.7026362781e-01 7.3136504635e-01 -4.4930990723e+00
216 161 173
2 6 926 -131.1300 119.8900 7 938 -71.5100 54.2200
5.8316344592e-01 9.6314881372e-01 -5.4440599058e+00
142 34 59
3 6 929 60.7000 131.9600 7 951 94.3200 74.5200 8 827 -35.3900 3.8100
-3.8197294332e+00 3.3206967156e+00 -1.1917646773e+01
144 80 72
2 6 951 -220.4700 200.4400 7 985 -214.1000 205.3800
-5.2624474370e+00 3.4089889816e+00 -1.1749466817e+01
128 72 58
2 6 958 -302.8900 204.9400 7 1001 -297.7800 214.9700
-5.2624474370e+00 3.4089889816e+00 -1.1749466817e+01
128 72 58
2 6 959 -302.8900 204.9400 7 1002 -297.7800 214.9700
-5.4131196432e+00 3.3987399417e+00 -1.1676494698e+01
125 72 64
2 6 960 -312.8700 205.0800 7 639 -307.9200 215.6100
-5.4131196432e+00 3.3987399417e+00 -1.1676494698e+01
125 72 64
2 6 961 -312.8700 205.0800 7 640 -307.9200 215.6100
-3.7475266015e+00 3.4731199488e+00 -1.2019636319e+01
129 57 41
2 6 963 -214.2400 207.6000 7 995 -207.8600 212.4500
-3.8406095474e+00 3.4928926435e+00 -1.2081736417e+01
130 57 30
2 6 964 -218.0200 207.6600 7 996 -212.0800 212.7500
-4.9460645696e+00 3.4792704290e+00 -1.1713959403e+01
130 72 56
2 6 975 -286.7500 210.2100 7 1006 -280.6900 219.2100
-3.7145511664e+00 3.5510958985e+00 -1.1996352276e+01
132 53 30
2 6 980 -212.7200 212.4600 7 1005 -206.1600 217.1000
-4.8249640629e+00 3.5903924156e+00 -1.1782601735e+01
134 72 65
2 6 985 -278.1900 215.7700 7 1023 -272.1000 224.3100
-4.7830844136e+00 3.6780586131e+00 -1.1756722533e+01
135 75 58
2 6 992 -276.4700 221.1600 7 1036 -269.9000 229.7600
-3.4295072542e+00 3.7669375522e+00 -1.2028866016e+01
143 85 86
2 6 994 -196.1600 224.4100 7 1033 -188.7600 228.3900
2.2004780565e+00 -1.4136271037e+00 -5.5688420597e+00
214 38 63
2 6 21 272.4100 -192.2800 5 12 227.0900 -203.4800
7.4277841159e-01 2.6903907822e-01 -5.4328746412e+00
204 29 53
2 6 24 83.2600 34.5700 5 21 83.1600 23.4800
7.4277841159e-01 2.6903907822e-01 -5.4328746412e+00
204 29 53
2 6 25 83.2600 34.5700 5 22 83.1600 23.4800
-4.9017214393e-01 -2.1691084247e-01 -4.9235187947e+00
235 183 196
2 6 48 -103.9900 -41.0300 5 48 -96.7200 -40.2700
-5.2138862244e-01 5.1744172444e-01 -4.5044558430e+00
162 189 226
2 6 76 -122.3300 82.8800 5 87 -86.2600 87.4700
1.9780165829e+00 9.9369971425e-01 -5.7993376561e+00
212 176 116
2 6 79 238.8400 126.9200 5 112 224.1600 100.4300
-3.2768746024e+00 3.5966420741e+00 -1.4971857797e+01
29 26 34
2 6 145 -147.0300 176.2100 5 236 -238.7800 219.9500
8.2770284617e-01 1.6013590559e-02 -5.5446385945e+00
81 4 10
2 6 176 93.1200 -1.7300 5 201 86.0300 -11.3600
-3.2421429123e+00 3.9742629974e+00 -1.7469544984e+01
96 85 103
2 6 201 -121.8400 166.7400 5 233 -219.2500 209.9500
1.1737254669e+00 -2.5907764827e+00 -1.3155252497e+01
25 29 49
2 6 222 63.0200 -128.6700 5 246 -40.4800 -116.5400
1.8068020236e+00 -9.0044834817e-01 -6.5456453276e+00
203 178 60
2 6 225 189.4500 -102.4000 5 247 142.0800 -111.2500
1.2401813713e+00 -2.5710138356e-02 -5.2340340501e+00
215 151 156
2 6 240 159.1300 -9.2300 5 271 156.1000 -26.2400
7.4794950374e-01 8.6016199507e-02 -5.5961562539e+00
199 45 81
2 6 246 81.4800 8.3100 5 277 74.2900 -0.4500
3.7898593743e-01 1.3800785861e-01 -5.4335556140e+00
204 42 82
2 6 249 31.5500 15.7400 5 280 30.9900 9.9200
7.5886786656e-01 1.6942138127e-01 -5.5275050638e+00
111 13 20
2 6 252 83.9900 19.6500 5 282 79.8700 10.5000
-3.3856852332e-01 3.8058596290e-01 -4.5368281507e+00
211 160 172
2 6 256 -89.7600 58.2300 5 213 -54.8100 58.1200
5.6144970604e-01 8.0425726934e-01 -5.4314484864e+00
138 12 28
2 6 272 57.7200 109.9700 5 301 66.2600 103.6900
-6.1956174413e-01 6.9084012253e-01 -4.4738517237e+00
224 165 176
3 6 274 -140.0400 113.3900 5 311 -101.7500 123.9300 8 309 143.1800 31.6200
1.9494030401e+00 -2.2776436632e+00 -1.1647939190e+01
104 96 105
2 6 323 116.3000 -130.1100 5 349 19.1300 -121.9800
8.6320704133e-01 3.3852695713e-02 -5.5211396566e+00
223 197 213
2 6 360 98.4700 0.8100 5 391 91.9800 -9.7400
2.0220711368e+00 5.0155518708e-01 -6.0675757553e+00
149 93 24
3 6 375 233.2100 60.1100 5 404 206.4300 39.4300 8 490 -150.4700 79.7600
1.0666498865e+00 5.5326939456e-01 -5.3500161188e+00
102 6 13
2 6 381 131.2000 75.2100 5 414 135.1600 59.7200
-5.1647652128e-01 8.3260454379e-01 -4.5432177712e+00
158 124 143
2 6 406 -119.8700 136.1200 5 456 -79.8500 146.7200
2.7663254840e+00 -2.9511049482e+00 -9.0137212229e+00
122 117 137
3 6 430 209.2100 -226.0200 5 471 116.5300 -221.7000 8 1129 -28.5000 225.8500
2.5715304826e+00 -3.1073749366e+00 -9.6742332798e+00
117 111 132
2 6 433 181.2900 -220.0300 5 474 85.9500 -214.5300
2.1812275168e+00 -2.9313694299e+00 -1.0869890981e+01
108 101 117
2 6 462 137.9600 -182.4300 5 490 39.9900 -175.1500
2.4898008547e+00 -2.4645081522e+00 -9.8662681640e+00
120 114 129
2 6 471 173.5800 -170.9000 5 497 81.5300 -166.8600
2.4246603133e+00 -2.4891920912e+00 -1.0022589821e+01
67 55 65
2 6 474 166.4400 -169.5500 5 499 73.7800 -165.0900
2.0948159091e+00 -1.2459398651e+00 -5.8044882039e+00
201 153 45
2 6 477 248.9500 -162.9300 5 492 204.4800 -173.7000
2.0948159091e+00 -1.2459398651e+00 -5.8044882039e+00
201 153 45
2 6 478 248.9500 -162.9300 5 493 204.4800 -173.7000
2.2155956771e+00 -2.3103326710e+00 -1.0818816980e+01
74 53 61
2 6 482 141.6100 -144.0100 5 505 47.1300 -137.8600
2.0106890692e+00 -7.0030713463e-01 -6.1260180536e+00
217 194 83
3 6 507 227.6400 -87.0500 5 355 186.2300 -100.2100 4 492 263.0100 -79.7100
2.0453075101e+00 -6.0671705290e-01 -6.0584602855e+00
163 137 40
2 6 509 234.6400 -76.9100 5 359 194.6700 -91.5300
2.0711991551e+00 -3.9952378086e-01 -5.9374700169e+00
225 194 63
3 6 521 243.4800 -53.3600 5 374 207.0700 -69.6400 4 510 256.4900 -38.8500
-5.5871050636e-01 3.6776835923e-01 -4.5432131100e+00
245 237 249
2 6 573 -127.4800 55.5800 5 415 -96.3300 60.1500
1.0490557718e+00 4.6970526828e-01 -5.3648900569e+00
201 41 74
2 6 576 128.2700 63.0000 5 408 130.7800 48.0600
2.7618492260e+00 -3.0608884001e+00 -9.1949616598e+00
116 113 136
2 6 633 204.5000 -229.2000 5 649 110.5900 -224.3200
2.3659537140e+00 -3.3087453340e+00 -1.0257994929e+01
51 47 63
3 6 656 157.4100 -219.5200 5 476 59.3300 -212.5900 8 1054 15.7000 194.6700
2.7432419427e+00 -2.8059770220e+00 -9.0951632282e+00
115 100 121
2 6 663 205.9700 -213.0800 5 659 114.2100 -209.2200
2.6219894355e+00 -2.9112887554e+00 -9.4525739996e+00
32 30 45
3 6 665 189.5700 -211.6800 5 660 96.0000 -207.0400 8 1080 -15.3800 205.0700
2.4975888581e+00 -3.0154622933e+00 -9.9599886950e+00
115 109 126
2 6 675 171.4500 -207.0200 5 664 75.7900 -201.0400
2.2436239893e+00 -3.1694783859e+00 -1.0730000321e+01
113 109 127
2 6 682 143.3000 -200.1200 5 674 44.4300 -192.8100
2.4533738967e+00 -2.5337791795e+00 -9.9277831325e+00
67 61 76
2 6 714 169.8600 -174.5800 5 495 77.3000 -170.0300
2.2861913949e+00 -2.7125564950e+00 -1.0546111468e+01
116 108 123
2 6 716 149.1300 -174.5700 5 681 53.3800 -168.3700
2.3144006591e+00 -2.4625959288e+00 -1.0346800055e+01
104 104 123
2 6 734 154.1400 -161.6100 5 695 60.5100 -156.6600
2.3916228130e+00 -2.3504652245e+00 -1.0078055318e+01
111 103 121
2 6 738 163.5100 -159.0600 5 696 71.5700 -154.6300
1.9653486974e+00 -1.9989036636e+00 -1.1484690043e+01
107 91 101
2 6 770 119.0600 -115.3200 5 737 23.9300 -108.0600
2.3012382156e+00 -4.4972621102e-01 -5.3023261313e+00
208 106 133
2 6 785 305.2300 -69.6100 5 750 274.1700 -91.9600
2.3012382156e+00 -4.4972621102e-01 -5.3023261313e+00
208 106 133
2 6 786 305.2300 -69.6100 5 751 274.1700 -91.9600
2.2946822975e+00 -3.9630805526e-01 -5.3278242754e+00
206 60 87
2 6 789 303.0200 -61.5900 5 755 272.4400 -84.3200
2.3212246937e+00 -3.4135398088e-01 -5.2852938362e+00
208 95 123
2 6 791 309.3800 -54.4800 5 759 279.6000 -78.2400
2.0996151665e+00 -3.6411356874e-01 -5.9132937740e+00
167 135 16
2 6 795 247.9200 -49.0700 5 771 212.3500 -66.1400
-5.2922578737e-01 -1.9676813579e-01 -4.8528941047e+00
165 188 229
2 6 802 -112.2600 -38.9800 5 795 -102.5000 -37.6600
2.3320317662e+00 -1.4807121030e-01 -5.2490407285e+00
215 80 98
2 6 810 313.7100 -27.2600 5 779 286.9500 -53.3800
2.3320317662e+00 -1.4807121030e-01 -5.2490407285e+00
215 80 98
2 6 811 313.7100 -27.2600 5 780 286.9500 -53.3800
2.1169765578e+00 4.0652437414e-03 -5.8683625402e+00
167 136 16
2 6 829 252.8100 -2.5300 5 820 222.2300 -22.5700
2.2761951564e+00 1.0748219322e-01 -5.3841975519e+00
184 158 92
2 6 837 298.5100 9.9600 5 826 274.3800 -16.9400
-3.7844360839e-01 4.1898676643e-01 -4.5625173382e+00
220 158 170
2 6 868 -95.9200 64.3300 5 872 -61.9700 66.1700
3.1221456987e-01 6.0040840324e-01 -5.2577418438e+00
187 157 176
2 6 890 22.5500 83.7200 5 891 34.5500 79.4900
-4.5623208252e-01 8.1376587391e-01 -4.5531107699e+00
132 93 111
2 6 931 -109.2300 132.7900 5 913 -69.0900 141.4500
-2.3684616403e+00 2.9044412288e+00 -1.1822373541e+01
91 86 95
3 6 940 -139.8100 179.4700 5 641 -217.0500 222.2800 4 719 -261.3500 -177.5400
1.5321137239e+00 3.5737114249e-01 -5.8012723347e+00
205 41 51
2 7 4 196.5500 -9.2700 5 7 165.1700 27.8000
-2.3795671468e+00 1.5488357126e+00 -1.2174626361e+01
124 105 114
2 7 92 -134.9400 98.5300 5 91 -224.1600 134.0800
1.7729358742e+00 -9.7798772159e-01 -6.5266209081e+00
226 207 90
2 7 98 185.1900 -143.7600 5 67 138.4200 -119.5500
-4.7367542056e-01 3.1874866112e-01 -4.6353605072e+00
223 153 168
2 7 106 -57.4100 -12.8700 5 55 -82.4900 49.3400
-4.7367542056e-01 3.1874866112e-01 -4.6353605072e+00
223 153 168
2 7 107 -57.4100 -12.8700 5 56 -82.4900 49.3400
1.2970471913e+00 1.3696211217e-01 -5.3489450907e+00
132 26 23
2 7 137 182.9000 -40.7900 5 141 159.2800 -2.5400
9.6490185209e-01 1.6134341297e-01 -5.5666222632e+00
135 14 22
2 7 139 133.5500 -32.2700 5 207 105.0200 6.9800
-6.1196211595e-01 2.1255866440e-01 -4.5527922576e+00
223 160 168
2 7 140 -81.6000 -29.7000 5 105 -109.1400 31.7800
1.3586620315e+00 1.1656151279e+00 -5.1954515668e+00
200 144 155
2 7 159 207.1500 97.0700 5 164 191.8600 144.2400
-1.8066891912e+00 1.8109183950e+00 -1.1276310816e+01
121 100 115
3 7 164 -108.9900 117.9400 5 165 -191.8100 154.8200 8 102 167.9100 -199.9500
-2.5038203551e-01 -8.6526832669e-02 -4.8636117033e+00
251 208 218
2 7 192 -25.0100 -71.7000 5 195 -53.4500 -23.8000
1.1291418634e+00 8.5076294224e-02 -5.3129780518e+00
134 59 62
2 7 197 161.9900 -47.2700 5 202 138.5500 -8.2300
7.4226547887e-01 -2.2476771044e+00 -1.2060611715e+01
150 127 125
2 7 246 29.6000 -123.8500 5 248 -55.1900 -110.7500
-4.9976775686e-01 3.0326146860e-01 -4.5384681666e+00
217 152 166
2 7 271 -62.8500 -16.3600 5 210 -86.3200 46.8700
4.6291561726e-01 5.8859396967e-01 -5.2857507828e+00
249 236 236
2 7 291 78.6200 24.7400 5 219 55.1300 75.2200
2.0140524800e+00 -1.6593988055e+00 -8.6797291079e+00
197 186 164
2 7 353 148.6400 -148.9500 5 346 81.9700 -132.6000
1.8020596846e+00 -9.1335283006e-01 -6.5348268472e+00
234 210 88
2 7 356 188.4400 -136.9100 5 352 141.9100 -112.6200
2.0549813171e+00 -5.2134225630e-01 -5.9788238625e+00
243 216 80
3 7 360 239.6200 -111.0700 5 363 201.6400 -82.9900 8 528 -112.5800 182.7800
2.0842948400e+00 -4.2732360791e-01 -5.9068926643e+00
190 158 35
4 7 363 247.1200 -102.2700 5 368 210.0300 -74.0600 8 527 -121.4100 179.2000 4 513 260.8500 -37.5200
2.0862258946e+00 -4.2668665768e-01 -5.9079105673e+00
190 158 35
3 7 364 247.1200 -102.2700 5 369 210.0300 -74.0600 4 512 260.8500 -37.5200
-2.7852293588e-01 3.3701435968e-01 -4.5280965775e+00
186 125 131
3 7 390 -26.5500 -12.9600 5 410 -44.2000 49.1200 8 662 104.3600 98.9500
-3.1124134311e-01 3.9357492776e-01 -4.5308513845e+00
149 91 108
2 7 394 -31.2600 -3.7100 5 416 -49.4800 60.5300
-6.1216409283e-01 7.2078780544e-01 -4.4906357175e+00
184 119 134
2 7 425 -78.5300 52.7200 5 447 -99.6300 129.1000
2.2157327306e+00 -2.2002617048e+00 -1.0716397328e+01
153 149 170
2 7 502 127.0100 -145.6500 5 509 49.6000 -132.9600
1.9867230898e+00 -7.0526092503e-01 -6.1552119934e+00
184 192 135
2 7 521 223.0300 -126.0000 5 520 182.0100 -100.1300
1.9940890262e+00 -7.1078568017e-01 -6.1733919628e+00
184 192 135
3 7 522 223.0300 -126.0000 5 521 182.0100 -100.1300 4 789 259.5200 -84.7100
2.0592216508e+00 -4.7776494122e-01 -5.9827025637e+00
246 219 83
4 7 531 240.4300 -105.6100 5 535 202.2300 -78.2700 8 719 -115.0300 178.5000 4 804 258.7300 -49.2300
1.1484813652e+00 -2.4499307520e-01 -5.2343542019e+00
163 93 103
2 7 538 163.9700 -93.0800 5 543 140.3000 -56.9900
1.2232361411e+00 -6.0039874572e-02 -5.2182254468e+00
156 83 91
2 7 549 176.4200 -69.2100 5 555 154.2500 -31.4100
-2.9424151728e-01 3.1898106680e-01 -4.5293315924e+00
247 197 208
2 7 572 -29.3000 -15.7400 5 599 -47.4900 46.0400
2.4824391016e+00 -2.8670495557e+00 -9.9081634043e+00
140 131 150
2 7 689 152.3400 -204.4000 5 673 76.9800 -192.8100
2.4047670619e+00 -2.5380475974e+00 -1.0087757240e+01
128 115 128
2 7 717 146.2900 -179.3100 5 682 70.7800 -166.9800
2.2653761120e+00 -2.6775842008e+00 -1.0579492324e+01
80 68 82
2 7 721 129.5600 -177.3000 5 683 51.7000 -165.5600
2.0087383180e+00 -7.8737848882e-01 -6.1114052694e+00
200 170 46
2 7 761 226.2600 -136.2500 5 730 185.4600 -110.7700
2.0087383180e+00 -7.8737848882e-01 -6.1114052694e+00
200 170 46
2 7 762 226.2600 -136.2500 5 731 185.4600 -110.7700
2.0523409461e+00 -7.4452636186e-01 -6.0393493166e+00
200 173 44
4 7 767 234.5900 -133.5800 5 515 194.9400 -107.2800 8 1064 -101.3500 199.5400 4 794 274.3800 -75.1800
2.0129389238e+00 -7.2506074378e-01 -6.0815028830e+00
196 170 45
2 7 769 228.6500 -130.5300 5 518 188.3300 -104.2000
2.0129389238e+00 -7.2506074378e-01 -6.0815028830e+00
196 170 45
2 7 770 228.6500 -130.5300 5 519 188.3300 -104.2000
1.8704677986e+00 -2.0982565604e+00 -1.1737743657e+01
74 49 49
2 7 780 95.6100 -122.9000 5 735 14.4200 -110.1300
2.0850301099e+00 -3.9510391036e-01 -5.9036059583e+00
206 173 42
4 7 797 247.7800 -98.5800 5 540 210.7300 -70.0700 8 1019 -123.4500 176.0200 4 1231 259.1600 -35.2400
-6.3323398144e-01 -3.0203946172e-01 -5.0909514210e+00
236 189 200
2 7 805 -80.2500 -93.5400 5 377 -122.7400 -49.6200
2.0821528679e+00 -2.9414518199e-01 -5.9645942189e+00
206 171 32
2 7 814 245.6400 -85.5200 5 544 208.4800 -56.7200
-6.6443321515e-01 -1.5583281668e-01 -4.9157907405e+00
157 204 237
2 7 821 -86.4600 -77.3500 5 805 -125.6100 -28.8100
-6.7017920170e-01 -1.1471811452e-01 -4.8751655904e+00
119 141 190
2 7 824 -87.7000 -72.3600 5 563 -125.9500 -22.4700
9.1268420170e-01 1.4504106858e-01 -5.5440243157e+00
150 41 66
2 7 855 127.5400 -34.5000 5 844 98.9900 5.3300
-6.3570731621e-01 3.0201242281e-01 -4.5554870353e+00
228 166 183
3 7 864 -84.4100 -15.0200 5 601 -112.3900 49.1300 8 656 163.9400 86.0500
-4.3601271247e-01 3.6812342314e-01 -4.5397021284e+00
202 130 146
3 7 870 -51.9000 -6.3500 5 870 -73.1800 57.8500 8 657 128.3100 86.3600
4.2627789150e-01 5.7960520952e-01 -5.2457922834e+00
155 106 126
2 7 905 74.1400 23.9000 5 882 51.4600 74.4700
4.3802975440e-01 6.0063931403e-01 -5.2556547216e+00
247 224 229
2 7 913 75.7700 26.7000 5 613 53.0600 77.4300
-7.6432083199e-01 7.3075615449e-01 -4.5250124196e+00
249 196 203
2 7 939 -102.9000 55.6500 5 912 -128.8300 133.4600
1.5652568782e+00 1.2626530595e+00 -5.3408335512e+00
189 140 135
2 7 960 228.0200 106.4800 5 915 209.5100 150.6900
9.0944624300e-01 4.7244373810e-01 -5.3416318133e+00
213 195 202
2 6 97 108.1500 63.2900 8 163 -55.4500 80.4000
9.0944624300e-01 4.7244373810e-01 -5.3416318133e+00
213 195 202
2 6 98 108.1500 63.2900 8 162 -55.4500 80.4000
2.4693973310e+00 -3.0776447700e+00 -9.9987847948e+00
65 50 61
2 6 441 168.7600 -210.1200 8 1050 2.6200 192.7700
1.8185085796e+00 -3.6838112301e+00 -1.2072586460e+01
90 91 111
2 6 446 103.6700 -204.0500 8 972 61.0600 152.9800
1.8185085796e+00 -3.6838112301e+00 -1.2072586460e+01
90 91 111
2 6 447 103.6700 -204.0500 8 971 61.0600 152.9800
-2.7137187986e-01 2.6108788051e-01 -4.5211642262e+00
225 173 182
2 6 566 -78.5400 37.2500 8 671 107.0400 110.9300
5.4888846541e-01 9.6892771241e-01 -5.4370751951e+00
140 30 54
2 6 932 55.8100 133.0200 8 825 -31.7100 1.8800
1.5494236500e+00 2.5905237109e+00 -7.0968916930e+00
141 136 153
2 7 69 169.5900 220.7500 8 63 -152.1000 -166.3500
-3.3962541238e-01 3.7408531189e-01 -4.5285947245e+00
240 193 203
2 7 144 -36.2300 -6.3600 8 221 112.3300 90.6500
3.8142943635e-02 6.1984958191e-01 -5.3031639303e+00
233 45 74
2 7 151 21.5200 32.8400 8 157 49.6000 30.9500
-2.7412976004e+00 8.9903414558e-01 -1.2297940982e+01
117 96 105
2 7 217 -155.3800 62.6400 8 136 232.1600 -163.9200
6.4371874853e-01 1.4869968877e+00 -5.6909157972e+00
96 5 3
2 7 226 100.5600 138.7800 8 187 -60.6000 -66.0700
2.3266281871e+00 -4.9793812649e-01 -5.2775624832e+00
255 64 99
2 7 241 307.3500 -129.4700 8 384 -167.1300 230.4700
2.3266281871e+00 -4.9793812649e-01 -5.2775624832e+00
255 64 99
2 7 242 307.3500 -129.4700 8 383 -167.1300 230.4700
2.3866448195e-01 5.2236027384e-01 -5.2407983075e+00
104 39 63
2 7 282 48.4200 17.4500 8 213 26.1000 54.2800
8.6182171597e-01 6.4128785931e-01 -5.4281282338e+00
234 44 79
2 7 292 128.4400 29.4100 8 478 -54.6800 54.4700
4.8799586952e-01 7.8671519984e-01 -5.4033280805e+00
180 37 58
2 7 298 81.3400 51.7500 8 305 -15.8500 23.5600
1.1635101613e+00 1.2405004520e+00 -5.5262374510e+00
75 43 27
2 7 310 169.3500 105.3000 8 148 -115.5000 -9.9700
2.5119912273e+00 -3.2013866776e+00 -9.8809380455e+00
128 117 139
2 7 330 152.7800 -226.2300 8 542 1.8300 203.8300
1.1086958451e+00 -2.2617466831e-01 -5.2289190283e+00
244 181 190
2 7 366 158.9400 -90.6900 8 523 -48.7100 174.0000
2.9442084621e-01 5.0685293829e-01 -5.2480441755e+00
150 99 104
2 7 405 55.6700 14.8500 8 481 19.3800 58.0600
6.0587606198e-01 8.5275423099e-01 -5.4248485737e+00
194 28 51
2 7 428 96.8800 59.5500 8 450 -33.4000 19.1300
1.4504437670e+00 1.1345939286e+00 -5.1849963455e+00
185 130 132
2 7 435 219.1900 91.8700 8 455 -160.1800 27.0500
2.3751593576e-01 1.0951215973e+00 -5.4749432059e+00
117 3 7
2 7 436 49.1400 94.3600 8 297 2.7300 -28.3000
6.1265000428e-01 1.2312161057e+00 -5.6970463264e+00
78 0 0
2 7 440 94.6300 106.5400 8 435 -44.7900 -36.2200
-2.6908920341e-01 1.5549118341e+00 -9.1675108698e+00
6 6 4
2 7 441 -15.0000 110.0400 8 408 71.0200 -142.1900
1.2547059989e+00 2.2535796658e+00 -7.7101115243e+00
19 14 17
2 7 451 126.7600 178.0800 8 280 -94.3900 -147.6300
1.5924659861e+00 -4.6100420936e+00 -1.2958267975e+01
92 88 103
2 7 465 61.9300 -230.2300 8 710 88.4400 168.0100
2.3909937981e+00 -3.4109398013e+00 -1.0231336566e+01
126 118 137
2 7 466 138.5000 -229.7900 8 747 16.2000 201.0900
2.0047332474e+00 -3.8567179540e+00 -1.1492449391e+01
117 113 130
2 7 469 98.0500 -224.2600 8 720 52.5400 178.8500
1.7042646115e+00 -4.3477649387e+00 -1.2646197320e+01
60 44 54
2 7 470 70.5800 -224.1300 8 1000 78.8300 166.1200
1.9511039207e+00 -3.2266508115e+00 -1.1574130131e+01
74 62 78
2 7 487 97.0500 -188.1700 8 700 44.5500 146.4700
1.9901612160e+00 -8.0063605224e-01 -6.1502356144e+00
242 216 84
2 7 510 222.7700 -136.6100 8 742 -89.8000 196.8900
1.9989180323e+00 -6.9347794737e-01 -6.1021569681e+00
240 220 94
2 7 519 226.7800 -126.3300 8 732 -96.2600 190.3000
5.2367112309e-01 7.7949399164e-01 -5.4177593180e+00
230 194 214
2 7 599 85.7100 50.4800 8 625 -19.6700 25.2700
5.2367112309e-01 7.7949399164e-01 -5.4177593180e+00
230 194 214
2 7 600 85.7100 50.4800 8 626 -19.6700 25.2700
-2.6660474625e-01 1.5021819549e+00 -9.1941253242e+00
72 59 60
2 7 611 -15.2300 105.7300 8 572 72.1100 -138.2200
-5.5180192913e-01 1.5559633814e+00 -9.7488663041e+00
14 12 15
2 7 612 -35.3300 107.0200 8 571 93.2200 -151.9800
1.5282830298e+00 2.1583992448e+00 -7.1973769726e+00
115 95 82
2 7 628 162.9700 176.7700 8 575 -130.3000 -126.1700
1.5282830298e+00 2.1583992448e+00 -7.1973769726e+00
115 95 82
2 7 629 162.9700 176.7700 8 576 -130.3000 -126.1700
2.5039295586e+00 -3.2486236654e+00 -9.9566436885e+00
124 118 149
2 7 658 150.7100 -227.1900 8 1072 3.9500 203.5700
2.5696364071e+00 -3.0991812374e+00 -9.6475151589e+00
146 138 160
2 7 661 161.2900 -226.0000 8 1086 -5.8900 207.4300
1.7346618861e+00 -4.2366933560e+00 -1.2447372462e+01
106 103 119
2 7 666 73.7600 -222.8700 8 1001 75.0600 166.7400
2.6501538569e+00 -2.9099892301e+00 -9.4099875979e+00
124 114 122
2 7 668 172.1200 -220.2600 8 1085 -17.7300 206.8900
2.1968741226e+00 -3.1343183053e+00 -1.0795305778e+01
117 110 129
2 7 694 120.2300 -199.6600 8 1002 25.2500 166.9200
1.7532157727e+00 -3.1478121679e+00 -1.2174374532e+01
110 102 119
2 7 731 81.0700 -172.4500 8 943 55.6100 125.2000
-6.2504650636e-01 1.1787442417e-01 -4.5406808009e+00
236 173 188
2 7 847 -84.6100 -45.1800 8 928 170.8900 114.6500
-3.1329115544e-01 4.1817023052e-01 -4.5610790783e+00
196 138 152
2 7 875 -31.3300 0.9700 8 910 105.8900 83.1700
5.1380025565e-01 8.2903107106e-01 -5.4131148666e+00
235 153 173
2 7 940 84.8700 57.1800 8 853 -20.9300 18.9100
6.2620371986e-01 9.5706352337e-01 -5.4441968299e+00
162 28 49
2 7 948 100.0200 73.2200 8 610 -40.3400 6.2500
5.0603767925e-01 9.5751818012e-01 -5.4269101012e+00
223 201 224
2 7 952 84.4600 74.3100 8 824 -25.9000 1.9700
2.3348886010e+00 -1.9717386272e-01 -5.2315429452e+00
227 157 174
2 5 125 287.8900 -60.4300 8 255 -185.1100 203.5400
2.3666947515e+00 3.5535803974e-02 -5.1738601627e+00
221 180 195
3 5 134 299.2100 -30.8700 8 176 -204.5100 182.9600 4 193 289.9100 69.9900
2.3184875737e+00 -2.6745004919e-01 -5.2419545213e+00
205 169 184
2 5 178 284.0800 -69.4700 8 256 -179.3400 209.5900
2.3578459362e+00 -2.4256371122e-01 -5.1970713013e+00
213 36 57
2 5 179 292.2500 -67.3700 8 260 -186.9900 211.1000
2.3446756110e+00 -1.2005301207e-01 -5.2065693460e+00
220 180 189
3 5 185 292.0900 -50.8300 8 252 -191.0700 197.9200 4 256 298.5300 54.0200
2.3340645343e+00 -4.4436693352e-04 -5.2383473802e+00
214 39 53
3 5 192 290.5600 -33.8600 8 245 -194.2500 183.4600 4 261 286.0300 61.1400
2.3694428348e+00 1.5909214268e-01 -5.1155742072e+00
220 188 205
2 5 199 307.1700 -14.3700 8 351 -213.0800 174.4800
2.3790108897e+00 1.5528611492e-01 -5.1293917946e+00
220 188 205
3 5 200 307.1700 -14.3700 8 350 -213.0800 174.4800 4 376 283.3500 84.3700
2.3372195255e+00 -4.2680125569e-01 -5.2602724263e+00
214 37 60
2 5 252 281.8200 -90.2300 8 377 -172.5900 224.8500
-3.0703079571e+00 -6.8166538107e-01 -1.4755239474e+01
103 100 125
2 5 281 -251.5100 9.6600 8 594 245.4500 -98.1500
-4.6358614067e-01 6.2157277143e-01 -4.4722286074e+00
220 167 180
2 5 303 -72.6900 107.1400 8 315 120.2500 50.3600
-7.0518636260e-01 6.4324740621e-01 -4.4624712927e+00
158 96 117
2 5 309 -119.0800 116.7500 8 464 160.1600 35.3400
2.6583407066e+00 -2.8195361561e+00 -9.4094566939e+00
87 79 92
2 5 336 100.7600 -202.1400 8 748 -19.8100 201.8700
2.0645097978e+00 -6.2349651429e-01 -5.9951211833e+00
161 135 39
2 5 358 200.1000 -94.8400 8 738 -108.7500 191.5100
2.0710347442e+00 -4.3639583986e-01 -5.9612527237e+00
213 182 65
2 5 370 205.4200 -73.5800 8 524 -118.4000 176.4400
2.3436216818e+00 -5.1929240336e-02 -5.2187001663e+00
228 185 199
3 5 380 292.2000 -41.5000 8 731 -193.8900 189.8300 4 551 292.1000 58.7000
-3.0973348580e+00 -7.1704250283e-01 -1.4948760980e+01
105 101 122
2 5 395 -251.0500 8.5500 8 595 245.4500 -98.1500
-2.1613960426e+00 2.8980038850e-01 -1.1924982788e+01
30 23 27
2 5 412 -219.9100 55.6900 8 416 212.6000 -115.9500
-2.1613960426e+00 2.8980038850e-01 -1.1924982788e+01
30 23 27
2 5 413 -219.9100 55.6900 8 415 212.6000 -115.9500
-5.0525380081e-01 4.3267881405e-01 -4.5145927090e+00
168 140 174
2 5 425 -84.7700 71.5000 8 649 136.5400 75.0100
4.7897979079e-01 1.0169586349e+00 -5.4307323639e+00
204 168 181
2 5 449 57.8600 135.9000 8 436 -25.2600 -6.7700
4.7897979079e-01 1.0169586349e+00 -5.4307323639e+00
204 168 181
2 5 450 57.8600 135.9000 8 437 -25.2600 -6.7700
2.7511367665e+00 -2.9335358406e+00 -8.9811240994e+00
81 74 89
2 5 470 116.5300 -221.7000 8 1130 -28.5000 225.8500
2.0561967853e+00 -6.6432068162e-01 -6.0005880322e+00
159 131 35
2 5 522 198.3100 -99.4400 8 1056 -106.0900 194.7000
2.0561967853e+00 -6.6432068162e-01 -6.0005880322e+00
159 131 35
2 5 523 198.3100 -99.4400 8 1055 -106.0900 194.7000
2.3285445942e+00 -3.1729057026e-01 -5.2493965865e+00
226 180 196
2 5 539 283.6200 -75.9700 8 763 -177.6600 214.4400
2.3345452491e+00 -2.6224418439e-01 -5.2302408266e+00
229 182 199
3 5 542 286.5600 -69.4300 8 1093 -181.7700 210.5300 4 858 307.7800 39.7200
2.3461379605e+00 4.4525815461e-02 -5.2114167989e+00
229 167 175
3 5 558 294.7500 -28.3500 8 1026 -199.5000 180.3500 4 1336 285.0500 67.3600
2.3461379605e+00 4.4525815461e-02 -5.2114167989e+00
229 167 175
3 5 559 294.7500 -28.3500 8 1025 -199.5000 180.3500 4 1337 285.0500 67.3600
2.3866245131e+00 1.8405169960e-01 -5.1177584922e+00
208 43 65
3 5 570 309.3800 -10.5500 8 1014 -216.0500 172.5300 4 891 281.8200 88.1000
2.3836613273e+00 2.7352797601e-01 -5.0791854492e+00
190 71 99
2 5 578 313.6400 0.8600 8 995 -222.7400 164.7300
-1.8801558171e+00 3.9803471888e-01 -1.1484484454e+01
41 29 37
2 5 606 -204.5100 61.3900 8 586 197.9600 -114.1100
-1.7834575736e+00 4.5485075491e-01 -1.1329587110e+01
39 29 37
2 5 608 -198.8900 64.7600 8 585 192.2400 -114.6000
-7.8832088564e-01 5.9045429545e-01 -4.4823267386e+00
177 111 130
2 5 624 -136.4600 107.9300 8 634 176.5900 38.4700
4.6086832498e-01 8.3811314871e-01 -5.4047742476e+00
183 112 129
2 5 627 53.8200 110.7300 8 845 -14.9900 15.9800
6.1225303748e-01 9.0898616630e-01 -5.4352845534e+00
134 8 22
2 5 629 75.0000 117.7700 8 615 -36.2400 11.8400
2.6482898087e+00 -2.7382067621e+00 -9.3134241078e+00
41 31 41
2 5 667 102.5200 -198.8800 8 1067 -22.8300 200.9700
2.0294410238e+00 -7.9118342926e-01 -6.1028327070e+00
205 177 65
3 5 734 188.4000 -110.5900 8 1063 -95.6200 199.5000 4 1212 272.1800 -84.4200
2.3442485035e+00 -2.1489820773e-01 -5.2186951543e+00
235 185 202
2 5 772 289.4300 -63.1000 8 1082 -186.0100 206.5400
2.3375666212e+00 -1.3250084836e-01 -5.2267678601e+00
230 182 190
2 5 783 289.4300 -51.8600 8 1059 -189.1300 197.4000
2.3602509327e+00 6.0400070750e-03 -5.1716186786e+00
190 82 110
3 5 799 298.8200 -34.4700 8 1038 -200.9800 187.3800 4 1338 291.4500 68.1000
2.3602509327e+00 6.0400070750e-03 -5.1716186786e+00
190 82 110
3 5 800 298.8200 -34.4700 8 1037 -200.9800 187.3800 4 1339 291.4500 68.1000
2.3885644570e+00 1.6336546597e-01 -5.1005679657e+00
232 168 187
3 5 829 310.7300 -13.6900 8 1020 -216.1200 175.7800 4 1371 285.1500 87.8200
2.3811703607e+00 2.0598897037e-01 -5.0714437407e+00
249 156 168
2 5 835 312.9400 -8.5400 8 1016 -219.3000 172.5300
2.3811703607e+00 2.0598897037e-01 -5.0714437407e+00
249 156 168
2 5 836 312.9400 -8.5400 8 1015 -219.3000 172.5300
9.9228145551e-01 1.4301845349e+00 -5.5684389995e+00
190 117 131
2 5 917 125.5000 180.3400 8 819 -103.8100 -41.3000
2.3392211024e+00 -1.9399177181e-01 -5.2338310499e+00
227 157 174
2 5 126 287.8900 -60.4300 4 185 302.1300 45.3500
2.3236056357e+00 -1.3363690529e-01 -5.2793527119e+00
217 38 44
2 5 129 283.4500 -51.6300 4 187 293.2400 46.4200
2.3706692527e+00 8.2935727828e-02 -5.1523763512e+00
231 165 180
2 5 136 302.9800 -24.1600 4 267 287.2800 76.1300
2.3706692527e+00 8.2935727828e-02 -5.1523763512e+00
231 165 180
2 5 137 302.9800 -24.1600 4 266 287.2800 76.1300
2.3462530093e+00 -1.1868897118e-01 -5.2077042782e+00
220 180 189
2 5 186 292.0900 -50.8300 4 255 298.5300 54.0200
2.3826988400e+00 3.4919793031e-02 -5.1163898938e+00
208 46 66
2 5 267 306.2900 -31.8400 4 561 294.0100 75.9100
2.3960089995e+00 1.3891004724e-01 -5.0904816159e+00
212 43 79
2 5 387 312.0600 -17.3500 4 887 288.1300 86.7000
2.0782081074e+00 -4.5987689730e-01 -5.9248622433e+00
154 125 24
2 5 538 207.9400 -77.2300 4 807 262.3500 -42.4500
2.0700028985e+00 -1.8188676035e-01 -5.8861238128e+00
164 134 26
2 5 548 213.4800 -44.4000 4 814 243.8800 -17.6900
2.2473175950e+00 -1.8729181520e-01 -5.4808683701e+00
175 143 24
2 5 781 259.4000 -53.6100 4 1295 280.3400 21.9100
2.2473175950e+00 -1.8729181520e-01 -5.4808683701e+00
175 143 24
2 5 782 259.4000 -53.6100 4 1294 280.3400 21.9100
2.3574811947e+00 -3.8932571232e-02 -5.1870934346e+00
195 79 113
2 5 790 296.3700 -40.5300 4 1324 293.8600 62.8900
2.3574811947e+00 -3.8932571232e-02 -5.1870934346e+00
195 79 113
2 5 791 296.3700 -40.5300 4 1325 293.8600 62.8900
2.3533696417e+00 6.2516029847e-02 -5.1887093319e+00
199 74 90
2 5 811 297.6200 -26.4300 4 1341 285.7600 70.9600
2.4517077218e+00 3.5382033505e-01 -4.9548477104e+00
250 148 75
2 8 242 -242.1700 164.5500 4 389 282.4500 118.1900
2.3478998820e+00 9.8413881978e-02 -5.2093809539e+00
255 60 100
2 8 244 -202.6300 174.7800 4 196 280.8000 72.2500
2.4114604490e+00 2.1388567900e-01 -5.0522339959e+00
255 64 106
2 8 349 -224.3200 173.1900 4 383 285.4500 96.9200
2.3945005453e+00 1.5527481299e-01 -5.0662654818e+00
255 65 107
2 8 358 -217.9700 179.2200 4 379 288.3600 90.8800
-6.8708494960e-01 1.2042694133e+00 -6.8920345092e+00
67 52 60
2 8 425 116.5000 -106.2200 4 306 -119.3500 -211.5200
2.4728261316e+00 3.9188848320e-01 -4.9143456928e+00
228 109 50
2 8 518 -249.2200 163.0500 4 593 282.9400 125.2400
2.4035089107e+00 2.6881359311e-01 -5.0726855339e+00
255 198 213
2 8 999 -225.3400 165.6000 4 1392 279.2000 99.6600
2.3948062456e+00 2.1214398230e-01 -5.1114143161e+00
248 69 109
2 8 1009 -218.9200 169.6000 4 1375 280.0200 91.5500
